#
# There is insufficient memory for the Java Runtime Environment to continue.
# Native memory allocation (malloc) failed to allocate 3077456 bytes for Chunk::new
# Possible reasons:
#   The system is out of physical RAM or swap space
#   The process is running with CompressedOops enabled, and the Java Heap may be blocking the growth of the native heap
# Possible solutions:
#   Reduce memory load on the system
#   Increase physical memory or swap space
#   Check if swap backing store is full
#   Decrease Java heap size (-Xmx/-Xms)
#   Decrease number of Java threads
#   Decrease Java thread stack sizes (-Xss)
#   Set larger code cache with -XX:ReservedCodeCacheSize=
#   JVM is running with Unscaled Compressed Oops mode in which the Java heap is
#     placed in the first 4GB address space. The Java Heap base address is the
#     maximum limit for the native heap growth. Please use -XX:HeapBaseMinAddress
#     to set the Java Heap base and to place the Java Heap above 4GB virtual address.
# This output file may be truncated or incomplete.
#
#  Out of Memory Error (arena.cpp:189), pid=14312, tid=6464
#
# JRE version: Java(TM) SE Runtime Environment (17.0.12+8) (build 17.0.12+8-LTS-286)
# Java VM: Java HotSpot(TM) 64-Bit Server VM (17.0.12+8-LTS-286, mixed mode, sharing, tiered, compressed oops, compressed class ptrs, g1 gc, windows-amd64)
# No core dump will be written. Minidumps are not enabled by default on client versions of Windows
#

---------------  S U M M A R Y ------------

Command Line: -Dorg.gradle.internal.worker.tmpdir=C:\Users\User\Desktop\Almas_Java_Practika\chatGTP\fooddelivery\fooddelivery\build\tmp\test\work -Dorg.gradle.native=false -Xmx512m -Dfile.encoding=windows-1251 -Duser.country=RU -Duser.language=ru -Duser.variant -ea worker.org.gradle.process.internal.worker.GradleWorkerMain 'Gradle Test Executor 1'

Host: Intel(R) Core(TM) i5 CPU       M 480  @ 2.67GHz, 4 cores, 3G,  Windows 10 , 64 bit Build 19041 (10.0.19041.5915)
Time: Tue Apr 21 10:42:22 2026  Windows 10 , 64 bit Build 19041 (10.0.19041.5915) elapsed time: 38.204948 seconds (0d 0h 0m 38s)

---------------  T H R E A D  ---------------

Current thread (0x0000017b72e5aa40):  JavaThread "C2 CompilerThread0" daemon [_thread_in_native, id=6464, stack(0x00000073dba00000,0x00000073dbb00000)]


Current CompileTask:
C2:  38206 4130   !   4       com.sun.crypto.provider.PBKDF2KeyImpl::deriveKey (302 bytes)

Stack: [0x00000073dba00000,0x00000073dbb00000]
Native frames: (J=compiled Java code, j=interpreted, Vv=VM code, C=native code)
V  [jvm.dll+0x67a04a]
V  [jvm.dll+0x7da4ed]
V  [jvm.dll+0x7dbe33]
V  [jvm.dll+0x7dc4a3]
V  [jvm.dll+0x24508f]
V  [jvm.dll+0xab773]
V  [jvm.dll+0xabd3c]
V  [jvm.dll+0x361b9f]
V  [jvm.dll+0x1ba64a]
V  [jvm.dll+0x216997]
V  [jvm.dll+0x215c6f]
V  [jvm.dll+0x1a2960]
V  [jvm.dll+0x22610b]
V  [jvm.dll+0x2242ab]
V  [jvm.dll+0x79075c]
V  [jvm.dll+0x78abea]
V  [jvm.dll+0x678f35]
C  [ucrtbase.dll+0x21bb2]
C  [KERNEL32.DLL+0x17374]
C  [ntdll.dll+0x4cc91]


---------------  P R O C E S S  ---------------

Threads class SMR info:
_java_thread_list=0x0000017b7821e1b0, length=18, elements={
0x0000017b58e49fe0, 0x0000017b72e44170, 0x0000017b72e45600, 0x0000017b72e54be0,
0x0000017b72e589d0, 0x0000017b72e59390, 0x0000017b72e59d50, 0x0000017b72e5aa40,
0x0000017b72e5cd20, 0x0000017b72eccde0, 0x0000017b770d03a0, 0x0000017b770de520,
0x0000017b77667e90, 0x0000017b77667550, 0x0000017b778dd970, 0x0000017b7913eca0,
0x0000017b7913e790, 0x0000017b7913d860
}

Java Threads: ( => current thread )
  0x0000017b58e49fe0 JavaThread "Test worker" [_thread_in_native, id=13388, stack(0x00000073dad00000,0x00000073dae00000)]
  0x0000017b72e44170 JavaThread "Reference Handler" daemon [_thread_blocked, id=12904, stack(0x00000073db400000,0x00000073db500000)]
  0x0000017b72e45600 JavaThread "Finalizer" daemon [_thread_blocked, id=2900, stack(0x00000073db500000,0x00000073db600000)]
  0x0000017b72e54be0 JavaThread "Signal Dispatcher" daemon [_thread_blocked, id=5996, stack(0x00000073db600000,0x00000073db700000)]
  0x0000017b72e589d0 JavaThread "Attach Listener" daemon [_thread_blocked, id=4240, stack(0x00000073db700000,0x00000073db800000)]
  0x0000017b72e59390 JavaThread "Service Thread" daemon [_thread_blocked, id=14216, stack(0x00000073db800000,0x00000073db900000)]
  0x0000017b72e59d50 JavaThread "Monitor Deflation Thread" daemon [_thread_blocked, id=1584, stack(0x00000073db900000,0x00000073dba00000)]
=>0x0000017b72e5aa40 JavaThread "C2 CompilerThread0" daemon [_thread_in_native, id=6464, stack(0x00000073dba00000,0x00000073dbb00000)]
  0x0000017b72e5cd20 JavaThread "C1 CompilerThread0" daemon [_thread_blocked, id=12524, stack(0x00000073dbb00000,0x00000073dbc00000)]
  0x0000017b72eccde0 JavaThread "Sweeper thread" daemon [_thread_blocked, id=10048, stack(0x00000073dbc00000,0x00000073dbd00000)]
  0x0000017b770d03a0 JavaThread "Notification Thread" daemon [_thread_blocked, id=6344, stack(0x00000073dbd00000,0x00000073dbe00000)]
  0x0000017b770de520 JavaThread "Common-Cleaner" daemon [_thread_blocked, id=6088, stack(0x00000073dbf00000,0x00000073dc000000)]
  0x0000017b77667e90 JavaThread "/127.0.0.1:53101 to /127.0.0.1:53096 workers" [_thread_blocked, id=8872, stack(0x00000073dc400000,0x00000073dc500000)]
  0x0000017b77667550 JavaThread "/127.0.0.1:53101 to /127.0.0.1:53096 workers Thread 2" [_thread_blocked, id=5008, stack(0x00000073dc500000,0x00000073dc600000)]
  0x0000017b778dd970 JavaThread "/127.0.0.1:53101 to /127.0.0.1:53096 workers Thread 3" [_thread_in_native, id=4876, stack(0x00000073dc600000,0x00000073dc700000)]
  0x0000017b7913eca0 JavaThread "PostgreSQL-JDBC-Cleaner" daemon [_thread_blocked, id=11016, stack(0x00000073dab00000,0x00000073dac00000)]
  0x0000017b7913e790 JavaThread "HikariPool-1 housekeeper" daemon [_thread_blocked, id=14228, stack(0x00000073dc700000,0x00000073dc800000)]
  0x0000017b7913d860 JavaThread "HikariPool-1 connection adder" daemon [_thread_blocked, id=3792, stack(0x00000073dc800000,0x00000073dc900000)]

Other Threads:
  0x0000017b72e3f140 VMThread "VM Thread" [stack: 0x00000073db300000,0x00000073db400000] [id=10624]
  0x0000017b770da280 WatcherThread [stack: 0x00000073dbe00000,0x00000073dbf00000] [id=13708]
  0x0000017b58e77fb0 GCTaskThread "GC Thread#0" [stack: 0x00000073dae00000,0x00000073daf00000] [id=13904]
  0x0000017b770735d0 GCTaskThread "GC Thread#1" [stack: 0x00000073dc000000,0x00000073dc100000] [id=12084]
  0x0000017b77081020 GCTaskThread "GC Thread#2" [stack: 0x00000073dc100000,0x00000073dc200000] [id=11596]
  0x0000017b770812e0 GCTaskThread "GC Thread#3" [stack: 0x00000073dc200000,0x00000073dc300000] [id=3764]
  0x0000017b58e7e310 ConcurrentGCThread "G1 Main Marker" [stack: 0x00000073daf00000,0x00000073db000000] [id=8296]
  0x0000017b58e7ed20 ConcurrentGCThread "G1 Conc#0" [stack: 0x00000073db000000,0x00000073db100000] [id=14152]
  0x0000017b58e9e1d0 ConcurrentGCThread "G1 Refine#0" [stack: 0x00000073db100000,0x00000073db200000] [id=13788]
  0x0000017b58e9ec00 ConcurrentGCThread "G1 Service" [stack: 0x00000073db200000,0x00000073db300000] [id=2216]

Threads with active compile tasks:
C2 CompilerThread0    38364 4130   !   4       com.sun.crypto.provider.PBKDF2KeyImpl::deriveKey (302 bytes)

VM state: not at safepoint (normal execution)

VM Mutex/Monitor currently owned by a thread: None

Heap address: 0x00000000e0000000, size: 512 MB, Compressed Oops mode: 32-bit

CDS archive(s) mapped at: [0x0000017b00000000-0x0000017b00bd0000-0x0000017b00bd0000), size 12386304, SharedBaseAddress: 0x0000017b00000000, ArchiveRelocationMode: 1.
Compressed class space mapped at: 0x0000017b01000000-0x0000017b41000000, reserved size: 1073741824
Narrow klass base: 0x0000017b00000000, Narrow klass shift: 0, Narrow klass range: 0x100000000

GC Precious Log:
 CPUs: 4 total, 4 available
 Memory: 3764M
 Large Page Support: Disabled
 NUMA Support: Disabled
 Compressed Oops: Enabled (32-bit)
 Heap Region Size: 1M
 Heap Min Capacity: 8M
 Heap Initial Capacity: 60M
 Heap Max Capacity: 512M
 Pre-touch: Disabled
 Parallel Workers: 4
 Concurrent Workers: 1
 Concurrent Refinement Workers: 4
 Periodic GC: Disabled

Heap:
 garbage-first heap   total 55296K, used 37691K [0x00000000e0000000, 0x0000000100000000)
  region size 1024K, 20 young (20480K), 1 survivors (1024K)
 Metaspace       used 39049K, committed 39552K, reserved 1114112K
  class space    used 5265K, committed 5504K, reserved 1048576K

Heap Regions: E=young(eden), S=young(survivor), O=old, HS=humongous(starts), HC=humongous(continues), CS=collection set, F=free, OA=open archive, CA=closed archive, TAMS=top-at-mark-start (previous, next)
|   0|0x00000000e0000000, 0x00000000e0100000, 0x00000000e0100000|100%|HS|  |TAMS 0x00000000e0100000, 0x00000000e0000000| Complete 
|   1|0x00000000e0100000, 0x00000000e0200000, 0x00000000e0200000|100%| O|  |TAMS 0x00000000e0200000, 0x00000000e0100000| Untracked 
|   2|0x00000000e0200000, 0x00000000e0300000, 0x00000000e0300000|100%| O|  |TAMS 0x00000000e0300000, 0x00000000e0200000| Untracked 
|   3|0x00000000e0300000, 0x00000000e0400000, 0x00000000e0400000|100%| O|  |TAMS 0x00000000e0400000, 0x00000000e0300000| Untracked 
|   4|0x00000000e0400000, 0x00000000e0500000, 0x00000000e0500000|100%| O|  |TAMS 0x00000000e0500000, 0x00000000e0400000| Untracked 
|   5|0x00000000e0500000, 0x00000000e0600000, 0x00000000e0600000|100%| O|  |TAMS 0x00000000e0600000, 0x00000000e0500000| Untracked 
|   6|0x00000000e0600000, 0x00000000e0700000, 0x00000000e0700000|100%| O|  |TAMS 0x00000000e0700000, 0x00000000e0600000| Untracked 
|   7|0x00000000e0700000, 0x00000000e0800000, 0x00000000e0800000|100%| O|  |TAMS 0x00000000e0800000, 0x00000000e0700000| Untracked 
|   8|0x00000000e0800000, 0x00000000e0900000, 0x00000000e0900000|100%| O|  |TAMS 0x00000000e0900000, 0x00000000e0800000| Untracked 
|   9|0x00000000e0900000, 0x00000000e0a00000, 0x00000000e0a00000|100%| O|  |TAMS 0x00000000e0a00000, 0x00000000e0900000| Untracked 
|  10|0x00000000e0a00000, 0x00000000e0b00000, 0x00000000e0b00000|100%| O|  |TAMS 0x00000000e0b00000, 0x00000000e0a00000| Untracked 
|  11|0x00000000e0b00000, 0x00000000e0bb2200, 0x00000000e0c00000| 69%| O|  |TAMS 0x00000000e0bb2200, 0x00000000e0b00000| Untracked 
|  12|0x00000000e0c00000, 0x00000000e0d00000, 0x00000000e0d00000|100%| O|  |TAMS 0x00000000e0d00000, 0x00000000e0c00000| Untracked 
|  13|0x00000000e0d00000, 0x00000000e0e00000, 0x00000000e0e00000|100%| O|  |TAMS 0x00000000e0e00000, 0x00000000e0d00000| Untracked 
|  14|0x00000000e0e00000, 0x00000000e0f00000, 0x00000000e0f00000|100%| O|  |TAMS 0x00000000e0f00000, 0x00000000e0e00000| Untracked 
|  15|0x00000000e0f00000, 0x00000000e1000000, 0x00000000e1000000|100%| O|  |TAMS 0x00000000e0f6e400, 0x00000000e0f00000| Untracked 
|  16|0x00000000e1000000, 0x00000000e1100000, 0x00000000e1100000|100%| O|  |TAMS 0x00000000e1000000, 0x00000000e1000000| Untracked 
|  17|0x00000000e1100000, 0x00000000e1200000, 0x00000000e1200000|100%| O|  |TAMS 0x00000000e1100000, 0x00000000e1100000| Untracked 
|  18|0x00000000e1200000, 0x00000000e1300000, 0x00000000e1300000|100%| O|  |TAMS 0x00000000e1200000, 0x00000000e1200000| Untracked 
|  19|0x00000000e1300000, 0x00000000e131ca00, 0x00000000e1400000| 11%| O|  |TAMS 0x00000000e1300000, 0x00000000e1300000| Untracked 
|  20|0x00000000e1400000, 0x00000000e1400000, 0x00000000e1500000|  0%| F|  |TAMS 0x00000000e1400000, 0x00000000e1400000| Untracked 
|  21|0x00000000e1500000, 0x00000000e1500000, 0x00000000e1600000|  0%| F|  |TAMS 0x00000000e1500000, 0x00000000e1500000| Untracked 
|  22|0x00000000e1600000, 0x00000000e1600000, 0x00000000e1700000|  0%| F|  |TAMS 0x00000000e1600000, 0x00000000e1600000| Untracked 
|  23|0x00000000e1700000, 0x00000000e1700000, 0x00000000e1800000|  0%| F|  |TAMS 0x00000000e1700000, 0x00000000e1700000| Untracked 
|  24|0x00000000e1800000, 0x00000000e1800000, 0x00000000e1900000|  0%| F|  |TAMS 0x00000000e1800000, 0x00000000e1800000| Untracked 
|  25|0x00000000e1900000, 0x00000000e1900000, 0x00000000e1a00000|  0%| F|  |TAMS 0x00000000e1900000, 0x00000000e1900000| Untracked 
|  26|0x00000000e1a00000, 0x00000000e1a00000, 0x00000000e1b00000|  0%| F|  |TAMS 0x00000000e1a00000, 0x00000000e1a00000| Untracked 
|  27|0x00000000e1b00000, 0x00000000e1b00000, 0x00000000e1c00000|  0%| F|  |TAMS 0x00000000e1b00000, 0x00000000e1b00000| Untracked 
|  28|0x00000000e1c00000, 0x00000000e1c00000, 0x00000000e1d00000|  0%| F|  |TAMS 0x00000000e1c00000, 0x00000000e1c00000| Untracked 
|  29|0x00000000e1d00000, 0x00000000e1d00000, 0x00000000e1e00000|  0%| F|  |TAMS 0x00000000e1d00000, 0x00000000e1d00000| Untracked 
|  30|0x00000000e1e00000, 0x00000000e1e00000, 0x00000000e1f00000|  0%| F|  |TAMS 0x00000000e1e00000, 0x00000000e1e00000| Untracked 
|  31|0x00000000e1f00000, 0x00000000e1f00000, 0x00000000e2000000|  0%| F|  |TAMS 0x00000000e1f00000, 0x00000000e1f00000| Untracked 
|  32|0x00000000e2000000, 0x00000000e2000000, 0x00000000e2100000|  0%| F|  |TAMS 0x00000000e2000000, 0x00000000e2000000| Untracked 
|  33|0x00000000e2100000, 0x00000000e2100000, 0x00000000e2200000|  0%| F|  |TAMS 0x00000000e2100000, 0x00000000e2100000| Untracked 
|  34|0x00000000e2200000, 0x00000000e2300000, 0x00000000e2300000|100%| S|CS|TAMS 0x00000000e2200000, 0x00000000e2200000| Complete 
|  35|0x00000000e2300000, 0x00000000e23bbab0, 0x00000000e2400000| 73%| E|  |TAMS 0x00000000e2300000, 0x00000000e2300000| Complete 
|  36|0x00000000e2400000, 0x00000000e2500000, 0x00000000e2500000|100%| E|CS|TAMS 0x00000000e2400000, 0x00000000e2400000| Complete 
|  37|0x00000000e2500000, 0x00000000e2600000, 0x00000000e2600000|100%| E|CS|TAMS 0x00000000e2500000, 0x00000000e2500000| Complete 
|  38|0x00000000e2600000, 0x00000000e2700000, 0x00000000e2700000|100%| E|CS|TAMS 0x00000000e2600000, 0x00000000e2600000| Complete 
|  39|0x00000000e2700000, 0x00000000e2800000, 0x00000000e2800000|100%| E|CS|TAMS 0x00000000e2700000, 0x00000000e2700000| Complete 
|  40|0x00000000e2800000, 0x00000000e2900000, 0x00000000e2900000|100%| E|  |TAMS 0x00000000e2800000, 0x00000000e2800000| Complete 
|  41|0x00000000e2900000, 0x00000000e2a00000, 0x00000000e2a00000|100%| E|CS|TAMS 0x00000000e2900000, 0x00000000e2900000| Complete 
|  42|0x00000000e2a00000, 0x00000000e2b00000, 0x00000000e2b00000|100%| E|CS|TAMS 0x00000000e2a00000, 0x00000000e2a00000| Complete 
|  43|0x00000000e2b00000, 0x00000000e2c00000, 0x00000000e2c00000|100%| E|CS|TAMS 0x00000000e2b00000, 0x00000000e2b00000| Complete 
|  44|0x00000000e2c00000, 0x00000000e2d00000, 0x00000000e2d00000|100%| E|CS|TAMS 0x00000000e2c00000, 0x00000000e2c00000| Complete 
|  45|0x00000000e2d00000, 0x00000000e2e00000, 0x00000000e2e00000|100%| E|CS|TAMS 0x00000000e2d00000, 0x00000000e2d00000| Complete 
|  46|0x00000000e2e00000, 0x00000000e2f00000, 0x00000000e2f00000|100%| E|CS|TAMS 0x00000000e2e00000, 0x00000000e2e00000| Complete 
|  47|0x00000000e2f00000, 0x00000000e3000000, 0x00000000e3000000|100%| E|CS|TAMS 0x00000000e2f00000, 0x00000000e2f00000| Complete 
|  48|0x00000000e3000000, 0x00000000e3100000, 0x00000000e3100000|100%| E|CS|TAMS 0x00000000e3000000, 0x00000000e3000000| Complete 
|  49|0x00000000e3100000, 0x00000000e3200000, 0x00000000e3200000|100%| E|CS|TAMS 0x00000000e3100000, 0x00000000e3100000| Complete 
|  50|0x00000000e3200000, 0x00000000e3300000, 0x00000000e3300000|100%| E|CS|TAMS 0x00000000e3200000, 0x00000000e3200000| Complete 
|  51|0x00000000e3300000, 0x00000000e3400000, 0x00000000e3400000|100%| E|CS|TAMS 0x00000000e3300000, 0x00000000e3300000| Complete 
|  52|0x00000000e3400000, 0x00000000e3500000, 0x00000000e3500000|100%| E|CS|TAMS 0x00000000e3400000, 0x00000000e3400000| Complete 
|  59|0x00000000e3b00000, 0x00000000e3c00000, 0x00000000e3c00000|100%| E|CS|TAMS 0x00000000e3b00000, 0x00000000e3b00000| Complete 

Card table byte_map: [0x0000017b6f690000,0x0000017b6f790000] _byte_map_base: 0x0000017b6ef90000

Marking Bits (Prev, Next): (CMBitMap*) 0x0000017b58e785d0, (CMBitMap*) 0x0000017b58e78610
 Prev Bits: [0x0000017b6f890000, 0x0000017b70090000)
 Next Bits: [0x0000017b70090000, 0x0000017b70890000)

Polling page: 0x0000017b56bf0000

Metaspace:

Usage:
  Non-class:     32.99 MB used.
      Class:      5.14 MB used.
       Both:     38.14 MB used.

Virtual space:
  Non-class space:       64.00 MB reserved,      33.25 MB ( 52%) committed,  1 nodes.
      Class space:        1.00 GB reserved,       5.38 MB ( <1%) committed,  1 nodes.
             Both:        1.06 GB reserved,      38.62 MB (  4%) committed. 

Chunk freelists:
   Non-Class:  14.80 MB
       Class:  10.47 MB
        Both:  25.27 MB

MaxMetaspaceSize: unlimited
CompressedClassSpaceSize: 1.00 GB
Initial GC threshold: 21.00 MB
Current GC threshold: 59.38 MB
CDS: on
MetaspaceReclaimPolicy: balanced
 - commit_granule_bytes: 65536.
 - commit_granule_words: 8192.
 - virtual_space_node_default_size: 8388608.
 - enlarge_chunks_in_place: 1.
 - new_chunks_are_fully_committed: 0.
 - uncommit_free_chunks: 1.
 - use_allocation_guard: 0.
 - handle_deallocations: 1.


Internal statistics:

num_allocs_failed_limit: 8.
num_arena_births: 528.
num_arena_deaths: 0.
num_vsnodes_births: 2.
num_vsnodes_deaths: 0.
num_space_committed: 618.
num_space_uncommitted: 0.
num_chunks_returned_to_freelist: 8.
num_chunks_taken_from_freelist: 1967.
num_chunk_merges: 8.
num_chunk_splits: 1354.
num_chunks_enlarged: 1003.
num_inconsistent_stats: 0.

CodeHeap 'non-profiled nmethods': size=120000Kb used=2237Kb max_used=2237Kb free=117762Kb
 bounds [0x0000017b68160000, 0x0000017b683d0000, 0x0000017b6f690000]
CodeHeap 'profiled nmethods': size=120000Kb used=9344Kb max_used=9344Kb free=110655Kb
 bounds [0x0000017b60690000, 0x0000017b60fc0000, 0x0000017b67bc0000]
CodeHeap 'non-nmethods': size=5760Kb used=1236Kb max_used=1305Kb free=4523Kb
 bounds [0x0000017b67bc0000, 0x0000017b67e30000, 0x0000017b68160000]
 total_blobs=4783 nmethods=4226 adapters=469
 compilation: enabled
              stopped_count=0, restarted_count=0
 full_count=0

Compilation events (20 events):
Event: 37.844 Thread 0x0000017b72e5cd20 4244       2       ch.qos.logback.core.pattern.FormattingConverter::write (154 bytes)
Event: 37.846 Thread 0x0000017b72e5cd20 nmethod 4244 0x0000017b60fa9590 code [0x0000017b60fa9800, 0x0000017b60fa9d18]
Event: 37.917 Thread 0x0000017b72e5cd20 4246       3       java.util.LinkedHashSet::<init> (10 bytes)
Event: 37.917 Thread 0x0000017b72e5cd20 nmethod 4246 0x0000017b60faa090 code [0x0000017b60faa260, 0x0000017b60faa3a8]
Event: 38.015 Thread 0x0000017b72e5cd20 4247       2       jdk.internal.reflect.Reflection::verifyModuleAccess (24 bytes)
Event: 38.017 Thread 0x0000017b72e5cd20 nmethod 4247 0x0000017b60faa490 code [0x0000017b60faa660, 0x0000017b60faa978]
Event: 38.017 Thread 0x0000017b72e5cd20 4249       1       java.util.Collections$EmptyEnumeration::hasMoreElements (2 bytes)
Event: 38.017 Thread 0x0000017b72e5cd20 nmethod 4249 0x0000017b6838f210 code [0x0000017b6838f3a0, 0x0000017b6838f478]
Event: 38.017 Thread 0x0000017b72e5cd20 4248       2       java.util.stream.AbstractPipeline::spliterator (116 bytes)
Event: 38.018 Thread 0x0000017b72e5cd20 nmethod 4248 0x0000017b60faab10 code [0x0000017b60faad20, 0x0000017b60fab1a8]
Event: 38.018 Thread 0x0000017b72e5cd20 4250       2       jdk.internal.loader.BuiltinClassLoader$1::hasMoreElements (5 bytes)
Event: 38.018 Thread 0x0000017b72e5cd20 nmethod 4250 0x0000017b60fab410 code [0x0000017b60fab5a0, 0x0000017b60fab6c8]
Event: 38.019 Thread 0x0000017b72e5cd20 4251       2       java.util.zip.ZipFile$Source::getEntryPos (9 bytes)
Event: 38.020 Thread 0x0000017b72e5cd20 nmethod 4251 0x0000017b60fab790 code [0x0000017b60fab920, 0x0000017b60faba58]
Event: 38.188 Thread 0x0000017b72e5cd20 4252       2       org.postgresql.core.PGStream::receiveCanonicalStringIfPresent (45 bytes)
Event: 38.190 Thread 0x0000017b72e5cd20 nmethod 4252 0x0000017b60fabb10 code [0x0000017b60fabcc0, 0x0000017b60fabe88]
Event: 38.190 Thread 0x0000017b72e5cd20 4253       2       org.postgresql.core.Encoding::decodeCanonicalizedIfPresent (35 bytes)
Event: 38.191 Thread 0x0000017b72e5cd20 nmethod 4253 0x0000017b60fac010 code [0x0000017b60fac1c0, 0x0000017b60fac378]
Event: 38.191 Thread 0x0000017b72e5cd20 4254       2       org.postgresql.core.AsciiStringInterner::getStringIfPresent (100 bytes)
Event: 38.193 Thread 0x0000017b72e5cd20 nmethod 4254 0x0000017b60fac490 code [0x0000017b60fac6c0, 0x0000017b60facd88]

GC Heap History (20 events):
Event: 7.451 GC heap before
{Heap before GC invocations=0 (full 0):
 garbage-first heap   total 61440K, used 13312K [0x00000000e0000000, 0x0000000100000000)
  region size 1024K, 13 young (13312K), 0 survivors (0K)
 Metaspace       used 3333K, committed 3520K, reserved 1114112K
  class space    used 403K, committed 512K, reserved 1048576K
}
Event: 7.479 GC heap after
{Heap after GC invocations=1 (full 0):
 garbage-first heap   total 61440K, used 7645K [0x00000000e0000000, 0x0000000100000000)
  region size 1024K, 2 young (2048K), 2 survivors (2048K)
 Metaspace       used 3333K, committed 3520K, reserved 1114112K
  class space    used 403K, committed 512K, reserved 1048576K
}
Event: 10.336 GC heap before
{Heap before GC invocations=1 (full 0):
 garbage-first heap   total 61440K, used 16861K [0x00000000e0000000, 0x0000000100000000)
  region size 1024K, 11 young (11264K), 2 survivors (2048K)
 Metaspace       used 5941K, committed 6208K, reserved 1114112K
  class space    used 753K, committed 896K, reserved 1048576K
}
Event: 10.345 GC heap after
{Heap after GC invocations=2 (full 0):
 garbage-first heap   total 61440K, used 9150K [0x00000000e0000000, 0x0000000100000000)
  region size 1024K, 2 young (2048K), 2 survivors (2048K)
 Metaspace       used 5941K, committed 6208K, reserved 1114112K
  class space    used 753K, committed 896K, reserved 1048576K
}
Event: 15.088 GC heap before
{Heap before GC invocations=2 (full 0):
 garbage-first heap   total 61440K, used 25534K [0x00000000e0000000, 0x0000000100000000)
  region size 1024K, 18 young (18432K), 2 survivors (2048K)
 Metaspace       used 9584K, committed 9856K, reserved 1114112K
  class space    used 1285K, committed 1408K, reserved 1048576K
}
Event: 15.096 GC heap after
{Heap after GC invocations=3 (full 0):
 garbage-first heap   total 61440K, used 10518K [0x00000000e0000000, 0x0000000100000000)
  region size 1024K, 2 young (2048K), 2 survivors (2048K)
 Metaspace       used 9584K, committed 9856K, reserved 1114112K
  class space    used 1285K, committed 1408K, reserved 1048576K
}
Event: 18.979 GC heap before
{Heap before GC invocations=3 (full 0):
 garbage-first heap   total 61440K, used 35094K [0x00000000e0000000, 0x0000000100000000)
  region size 1024K, 27 young (27648K), 2 survivors (2048K)
 Metaspace       used 14689K, committed 14976K, reserved 1114112K
  class space    used 1990K, committed 2112K, reserved 1048576K
}
Event: 18.988 GC heap after
{Heap after GC invocations=4 (full 0):
 garbage-first heap   total 61440K, used 12084K [0x00000000e0000000, 0x0000000100000000)
  region size 1024K, 3 young (3072K), 3 survivors (3072K)
 Metaspace       used 14689K, committed 14976K, reserved 1114112K
  class space    used 1990K, committed 2112K, reserved 1048576K
}
Event: 22.068 GC heap before
{Heap before GC invocations=4 (full 0):
 garbage-first heap   total 61440K, used 38708K [0x00000000e0000000, 0x0000000100000000)
  region size 1024K, 30 young (30720K), 3 survivors (3072K)
 Metaspace       used 19636K, committed 19968K, reserved 1114112K
  class space    used 2749K, committed 2880K, reserved 1048576K
}
Event: 22.083 GC heap after
{Heap after GC invocations=5 (full 0):
 garbage-first heap   total 61440K, used 13551K [0x00000000e0000000, 0x0000000100000000)
  region size 1024K, 4 young (4096K), 4 survivors (4096K)
 Metaspace       used 19636K, committed 19968K, reserved 1114112K
  class space    used 2749K, committed 2880K, reserved 1048576K
}
Event: 23.029 GC heap before
{Heap before GC invocations=5 (full 0):
 garbage-first heap   total 61440K, used 24815K [0x00000000e0000000, 0x0000000100000000)
  region size 1024K, 16 young (16384K), 4 survivors (4096K)
 Metaspace       used 21222K, committed 21504K, reserved 1114112K
  class space    used 2964K, committed 3072K, reserved 1048576K
}
Event: 23.042 GC heap after
{Heap after GC invocations=6 (full 0):
 garbage-first heap   total 61440K, used 14572K [0x00000000e0000000, 0x0000000100000000)
  region size 1024K, 3 young (3072K), 3 survivors (3072K)
 Metaspace       used 21222K, committed 21504K, reserved 1114112K
  class space    used 2964K, committed 3072K, reserved 1048576K
}
Event: 25.746 GC heap before
{Heap before GC invocations=7 (full 0):
 garbage-first heap   total 55296K, used 43244K [0x00000000e0000000, 0x0000000100000000)
  region size 1024K, 32 young (32768K), 3 survivors (3072K)
 Metaspace       used 26051K, committed 26432K, reserved 1114112K
  class space    used 3509K, committed 3712K, reserved 1048576K
}
Event: 25.759 GC heap after
{Heap after GC invocations=8 (full 0):
 garbage-first heap   total 55296K, used 16088K [0x00000000e0000000, 0x0000000100000000)
  region size 1024K, 3 young (3072K), 3 survivors (3072K)
 Metaspace       used 26051K, committed 26432K, reserved 1114112K
  class space    used 3509K, committed 3712K, reserved 1048576K
}
Event: 28.444 GC heap before
{Heap before GC invocations=8 (full 0):
 garbage-first heap   total 55296K, used 38616K [0x00000000e0000000, 0x0000000100000000)
  region size 1024K, 26 young (26624K), 3 survivors (3072K)
 Metaspace       used 29033K, committed 29376K, reserved 1114112K
  class space    used 3911K, committed 4096K, reserved 1048576K
}
Event: 28.457 GC heap after
{Heap after GC invocations=9 (full 0):
 garbage-first heap   total 55296K, used 17161K [0x00000000e0000000, 0x0000000100000000)
  region size 1024K, 3 young (3072K), 3 survivors (3072K)
 Metaspace       used 29033K, committed 29376K, reserved 1114112K
  class space    used 3911K, committed 4096K, reserved 1048576K
}
Event: 31.734 GC heap before
{Heap before GC invocations=9 (full 0):
 garbage-first heap   total 55296K, used 40713K [0x00000000e0000000, 0x0000000100000000)
  region size 1024K, 26 young (26624K), 3 survivors (3072K)
 Metaspace       used 32307K, committed 32704K, reserved 1114112K
  class space    used 4409K, committed 4608K, reserved 1048576K
}
Event: 31.746 GC heap after
{Heap after GC invocations=10 (full 0):
 garbage-first heap   total 55296K, used 19422K [0x00000000e0000000, 0x0000000100000000)
  region size 1024K, 4 young (4096K), 4 survivors (4096K)
 Metaspace       used 32307K, committed 32704K, reserved 1114112K
  class space    used 4409K, committed 4608K, reserved 1048576K
}
Event: 34.756 GC heap before
{Heap before GC invocations=10 (full 0):
 garbage-first heap   total 55296K, used 37854K [0x00000000e0000000, 0x0000000100000000)
  region size 1024K, 23 young (23552K), 4 survivors (4096K)
 Metaspace       used 35837K, committed 36160K, reserved 1114112K
  class space    used 4835K, committed 4992K, reserved 1048576K
}
Event: 34.769 GC heap after
{Heap after GC invocations=11 (full 0):
 garbage-first heap   total 55296K, used 20283K [0x00000000e0000000, 0x0000000100000000)
  region size 1024K, 1 young (1024K), 1 survivors (1024K)
 Metaspace       used 35837K, committed 36160K, reserved 1114112K
  class space    used 4835K, committed 4992K, reserved 1048576K
}

Deoptimization events (20 events):
Event: 37.613 Thread 0x0000017b58e49fe0 Uncommon trap: trap_request=0xfffffff4 fr.pc=0x0000017b68303344 relative=0x0000000000000704
Event: 37.613 Thread 0x0000017b58e49fe0 Uncommon trap: reason=null_check action=make_not_entrant pc=0x0000017b68303344 method=org.springframework.beans.factory.support.DefaultListableBeanFactory.getBeanDefinition(Ljava/lang/String;)Lorg/springframework/beans/factory/config/BeanDefinition; @ 10 
Event: 37.613 Thread 0x0000017b58e49fe0 DEOPT PACKING pc=0x0000017b68303344 sp=0x00000073dadf9850
Event: 37.613 Thread 0x0000017b58e49fe0 DEOPT UNPACKING pc=0x0000017b67c1239d sp=0x00000073dadf9788 mode 2
Event: 37.674 Thread 0x0000017b7913d860 DEOPT PACKING pc=0x0000017b60f4033b sp=0x00000073dc8fe370
Event: 37.674 Thread 0x0000017b7913d860 DEOPT UNPACKING pc=0x0000017b67c12b24 sp=0x00000073dc8fd840 mode 0
Event: 37.732 Thread 0x0000017b58e49fe0 Uncommon trap: trap_request=0xffffff45 fr.pc=0x0000017b68227554 relative=0x0000000000000f74
Event: 37.732 Thread 0x0000017b58e49fe0 Uncommon trap: reason=unstable_if action=reinterpret pc=0x0000017b68227554 method=java.util.zip.ZipCoder.hash(Ljava/lang/String;)I @ 11 c2
Event: 37.732 Thread 0x0000017b58e49fe0 DEOPT PACKING pc=0x0000017b68227554 sp=0x00000073dadfad00
Event: 37.732 Thread 0x0000017b58e49fe0 DEOPT UNPACKING pc=0x0000017b67c1239d sp=0x00000073dadfabb0 mode 2
Event: 37.732 Thread 0x0000017b58e49fe0 Uncommon trap: trap_request=0xffffff45 fr.pc=0x0000017b6827ea84 relative=0x0000000000001384
Event: 37.732 Thread 0x0000017b58e49fe0 Uncommon trap: reason=unstable_if action=reinterpret pc=0x0000017b6827ea84 method=java.net.URL.<init>(Ljava/net/URL;Ljava/lang/String;Ljava/net/URLStreamHandler;)V @ 57 c2
Event: 37.732 Thread 0x0000017b58e49fe0 DEOPT PACKING pc=0x0000017b6827ea84 sp=0x00000073dadfad60
Event: 37.733 Thread 0x0000017b58e49fe0 DEOPT UNPACKING pc=0x0000017b67c1239d sp=0x00000073dadface0 mode 2
Event: 37.733 Thread 0x0000017b58e49fe0 Uncommon trap: trap_request=0xffffff45 fr.pc=0x0000017b6826287c relative=0x00000000000009fc
Event: 37.733 Thread 0x0000017b58e49fe0 Uncommon trap: reason=unstable_if action=reinterpret pc=0x0000017b6826287c method=java.io.WinNTFileSystem.resolve(Ljava/lang/String;Ljava/lang/String;)Ljava/lang/String; @ 19 c2
Event: 37.733 Thread 0x0000017b58e49fe0 DEOPT PACKING pc=0x0000017b6826287c sp=0x00000073dadfac90
Event: 37.733 Thread 0x0000017b58e49fe0 DEOPT UNPACKING pc=0x0000017b67c1239d sp=0x00000073dadfac38 mode 2
Event: 37.949 Thread 0x0000017b7913d860 DEOPT PACKING pc=0x0000017b60f4033b sp=0x00000073dc8fe370
Event: 37.949 Thread 0x0000017b7913d860 DEOPT UNPACKING pc=0x0000017b67c12b24 sp=0x00000073dc8fd840 mode 0

Classes unloaded (0 events):
No events

Classes redefined (0 events):
No events

Internal exceptions (20 events):
Event: 29.975 Thread 0x0000017b58e49fe0 Exception <a 'java/lang/NoSuchMethodError'{0x00000000e2a62f60}: 'java.lang.Object java.lang.invoke.DirectMethodHandle$Holder.invokeSpecial(java.lang.Object, java.lang.Object, int, java.lang.Object, java.lang.Object)'> (0x00000000e2a62f60) 
thrown [s\open\src\hotspot\share\interpreter\linkResolver.cpp, line 759]
Event: 29.976 Thread 0x0000017b58e49fe0 Exception <a 'java/lang/NoSuchMethodError'{0x00000000e2a67158}: 'java.lang.Object java.lang.invoke.DelegatingMethodHandle$Holder.delegate(java.lang.Object, int, java.lang.Object, java.lang.Object)'> (0x00000000e2a67158) 
thrown [s\open\src\hotspot\share\interpreter\linkResolver.cpp, line 759]
Event: 29.985 Thread 0x0000017b58e49fe0 Exception <a 'java/lang/NoSuchMethodError'{0x00000000e2a787d8}: 'int java.lang.invoke.Invokers$Holder.linkToTargetMethod(java.lang.Object, java.lang.Object, java.lang.Object)'> (0x00000000e2a787d8) 
thrown [s\open\src\hotspot\share\interpreter\linkResolver.cpp, line 759]
Event: 30.155 Thread 0x0000017b58e49fe0 Exception <a 'java/lang/NoClassDefFoundError'{0x00000000e29de958}: liquibase/integration/spring/SpringLiquibase> (0x00000000e29de958) 
thrown [s\open\src\hotspot\share\classfile\systemDictionary.cpp, line 245]
Event: 30.201 Thread 0x0000017b58e49fe0 Exception <a 'java/lang/NoClassDefFoundError'{0x00000000e2817e68}: org/springframework/batch/core/repository/JobRepository> (0x00000000e2817e68) 
thrown [s\open\src\hotspot\share\classfile\systemDictionary.cpp, line 245]
Event: 30.202 Thread 0x0000017b58e49fe0 Exception <a 'java/lang/NoClassDefFoundError'{0x00000000e281b4e0}: org/quartz/Scheduler> (0x00000000e281b4e0) 
thrown [s\open\src\hotspot\share\classfile\systemDictionary.cpp, line 245]
Event: 30.203 Thread 0x0000017b58e49fe0 Exception <a 'java/lang/NoClassDefFoundError'{0x00000000e281f1e8}: org/springframework/session/jdbc/JdbcIndexedSessionRepository> (0x00000000e281f1e8) 
thrown [s\open\src\hotspot\share\classfile\systemDictionary.cpp, line 245]
Event: 30.552 Thread 0x0000017b58e49fe0 Exception <a 'java/lang/NoClassDefFoundError'{0x00000000e27d0ad0}: org/jooq/DSLContext> (0x00000000e27d0ad0) 
thrown [s\open\src\hotspot\share\classfile\systemDictionary.cpp, line 245]
Event: 31.443 Thread 0x0000017b58e49fe0 Exception <a 'java/lang/NoSuchMethodError'{0x00000000e2025488}: 'java.lang.Object java.lang.invoke.DirectMethodHandle$Holder.invokeSpecialIFC(java.lang.Object, java.lang.Object, java.lang.Object)'> (0x00000000e2025488) 
thrown [s\open\src\hotspot\share\interpreter\linkResolver.cpp, line 759]
Event: 32.465 Thread 0x0000017b58e49fe0 Exception <a 'java/lang/NoSuchMethodError'{0x00000000e2b5ae68}: 'int java.lang.invoke.DirectMethodHandle$Holder.invokeStaticInit(java.lang.Object, java.lang.Object, java.lang.Object, java.lang.Object)'> (0x00000000e2b5ae68) 
thrown [s\open\src\hotspot\share\interpreter\linkResolver.cpp, line 759]
Event: 33.258 Thread 0x0000017b58e49fe0 Exception <a 'sun/nio/fs/WindowsException'{0x00000000e29da068}> (0x00000000e29da068) 
thrown [s\open\src\hotspot\share\prims\jni.cpp, line 516]
Event: 34.951 Thread 0x0000017b58e49fe0 Exception <a 'java/lang/NoSuchMethodError'{0x00000000e3ba1770}: 'java.lang.Object java.lang.invoke.DirectMethodHandle$Holder.invokeStaticInit(java.lang.Object, java.lang.Object, java.lang.Object, java.lang.Object)'> (0x00000000e3ba1770) 
thrown [s\open\src\hotspot\share\interpreter\linkResolver.cpp, line 759]
Event: 35.015 Thread 0x0000017b58e49fe0 Exception <a 'java/lang/NoSuchMethodError'{0x00000000e34d19b8}: 'int java.lang.invoke.DirectMethodHandle$Holder.invokeSpecialIFC(java.lang.Object, java.lang.Object, java.lang.Object)'> (0x00000000e34d19b8) 
thrown [s\open\src\hotspot\share\interpreter\linkResolver.cpp, line 759]
Event: 35.027 Thread 0x0000017b58e49fe0 Exception <a 'java/lang/NoSuchMethodError'{0x00000000e34e4378}: 'java.lang.Object java.lang.invoke.DirectMethodHandle$Holder.invokeVirtual(java.lang.Object, java.lang.Object, int)'> (0x00000000e34e4378) 
thrown [s\open\src\hotspot\share\interpreter\linkResolver.cpp, line 759]
Event: 35.301 Thread 0x0000017b58e49fe0 Exception <a 'java/lang/NoSuchMethodError'{0x00000000e315d5a0}: 'java.lang.Object java.lang.invoke.DirectMethodHandle$Holder.invokeSpecial(java.lang.Object, java.lang.Object, java.lang.Object, java.lang.Object, java.lang.Object, int, java.lang.Object)'> (0x00000000e315d5a0) 
thrown [s\open\src\hotspot\share\interpreter\linkResolver.cpp, line 759]
Event: 35.333 Thread 0x0000017b58e49fe0 Implicit null exception at 0x0000017b682503f2 to 0x0000017b682507b8
Event: 36.771 Thread 0x0000017b58e49fe0 Exception <a 'java/lang/NoSuchMethodError'{0x00000000e2e5acb0}: 'java.lang.Object java.lang.invoke.DirectMethodHandle$Holder.invokeSpecial(java.lang.Object, java.lang.Object, java.lang.Object, java.lang.Object, int)'> (0x00000000e2e5acb0) 
thrown [s\open\src\hotspot\share\interpreter\linkResolver.cpp, line 759]
Event: 37.613 Thread 0x0000017b58e49fe0 Implicit null exception at 0x0000017b68302feb to 0x0000017b68303338
Event: 37.634 Thread 0x0000017b58e49fe0 Exception <a 'sun/nio/fs/WindowsException'{0x00000000e2aa4358}> (0x00000000e2aa4358) 
thrown [s\open\src\hotspot\share\prims\jni.cpp, line 516]
Event: 37.637 Thread 0x0000017b58e49fe0 Exception <a 'sun/nio/fs/WindowsException'{0x00000000e2aa8740}> (0x00000000e2aa8740) 
thrown [s\open\src\hotspot\share\prims\jni.cpp, line 516]

VM Operations (20 events):
Event: 33.265 Executing VM operation: Cleanup
Event: 33.265 Executing VM operation: Cleanup done
Event: 33.284 Executing VM operation: HandshakeAllThreads
Event: 33.284 Executing VM operation: HandshakeAllThreads done
Event: 33.288 Executing VM operation: HandshakeAllThreads
Event: 33.288 Executing VM operation: HandshakeAllThreads done
Event: 34.289 Executing VM operation: Cleanup
Event: 34.289 Executing VM operation: Cleanup done
Event: 34.755 Executing VM operation: CollectForMetadataAllocation
Event: 34.769 Executing VM operation: CollectForMetadataAllocation done
Event: 34.836 Executing VM operation: G1Concurrent
Event: 34.842 Executing VM operation: G1Concurrent done
Event: 34.874 Executing VM operation: G1Concurrent
Event: 34.874 Executing VM operation: G1Concurrent done
Event: 35.889 Executing VM operation: Cleanup
Event: 35.889 Executing VM operation: Cleanup done
Event: 36.898 Executing VM operation: Cleanup
Event: 36.898 Executing VM operation: Cleanup done
Event: 37.460 Executing VM operation: HandshakeAllThreads
Event: 37.460 Executing VM operation: HandshakeAllThreads done

Events (20 events):
Event: 37.359 loading class java/util/stream/LongPipeline
Event: 37.360 loading class java/util/stream/LongStream
Event: 37.361 loading class java/util/stream/LongStream done
Event: 37.362 loading class java/util/stream/LongPipeline done
Event: 37.362 loading class java/util/stream/LongPipeline$StatelessOp done
Event: 37.362 loading class java/util/stream/ReferencePipeline$5 done
Event: 37.362 loading class java/util/function/LongBinaryOperator
Event: 37.363 loading class java/util/function/LongBinaryOperator done
Event: 37.364 loading class java/util/stream/ReduceOps$10
Event: 37.364 loading class java/util/stream/ReduceOps$10 done
Event: 37.364 loading class java/util/stream/ReduceOps$8ReducingSink
Event: 37.365 loading class java/util/stream/Sink$OfLong
Event: 37.365 loading class java/util/stream/Sink$OfLong done
Event: 37.366 loading class java/util/stream/ReduceOps$8ReducingSink done
Event: 37.366 loading class java/util/stream/ReferencePipeline$5$1
Event: 37.366 loading class java/util/stream/ReferencePipeline$5$1 done
Event: 37.590 loading class javax/naming/Referenceable
Event: 37.591 loading class javax/naming/Referenceable done
Event: 37.716 loading class java/lang/instrument/ClassFileTransformer
Event: 37.716 loading class java/lang/instrument/ClassFileTransformer done


Dynamic libraries:
0x00007ff70c7f0000 - 0x00007ff70c800000 	C:\Program Files\Java\jdk-17\bin\java.exe
0x00007ffa4a7d0000 - 0x00007ffa4a9c8000 	C:\Windows\SYSTEM32\ntdll.dll
0x00007ffa48960000 - 0x00007ffa48a22000 	C:\Windows\System32\KERNEL32.DLL
0x00007ffa48470000 - 0x00007ffa48766000 	C:\Windows\System32\KERNELBASE.dll
0x00007ffa482a0000 - 0x00007ffa483a0000 	C:\Windows\System32\ucrtbase.dll
0x00007ffa42bf0000 - 0x00007ffa42c09000 	C:\Program Files\Java\jdk-17\bin\jli.dll
0x00007ffa49710000 - 0x00007ffa497c1000 	C:\Windows\System32\ADVAPI32.dll
0x00007ffa49670000 - 0x00007ffa4970e000 	C:\Windows\System32\msvcrt.dll
0x00007ffa487f0000 - 0x00007ffa4888f000 	C:\Windows\System32\sechost.dll
0x00007ffa48f50000 - 0x00007ffa49070000 	C:\Windows\System32\RPCRT4.dll
0x00007ffa483a0000 - 0x00007ffa483c7000 	C:\Windows\System32\bcrypt.dll
0x00007ffa42bd0000 - 0x00007ffa42beb000 	C:\Program Files\Java\jdk-17\bin\VCRUNTIME140.dll
0x00007ffa49850000 - 0x00007ffa499f1000 	C:\Windows\System32\USER32.dll
0x00007ffa48130000 - 0x00007ffa48152000 	C:\Windows\System32\win32u.dll
0x00007ffa49c90000 - 0x00007ffa49cbb000 	C:\Windows\System32\GDI32.dll
0x00007ffa48010000 - 0x00007ffa48129000 	C:\Windows\System32\gdi32full.dll
0x00007ffa483d0000 - 0x00007ffa4846d000 	C:\Windows\System32\msvcp_win.dll
0x00007ffa3b9d0000 - 0x00007ffa3bc6b000 	C:\Windows\WinSxS\amd64_microsoft.windows.common-controls_6595b64144ccf1df_6.0.19041.6456_none_60b8a6cb71f64256\COMCTL32.dll
0x00007ffa46d20000 - 0x00007ffa46d2a000 	C:\Windows\SYSTEM32\VERSION.dll
0x00007ffa49b80000 - 0x00007ffa49baf000 	C:\Windows\System32\IMM32.DLL
0x00007ffa46d30000 - 0x00007ffa46d66000 	C:\Windows\system32\DriverStore\FileRepository\nvaci.inf_amd64_f658c3ebd2a88192\nvinitx.dll
0x00007ffa49de0000 - 0x00007ffa4a550000 	C:\Windows\System32\Shell32.dll
0x00007ffa45c20000 - 0x00007ffa463c5000 	C:\Windows\SYSTEM32\windows.storage.dll
0x00007ffa48a30000 - 0x00007ffa48d84000 	C:\Windows\System32\combase.dll
0x00007ffa477b0000 - 0x00007ffa477db000 	C:\Windows\SYSTEM32\Wldp.dll
0x00007ffa48890000 - 0x00007ffa4895d000 	C:\Windows\System32\OLEAUT32.dll
0x00007ffa49cc0000 - 0x00007ffa49d6d000 	C:\Windows\System32\SHCORE.dll
0x00007ffa49610000 - 0x00007ffa4966b000 	C:\Windows\System32\shlwapi.dll
0x0000000057370000 - 0x0000000057376000 	C:\Program Files\NVIDIA Corporation\CoProcManager\_etoured.dll
0x00007ffa3f980000 - 0x00007ffa3f9c3000 	C:\Program Files\NVIDIA Corporation\CoProcManager\nvd3d9wrapx.dll
0x00007ffa49070000 - 0x00007ffa494e0000 	C:\Windows\System32\SETUPAPI.dll
0x00007ffa47e60000 - 0x00007ffa47eae000 	C:\Windows\System32\cfgmgr32.dll
0x00007ffa3f7c0000 - 0x00007ffa3f7ed000 	C:\Program Files\NVIDIA Corporation\CoProcManager\nvdxgiwrapx.dll
0x00007ffa42bc0000 - 0x00007ffa42bcc000 	C:\Program Files\Java\jdk-17\bin\vcruntime140_1.dll
0x00007ff9fe7b0000 - 0x00007ff9fe83e000 	C:\Program Files\Java\jdk-17\bin\msvcp140.dll
0x00007ff9e19d0000 - 0x00007ff9e25b0000 	C:\Program Files\Java\jdk-17\bin\server\jvm.dll
0x00007ffa497d0000 - 0x00007ffa497d8000 	C:\Windows\System32\PSAPI.DLL
0x00007ffa39fa0000 - 0x00007ffa39fa9000 	C:\Windows\SYSTEM32\WSOCK32.dll
0x00007ffa49d70000 - 0x00007ffa49ddb000 	C:\Windows\System32\WS2_32.dll
0x00007ffa3c8e0000 - 0x00007ffa3c907000 	C:\Windows\SYSTEM32\WINMM.dll
0x00007ffa46610000 - 0x00007ffa46622000 	C:\Windows\SYSTEM32\kernel.appcore.dll
0x00007ffa42bb0000 - 0x00007ffa42bba000 	C:\Program Files\Java\jdk-17\bin\jimage.dll
0x00007ffa36440000 - 0x00007ffa36641000 	C:\Windows\SYSTEM32\DBGHELP.DLL
0x00007ffa0b530000 - 0x00007ffa0b564000 	C:\Windows\SYSTEM32\dbgcore.DLL
0x0000017b58510000 - 0x0000017b58592000 	C:\Windows\System32\bcryptPrimitives.dll
0x00007ff9fe610000 - 0x00007ff9fe635000 	C:\Program Files\Java\jdk-17\bin\java.dll
0x00007ff9fb380000 - 0x00007ff9fb457000 	C:\Program Files\Java\jdk-17\bin\jsvml.dll
0x00007ffa47d90000 - 0x00007ffa47db4000 	C:\Windows\SYSTEM32\profapi.dll
0x00007ffa3bf10000 - 0x00007ffa3bf29000 	C:\Program Files\Java\jdk-17\bin\net.dll
0x00007ffa413e0000 - 0x00007ffa414ea000 	C:\Windows\SYSTEM32\WINHTTP.dll
0x00007ffa47590000 - 0x00007ffa475fa000 	C:\Windows\system32\mswsock.dll
0x00007ff9ffaa0000 - 0x00007ff9ffab6000 	C:\Program Files\Java\jdk-17\bin\nio.dll
0x00007ffa41720000 - 0x00007ffa41738000 	C:\Program Files\Java\jdk-17\bin\zip.dll
0x00007ffa41550000 - 0x00007ffa41560000 	C:\Program Files\Java\jdk-17\bin\verify.dll
0x00007ffa0b3e0000 - 0x00007ffa0b3ee000 	C:\Program Files\Java\jdk-17\bin\sunmscapi.dll
0x00007ffa47eb0000 - 0x00007ffa4800d000 	C:\Windows\System32\CRYPT32.dll
0x00007ffa47820000 - 0x00007ffa47847000 	C:\Windows\SYSTEM32\ncrypt.dll
0x00007ffa477e0000 - 0x00007ffa4781b000 	C:\Windows\SYSTEM32\NTASN1.dll
0x00007ffa309b0000 - 0x00007ffa309b7000 	C:\Windows\system32\wshunix.dll
0x00007ffa47b20000 - 0x00007ffa47b38000 	C:\Windows\SYSTEM32\CRYPTSP.dll
0x00007ffa46e60000 - 0x00007ffa46e98000 	C:\Windows\system32\rsaenh.dll
0x00007ffa47d50000 - 0x00007ffa47d7e000 	C:\Windows\SYSTEM32\USERENV.dll
0x00007ffa47720000 - 0x00007ffa4772c000 	C:\Windows\SYSTEM32\CRYPTBASE.dll
0x00007ffa47240000 - 0x00007ffa4727b000 	C:\Windows\SYSTEM32\IPHLPAPI.DLL
0x00007ffa4a700000 - 0x00007ffa4a708000 	C:\Windows\System32\NSI.dll
0x00007ffa416a0000 - 0x00007ffa416b7000 	C:\Windows\SYSTEM32\dhcpcsvc6.DLL
0x00007ffa41680000 - 0x00007ffa4169d000 	C:\Windows\SYSTEM32\dhcpcsvc.DLL
0x00007ffa47280000 - 0x00007ffa4734a000 	C:\Windows\SYSTEM32\DNSAPI.dll
0x0000000056090000 - 0x00000000560b6000 	C:\Program Files\Bonjour\mdnsNSP.dll
0x00007ffa3c6a0000 - 0x00007ffa3c6aa000 	C:\Windows\System32\rasadhlp.dll
0x00007ffa3c120000 - 0x00007ffa3c1a0000 	C:\Windows\System32\fwpuclnt.dll
0x00007ffa10480000 - 0x00007ffa1048a000 	C:\Program Files\Java\jdk-17\bin\management.dll
0x00007ffa0c2a0000 - 0x00007ffa0c2ab000 	C:\Program Files\Java\jdk-17\bin\management_ext.dll

dbghelp: loaded successfully - version: 4.0.5 - missing functions: none
symbol engine: initialized successfully - sym options: 0x614 - pdb path: .;C:\Program Files\Java\jdk-17\bin;C:\Windows\SYSTEM32;C:\Windows\WinSxS\amd64_microsoft.windows.common-controls_6595b64144ccf1df_6.0.19041.6456_none_60b8a6cb71f64256;C:\Windows\system32\DriverStore\FileRepository\nvaci.inf_amd64_f658c3ebd2a88192;C:\Program Files\NVIDIA Corporation\CoProcManager;C:\Program Files\Java\jdk-17\bin\server;C:\Program Files\Bonjour

VM Arguments:
jvm_args: -Dorg.gradle.internal.worker.tmpdir=C:\Users\User\Desktop\Almas_Java_Practika\chatGTP\fooddelivery\fooddelivery\build\tmp\test\work -Dorg.gradle.native=false -Xmx512m -Dfile.encoding=windows-1251 -Duser.country=RU -Duser.language=ru -Duser.variant -ea 
java_command: worker.org.gradle.process.internal.worker.GradleWorkerMain 'Gradle Test Executor 1'
java_class_path (initial): C:\\Users\\User\\.gradle\\caches\\8.7\\workerMain\\gradle-worker.jar;C:\\Users\\User\\Desktop\\Almas_Java_Practika\\chatGTP\\fooddelivery\\fooddelivery\\build\\classes\\java\\test;C:\\Users\\User\\Desktop\\Almas_Java_Practika\\chatGTP\\fooddelivery\\fooddelivery\\build\\classes\\java\\main;C:\\Users\\User\\Desktop\\Almas_Java_Practika\\chatGTP\\fooddelivery\\fooddelivery\\build\\resources\\main;C:\\Users\\User\\.gradle\\caches\\modules-2\\files-2.1\\org.springframework.boot\\spring-boot-starter-web\\3.2.5\\664d75553c6af42122d4db645f4924a95084e382\\spring-boot-starter-web-3.2.5.jar;C:\\Users\\User\\.gradle\\caches\\modules-2\\files-2.1\\org.springframework.boot\\spring-boot-starter-data-jpa\\3.2.5\\99c1272c135f1c44b0c94ed0b65dca9b201323b7\\spring-boot-starter-data-jpa-3.2.5.jar;C:\\Users\\User\\.gradle\\caches\\modules-2\\files-2.1\\org.springframework.boot\\spring-boot-starter-validation\\3.2.5\\3757dceb20eca3880ee1fb5f07159e42c7f7405\\spring-boot-starter-validation-3.2.5.jar;C:\\Users\\User\\.gradle\\caches\\modules-2\\files-2.1\\org.flywaydb\\flyway-core\\9.22.3\\76519923a547892f0108b99d1e7b06dcb4727ecd\\flyway-core-9.22.3.jar;C:\\Users\\User\\.gradle\\caches\\modules-2\\files-2.1\\org.postgresql\\postgresql\\42.6.2\\18c33c28326b2f81480833291b81f5eca080ab3c\\postgresql-42.6.2.jar;C:\\Users\\User\\.gradle\\caches\\modules-2\\files-2.1\\org.springframework.boot\\spring-boot-starter-test\\3.2.5\\c2f2d1d01ef908d04bfa367ec48d13ab15f2b16f\\spring-boot-starter-test-3.2.5.jar;C:\\Users\\User\\.gradle\\caches\\modules-2\\files-2.1\\org.springframework.boot\\spring-boot-starter-json\\3.2.5\\6df311af4c242eb95c3526f48ab4f31c384a247e\\spring-boot-starter-json-3.2.5.jar;C:\\Users\\User\\.gradle\\caches\\modules-2\\files-2.1\\org.springframework.boot\\spring-boot-starter-aop\\3.2.5\\1c6c5d81e6c7f8b3e255c9e384153e9f52a93d1b\\spring-boot-starter-aop-3.2.5.jar;C:\\Users\\User\\.gradle\\caches\\modules-2\\files-2.1\\org.springframework.boot\\spring-boot-
Launcher Type: SUN_STANDARD

[Global flags]
     intx CICompilerCount                          = 3                                         {product} {ergonomic}
     uint ConcGCThreads                            = 1                                         {product} {ergonomic}
     uint G1ConcRefinementThreads                  = 4                                         {product} {ergonomic}
   size_t G1HeapRegionSize                         = 1048576                                   {product} {ergonomic}
    uintx GCDrainStackTargetSize                   = 64                                        {product} {ergonomic}
   size_t InitialHeapSize                          = 62914560                                  {product} {ergonomic}
   size_t MarkStackSize                            = 4194304                                   {product} {ergonomic}
   size_t MaxHeapSize                              = 536870912                                 {product} {command line}
   size_t MaxNewSize                               = 321912832                                 {product} {ergonomic}
   size_t MinHeapDeltaBytes                        = 1048576                                   {product} {ergonomic}
   size_t MinHeapSize                              = 8388608                                   {product} {ergonomic}
    uintx NonNMethodCodeHeapSize                   = 5832780                                {pd product} {ergonomic}
    uintx NonProfiledCodeHeapSize                  = 122912730                              {pd product} {ergonomic}
    uintx ProfiledCodeHeapSize                     = 122912730                              {pd product} {ergonomic}
    uintx ReservedCodeCacheSize                    = 251658240                              {pd product} {ergonomic}
     bool SegmentedCodeCache                       = true                                      {product} {ergonomic}
   size_t SoftMaxHeapSize                          = 536870912                              {manageable} {ergonomic}
     bool UseCompressedClassPointers               = true                           {product lp64_product} {ergonomic}
     bool UseCompressedOops                        = true                           {product lp64_product} {ergonomic}
     bool UseG1GC                                  = true                                      {product} {ergonomic}
     bool UseLargePagesIndividualAllocation        = false                                  {pd product} {ergonomic}

Logging:
Log output configuration:
 #0: stdout all=warning uptime,level,tags
 #1: stderr all=off uptime,level,tags

Environment Variables:
JAVA_HOME=C:\Program Files\Java\jdk-17
PATH=C:\Program Files\Java\jdk-17\bin;%JAVA_HOME%\bin;C:\app\User\product\21c\dbhomeXE\bin;C:\Windows\system32;C:\Windows;C:\Windows\System32\Wbem;C:\Windows\System32\WindowsPowerShell\v1.0\;C:\Windows\System32\OpenSSH\;C:\Program Files\Microsoft SQL Server\Client SDK\ODBC\130\Tools\Binn\;C:\Program Files (x86)\Microsoft SQL Server\140\Tools\Binn\;C:\Program Files\Microsoft SQL Server\140\Tools\Binn\;C:\Program Files\Microsoft SQL Server\140\DTS\Binn\;C:\Program Files (x86)\Microsoft SQL Server\Client SDK\ODBC\130\Tools\Binn\;C:\Program Files (x86)\Microsoft SQL Server\140\DTS\Binn\;C:\Program Files (x86)\Microsoft SQL Server\140\Tools\Binn\ManagementStudio\;C:\Esko\Artios\Common\Program\;C:\Program Files (x86)\Microsoft SQL Server\90\Tools\binn\;C:\Program Files (x86)\Microsoft SQL Server\110\Tools\Binn\;C:\Program Files\Microsoft SQL Server\110\Tools\Binn\;C:\Program Files\Microsoft SQL Server\110\DTS\Binn\;C:\Program Files (x86)\Microsoft SQL Server\110\Tools\Binn\ManagementStudio\;C:\Program Files (x86)\Microsoft SQL Server\110\DTS\Binn\;C:\Program Files\NVIDIA Corporation\NVIDIA NvDLISR;C:\Program Files\dotnet\;C:\Program Files (x86)\NVIDIA Corporation\PhysX\Common;C:\ProgramData\chocolatey\bin;C:\Program Files\nodejs\;C:\Program Files\Apache\Maven\apache-maven-3.9.10\bin.;C:\Program Files\Git\cmd;C:\Program Files\Docker\Docker\resources\bin;C:\Program Files\Cloudflare\Cloudflare WARP\;C:\Users\User\AppData\Local\Microsoft\WindowsApps;C:\tools\dart-sdk\bin;C:\Users\User\AppData\Local\Pub\Cache\bin;D:\Users\User\AppData\Local\Programs\Microsoft VS Code\bin;C:\Users\User\AppData\Roaming\npm;C:\Program Files\Java\jdk-24\bin;
USERNAME=User
OS=Windows_NT
PROCESSOR_IDENTIFIER=Intel64 Family 6 Model 37 Stepping 5, GenuineIntel



---------------  S Y S T E M  ---------------

OS:
 Windows 10 , 64 bit Build 19041 (10.0.19041.5915)
OS uptime: 0 days 2:56 hours
Hyper-V role detected

CPU: total 4 (initial active 4) (2 cores per cpu, 2 threads per core) family 6 model 37 stepping 5 microcode 0x7, cx8, cmov, fxsr, ht, mmx, sse, sse2, sse3, ssse3, sse4.1, sse4.2, popcnt, tsc, tscinvbit, clflush, hv

Memory: 4k page, system-wide physical 3764M (193M free)
TotalPageFile size 13764M (AvailPageFile size 4M)
current process WorkingSet (physical memory assigned to process): 171M, peak: 176M
current process commit charge ("private bytes"): 224M, peak: 230M

vm_info: Java HotSpot(TM) 64-Bit Server VM (17.0.12+8-LTS-286) for windows-amd64 JRE (17.0.12+8-LTS-286), built on Jun  5 2024 06:46:59 by "mach5one" with MS VC++ 17.6 (VS2022)

END.
