#
# There is insufficient memory for the Java Runtime Environment to continue.
# Native memory allocation (mmap) failed to map 95420416 bytes for G1 virtual space
# Possible reasons:
#   The system is out of physical RAM or swap space
#   The process is running with CompressedOops enabled, and the Java Heap may be blocking the growth of the native heap
# Possible solutions:
#   Reduce memory load on the system
#   Increase physical memory or swap space
#   Check if swap backing store is full
#   Decrease Java heap size (-Xmx/-Xms)
#   Decrease number of Java threads
#   Decrease Java thread stack sizes (-Xss)
#   Set larger code cache with -XX:ReservedCodeCacheSize=
#   JVM is running with Unscaled Compressed Oops mode in which the Java heap is
#     placed in the first 4GB address space. The Java Heap base address is the
#     maximum limit for the native heap growth. Please use -XX:HeapBaseMinAddress
#     to set the Java Heap base and to place the Java Heap above 4GB virtual address.
# This output file may be truncated or incomplete.
#
#  Out of Memory Error (os_windows.cpp:3548), pid=14264, tid=9376
#
# JRE version: Java(TM) SE Runtime Environment (17.0.12+8) (build 17.0.12+8-LTS-286)
# Java VM: Java HotSpot(TM) 64-Bit Server VM (17.0.12+8-LTS-286, mixed mode, sharing, tiered, compressed oops, compressed class ptrs, g1 gc, windows-amd64)
# No core dump will be written. Minidumps are not enabled by default on client versions of Windows
#

---------------  S U M M A R Y ------------

Command Line: --add-opens=java.base/java.util=ALL-UNNAMED --add-opens=java.base/java.lang=ALL-UNNAMED --add-opens=java.base/java.lang.invoke=ALL-UNNAMED --add-opens=java.prefs/java.util.prefs=ALL-UNNAMED --add-opens=java.base/java.nio.charset=ALL-UNNAMED --add-opens=java.base/java.net=ALL-UNNAMED --add-opens=java.base/java.util.concurrent.atomic=ALL-UNNAMED -XX:MaxMetaspaceSize=384m -XX:+HeapDumpOnOutOfMemoryError -Xms256m -Xmx512m -Dfile.encoding=UTF-8 -Duser.country=RU -Duser.language=ru -Duser.variant -javaagent:C:\Users\User\.gradle\wrapper\dists\gradle-8.7-bin\bhs2wmbdwecv87pi65oeuq5iu\gradle-8.7\lib\agents\gradle-instrumentation-agent-8.7.jar org.gradle.launcher.daemon.bootstrap.GradleDaemon 8.7

Host: Intel(R) Core(TM) i5 CPU       M 480  @ 2.67GHz, 4 cores, 3G,  Windows 10 , 64 bit Build 19041 (10.0.19041.5915)
Time: Tue Apr 21 00:20:23 2026  Windows 10 , 64 bit Build 19041 (10.0.19041.5915) elapsed time: 4294.903488 seconds (0d 1h 11m 34s)

---------------  T H R E A D  ---------------

Current thread (0x000001ddd1b36790):  VMThread "VM Thread" [stack: 0x0000008776700000,0x0000008776800000] [id=9376]

Stack: [0x0000008776700000,0x0000008776800000]
Native frames: (J=compiled Java code, j=interpreted, Vv=VM code, C=native code)
V  [jvm.dll+0x67a04a]
V  [jvm.dll+0x7da4ed]
V  [jvm.dll+0x7dbe33]
V  [jvm.dll+0x7dc4a3]
V  [jvm.dll+0x24508f]
V  [jvm.dll+0x677089]
V  [jvm.dll+0x66bd32]
V  [jvm.dll+0x301fa6]
V  [jvm.dll+0x309546]
V  [jvm.dll+0x359d2e]
V  [jvm.dll+0x359f5f]
V  [jvm.dll+0x2d9078]
V  [jvm.dll+0x2dc0e6]
V  [jvm.dll+0x2e67eb]
V  [jvm.dll+0x31a870]
V  [jvm.dll+0x7e0d9b]
V  [jvm.dll+0x7e1ad4]
V  [jvm.dll+0x7e1fed]
V  [jvm.dll+0x7e23c4]
V  [jvm.dll+0x7e2490]
V  [jvm.dll+0x78abea]
V  [jvm.dll+0x678f35]
C  [ucrtbase.dll+0x21bb2]
C  [KERNEL32.DLL+0x17374]
C  [ntdll.dll+0x4cc91]

VM_Operation (0x00000087763ff450): G1Concurrent, mode: safepoint, requested by thread 0x000001ddb5bd2bb0


---------------  P R O C E S S  ---------------

Threads class SMR info:
_java_thread_list=0x000001ddfd52ab60, length=38, elements={
0x000001ddb5b9cb20, 0x000001ddd1b3c2a0, 0x000001ddd1b3d030, 0x000001ddd1b4c150,
0x000001ddeb000080, 0x000001ddeb000560, 0x000001ddeb000e30, 0x000001ddeb004f30,
0x000001ddeb00d900, 0x000001ddeb01ee10, 0x000001ddeb10fdc0, 0x000001ddeb111200,
0x000001ddeb1107e0, 0x000001ddeb10e470, 0x000001ddeb10e980, 0x000001ddecf4c020,
0x000001ddecf4c530, 0x000001ddecf4f7d0, 0x000001ddecf4e390, 0x000001ddecf501f0,
0x000001ddecf4de80, 0x000001ddecf4e8a0, 0x000001ddecf4f2c0, 0x000001ddecf4edb0,
0x000001ddecf4fce0, 0x000001ddeede4480, 0x000001ddfea57a40, 0x000001ddeb10df60,
0x000001ddeb10ee90, 0x000001ddeb10f8b0, 0x000001ddeb1102d0, 0x000001ddeb110cf0,
0x000001ddee6e2060, 0x000001ddee6e5810, 0x000001ddee6e48e0, 0x000001ddee6e43d0,
0x000001ddee6e5d20, 0x000001ddee6e2f90
}

Java Threads: ( => current thread )
  0x000001ddb5b9cb20 JavaThread "main" [_thread_blocked, id=11512, stack(0x0000008776100000,0x0000008776200000)]
  0x000001ddd1b3c2a0 JavaThread "Reference Handler" daemon [_thread_blocked, id=15184, stack(0x0000008776800000,0x0000008776900000)]
  0x000001ddd1b3d030 JavaThread "Finalizer" daemon [_thread_blocked, id=11792, stack(0x0000008776900000,0x0000008776a00000)]
  0x000001ddd1b4c150 JavaThread "Signal Dispatcher" daemon [_thread_blocked, id=13904, stack(0x0000008776a00000,0x0000008776b00000)]
  0x000001ddeb000080 JavaThread "Attach Listener" daemon [_thread_blocked, id=1524, stack(0x0000008776b00000,0x0000008776c00000)]
  0x000001ddeb000560 JavaThread "Service Thread" daemon [_thread_blocked, id=11428, stack(0x0000008776c00000,0x0000008776d00000)]
  0x000001ddeb000e30 JavaThread "Monitor Deflation Thread" daemon [_thread_blocked, id=1284, stack(0x0000008776d00000,0x0000008776e00000)]
  0x000001ddeb004f30 JavaThread "C2 CompilerThread0" daemon [_thread_blocked, id=15144, stack(0x0000008776e00000,0x0000008776f00000)]
  0x000001ddeb00d900 JavaThread "C1 CompilerThread0" daemon [_thread_blocked, id=2632, stack(0x0000008776f00000,0x0000008777000000)]
  0x000001ddeb01ee10 JavaThread "Sweeper thread" daemon [_thread_blocked, id=3320, stack(0x0000008777000000,0x0000008777100000)]
  0x000001ddeb10fdc0 JavaThread "Common-Cleaner" daemon [_thread_blocked, id=13000, stack(0x0000008777100000,0x0000008777200000)]
  0x000001ddeb111200 JavaThread "Notification Thread" daemon [_thread_blocked, id=14404, stack(0x0000008777200000,0x0000008777300000)]
  0x000001ddeb1107e0 JavaThread "Daemon health stats" [_thread_blocked, id=15244, stack(0x0000008777700000,0x0000008777800000)]
  0x000001ddeb10e470 JavaThread "Incoming local TCP Connector on port 57602" [_thread_in_native, id=13044, stack(0x0000008777800000,0x0000008777900000)]
  0x000001ddeb10e980 JavaThread "Daemon periodic checks" [_thread_blocked, id=2780, stack(0x0000008777900000,0x0000008777a00000)]
  0x000001ddecf4c020 JavaThread "Cache worker for journal cache (C:\Users\User\.gradle\caches\journal-1)" [_thread_blocked, id=13200, stack(0x0000008778100000,0x0000008778200000)]
  0x000001ddecf4c530 JavaThread "File lock request listener" [_thread_in_native, id=14632, stack(0x0000008778200000,0x0000008778300000)]
  0x000001ddecf4f7d0 JavaThread "Cache worker for file hash cache (C:\Users\User\.gradle\caches\8.7\fileHashes)" [_thread_blocked, id=1948, stack(0x0000008778300000,0x0000008778400000)]
  0x000001ddecf4e390 JavaThread "File watcher server" daemon [_thread_in_native, id=5668, stack(0x0000008778500000,0x0000008778600000)]
  0x000001ddecf501f0 JavaThread "File watcher consumer" daemon [_thread_blocked, id=14072, stack(0x0000008778600000,0x0000008778700000)]
  0x000001ddecf4de80 JavaThread "jar transforms" [_thread_blocked, id=8596, stack(0x0000008778700000,0x0000008778800000)]
  0x000001ddecf4e8a0 JavaThread "jar transforms Thread 2" [_thread_blocked, id=244, stack(0x0000008778800000,0x0000008778900000)]
  0x000001ddecf4f2c0 JavaThread "jar transforms Thread 3" [_thread_blocked, id=11420, stack(0x0000008778900000,0x0000008778a00000)]
  0x000001ddecf4edb0 JavaThread "jar transforms Thread 4" [_thread_blocked, id=13388, stack(0x0000008778a00000,0x0000008778b00000)]
  0x000001ddecf4fce0 JavaThread "Cache worker for file content cache (C:\Users\User\.gradle\caches\8.7\fileContent)" [_thread_blocked, id=14740, stack(0x0000008778e00000,0x0000008778f00000)]
  0x000001ddeede4480 JavaThread "Memory manager" [_thread_blocked, id=368, stack(0x000000877ad00000,0x000000877ae00000)]
  0x000001ddfea57a40 JavaThread "ForkJoinPool.commonPool-worker-4" daemon [_thread_blocked, id=3592, stack(0x0000008779900000,0x0000008779a00000)]
  0x000001ddeb10df60 JavaThread "Daemon Thread 4" [_thread_blocked, id=14512, stack(0x0000008775e00000,0x0000008775f00000)]
  0x000001ddeb10ee90 JavaThread "Handler for socket connection from /127.0.0.1:57602 to /127.0.0.1:58738" [_thread_in_native, id=11252, stack(0x0000008775f00000,0x0000008776000000)]
  0x000001ddeb10f8b0 JavaThread "Cancel handler" [_thread_blocked, id=5512, stack(0x0000008776000000,0x0000008776100000)]
  0x000001ddeb1102d0 JavaThread "Daemon worker Thread 3" [_thread_blocked, id=12120, stack(0x0000008777a00000,0x0000008777b00000)]
  0x000001ddeb110cf0 JavaThread "Asynchronous log dispatcher for DefaultDaemonConnection: socket connection from /127.0.0.1:57602 to /127.0.0.1:58738" [_thread_blocked, id=14728, stack(0x0000008777b00000,0x0000008777c00000)]
  0x000001ddee6e2060 JavaThread "Stdin handler" [_thread_blocked, id=16024, stack(0x0000008777c00000,0x0000008777d00000)]
  0x000001ddee6e5810 JavaThread "Daemon client event forwarder" [_thread_blocked, id=12680, stack(0x0000008777d00000,0x0000008777e00000)]
  0x000001ddee6e48e0 JavaThread "Cache worker for file hash cache (C:\Users\User\Desktop\Almas_Java_Practika\chatGTP\fooddelivery\fooddelivery\.gradle\8.7\fileHashes)" [_thread_blocked, id=14460, stack(0x0000008777e00000,0x0000008777f00000)]
  0x000001ddee6e43d0 JavaThread "Cache worker for checksums cache (C:\Users\User\Desktop\Almas_Java_Practika\chatGTP\fooddelivery\fooddelivery\.gradle\8.7\checksums)" [_thread_blocked, id=12332, stack(0x0000008777f00000,0x0000008778000000)]
  0x000001ddee6e5d20 JavaThread "Cache worker for cache directory md-supplier (C:\Users\User\.gradle\caches\8.7\md-supplier)" [_thread_blocked, id=12024, stack(0x0000008778000000,0x0000008778100000)]
  0x000001ddee6e2f90 JavaThread "Cache worker for cache directory md-rule (C:\Users\User\.gradle\caches\8.7\md-rule)" [_thread_blocked, id=10472, stack(0x0000008778400000,0x0000008778500000)]

Other Threads:
=>0x000001ddd1b36790 VMThread "VM Thread" [stack: 0x0000008776700000,0x0000008776800000] [id=9376]
  0x000001ddb5be5540 WatcherThread [stack: 0x0000008777300000,0x0000008777400000] [id=8448]
  0x000001ddb5bccd40 GCTaskThread "GC Thread#0" [stack: 0x0000008776200000,0x0000008776300000] [id=11000]
  0x000001ddeb59ab90 GCTaskThread "GC Thread#1" [stack: 0x0000008777400000,0x0000008777500000] [id=5320]
  0x000001ddeb4dfcc0 GCTaskThread "GC Thread#2" [stack: 0x0000008777500000,0x0000008777600000] [id=13700]
  0x000001ddeb4dff80 GCTaskThread "GC Thread#3" [stack: 0x0000008777600000,0x0000008777700000] [id=3548]
  0x000001ddb5bd2bb0 ConcurrentGCThread "G1 Main Marker" [stack: 0x0000008776300000,0x0000008776400000] [id=11660]
  0x000001ddb5bd3c70 ConcurrentGCThread "G1 Conc#0" [stack: 0x0000008776400000,0x0000008776500000] [id=12352]
  0x000001ddd19f25f0 ConcurrentGCThread "G1 Refine#0" [stack: 0x0000008776500000,0x0000008776600000] [id=12748]
  0x000001dded4568e0 ConcurrentGCThread "G1 Refine#1" [stack: 0x0000008778f00000,0x0000008779000000] [id=12888]
  0x000001ddee735c40 ConcurrentGCThread "G1 Refine#2" [stack: 0x0000008779000000,0x0000008779100000] [id=12044]
  0x000001dded25f280 ConcurrentGCThread "G1 Refine#3" [stack: 0x0000008779100000,0x0000008779200000] [id=14644]
  0x000001ddd19f2e30 ConcurrentGCThread "G1 Service" [stack: 0x0000008776600000,0x0000008776700000] [id=1104]

Threads with active compile tasks:

VM state: at safepoint (normal execution)

VM Mutex/Monitor currently owned by a thread:  ([mutex/lock_event])
[0x000001ddb5b8e460] Threads_lock - owner thread: 0x000001ddd1b36790
[0x000001ddb5b99580] Heap_lock - owner thread: 0x000001ddb5bd2bb0

Heap address: 0x00000000e0000000, size: 512 MB, Compressed Oops mode: 32-bit

CDS archive(s) mapped at: [0x000001ddd2000000-0x000001ddd2bd0000-0x000001ddd2bd0000), size 12386304, SharedBaseAddress: 0x000001ddd2000000, ArchiveRelocationMode: 1.
Compressed class space mapped at: 0x000001ddd3000000-0x000001dde7000000, reserved size: 335544320
Narrow klass base: 0x000001ddd2000000, Narrow klass shift: 0, Narrow klass range: 0x100000000

GC Precious Log:
 CPUs: 4 total, 4 available
 Memory: 3764M
 Large Page Support: Disabled
 NUMA Support: Disabled
 Compressed Oops: Enabled (32-bit)
 Heap Region Size: 1M
 Heap Min Capacity: 256M
 Heap Initial Capacity: 256M
 Heap Max Capacity: 512M
 Pre-touch: Disabled
 Parallel Workers: 4
 Concurrent Workers: 1
 Concurrent Refinement Workers: 4
 Periodic GC: Disabled

Heap:
 garbage-first heap   total 262144K, used 211006K [0x00000000e0000000, 0x0000000100000000)
  region size 1024K, 7 young (7168K), 3 survivors (3072K)
 Metaspace       used 161735K, committed 163392K, reserved 524288K
  class space    used 20124K, committed 20800K, reserved 327680K

Heap Regions: E=young(eden), S=young(survivor), O=old, HS=humongous(starts), HC=humongous(continues), CS=collection set, F=free, OA=open archive, CA=closed archive, TAMS=top-at-mark-start (previous, next)
|   0|0x00000000e0000000, 0x00000000e0100000, 0x00000000e0100000|100%| O|  |TAMS 0x00000000e0100000, 0x00000000e0000000| Untracked 
|   1|0x00000000e0100000, 0x00000000e0200000, 0x00000000e0200000|100%| O|  |TAMS 0x00000000e0200000, 0x00000000e0100000| Untracked 
|   2|0x00000000e0200000, 0x00000000e0300000, 0x00000000e0300000|100%|HS|  |TAMS 0x00000000e0300000, 0x00000000e0200000| Complete 
|   3|0x00000000e0300000, 0x00000000e0400000, 0x00000000e0400000|100%|HC|  |TAMS 0x00000000e0400000, 0x00000000e0300000| Complete 
|   4|0x00000000e0400000, 0x00000000e0500000, 0x00000000e0500000|100%|HC|  |TAMS 0x00000000e0500000, 0x00000000e0400000| Complete 
|   5|0x00000000e0500000, 0x00000000e0600000, 0x00000000e0600000|100%|HC|  |TAMS 0x00000000e0600000, 0x00000000e0500000| Complete 
|   6|0x00000000e0600000, 0x00000000e0700000, 0x00000000e0700000|100%| O|  |TAMS 0x00000000e0700000, 0x00000000e0600000| Untracked 
|   7|0x00000000e0700000, 0x00000000e0800000, 0x00000000e0800000|100%| O|  |TAMS 0x00000000e0800000, 0x00000000e0700000| Updating 
|   8|0x00000000e0800000, 0x00000000e0900000, 0x00000000e0900000|100%| O|  |TAMS 0x00000000e0900000, 0x00000000e0800000| Untracked 
|   9|0x00000000e0900000, 0x00000000e0a00000, 0x00000000e0a00000|100%| O|  |TAMS 0x00000000e0a00000, 0x00000000e0900000| Untracked 
|  10|0x00000000e0a00000, 0x00000000e0b00000, 0x00000000e0b00000|100%| O|  |TAMS 0x00000000e0b00000, 0x00000000e0a00000| Updating 
|  11|0x00000000e0b00000, 0x00000000e0c00000, 0x00000000e0c00000|100%|HS|  |TAMS 0x00000000e0c00000, 0x00000000e0b00000| Complete 
|  12|0x00000000e0c00000, 0x00000000e0d00000, 0x00000000e0d00000|100%|HC|  |TAMS 0x00000000e0d00000, 0x00000000e0c00000| Complete 
|  13|0x00000000e0d00000, 0x00000000e0e00000, 0x00000000e0e00000|100%|HC|  |TAMS 0x00000000e0e00000, 0x00000000e0d00000| Complete 
|  14|0x00000000e0e00000, 0x00000000e0f00000, 0x00000000e0f00000|100%|HC|  |TAMS 0x00000000e0f00000, 0x00000000e0e00000| Complete 
|  15|0x00000000e0f00000, 0x00000000e1000000, 0x00000000e1000000|100%|HC|  |TAMS 0x00000000e1000000, 0x00000000e0f00000| Complete 
|  16|0x00000000e1000000, 0x00000000e1100000, 0x00000000e1100000|100%|HC|  |TAMS 0x00000000e1100000, 0x00000000e1000000| Complete 
|  17|0x00000000e1100000, 0x00000000e1200000, 0x00000000e1200000|100%|HS|  |TAMS 0x00000000e1200000, 0x00000000e1100000| Complete 
|  18|0x00000000e1200000, 0x00000000e1300000, 0x00000000e1300000|100%|HC|  |TAMS 0x00000000e1300000, 0x00000000e1200000| Complete 
|  19|0x00000000e1300000, 0x00000000e1400000, 0x00000000e1400000|100%|HS|  |TAMS 0x00000000e1400000, 0x00000000e1300000| Complete 
|  20|0x00000000e1400000, 0x00000000e1500000, 0x00000000e1500000|100%|HS|  |TAMS 0x00000000e1500000, 0x00000000e1400000| Complete 
|  21|0x00000000e1500000, 0x00000000e1600000, 0x00000000e1600000|100%|HC|  |TAMS 0x00000000e1600000, 0x00000000e1500000| Complete 
|  22|0x00000000e1600000, 0x00000000e1700000, 0x00000000e1700000|100%|HC|  |TAMS 0x00000000e1700000, 0x00000000e1600000| Complete 
|  23|0x00000000e1700000, 0x00000000e1800000, 0x00000000e1800000|100%|HC|  |TAMS 0x00000000e1800000, 0x00000000e1700000| Complete 
|  24|0x00000000e1800000, 0x00000000e1900000, 0x00000000e1900000|100%|HC|  |TAMS 0x00000000e1900000, 0x00000000e1800000| Complete 
|  25|0x00000000e1900000, 0x00000000e1a00000, 0x00000000e1a00000|100%|HC|  |TAMS 0x00000000e1a00000, 0x00000000e1900000| Complete 
|  26|0x00000000e1a00000, 0x00000000e1b00000, 0x00000000e1b00000|100%|HS|  |TAMS 0x00000000e1b00000, 0x00000000e1a00000| Complete 
|  27|0x00000000e1b00000, 0x00000000e1c00000, 0x00000000e1c00000|100%|HC|  |TAMS 0x00000000e1c00000, 0x00000000e1b00000| Complete 
|  28|0x00000000e1c00000, 0x00000000e1d00000, 0x00000000e1d00000|100%|HS|  |TAMS 0x00000000e1d00000, 0x00000000e1c00000| Complete 
|  29|0x00000000e1d00000, 0x00000000e1e00000, 0x00000000e1e00000|100%| O|  |TAMS 0x00000000e1e00000, 0x00000000e1d00000| Untracked 
|  30|0x00000000e1e00000, 0x00000000e1f00000, 0x00000000e1f00000|100%| O|  |TAMS 0x00000000e1f00000, 0x00000000e1e00000| Updating 
|  31|0x00000000e1f00000, 0x00000000e2000000, 0x00000000e2000000|100%| O|  |TAMS 0x00000000e2000000, 0x00000000e1f00000| Untracked 
|  32|0x00000000e2000000, 0x00000000e2100000, 0x00000000e2100000|100%| O|  |TAMS 0x00000000e2100000, 0x00000000e2000000| Untracked 
|  33|0x00000000e2100000, 0x00000000e2200000, 0x00000000e2200000|100%| O|  |TAMS 0x00000000e2200000, 0x00000000e2100000| Untracked 
|  34|0x00000000e2200000, 0x00000000e2300000, 0x00000000e2300000|100%| O|  |TAMS 0x00000000e2300000, 0x00000000e2200000| Untracked 
|  35|0x00000000e2300000, 0x00000000e2400000, 0x00000000e2400000|100%| O|  |TAMS 0x00000000e2400000, 0x00000000e2300000| Untracked 
|  36|0x00000000e2400000, 0x00000000e2500000, 0x00000000e2500000|100%| O|  |TAMS 0x00000000e2500000, 0x00000000e2400000| Updating 
|  37|0x00000000e2500000, 0x00000000e2600000, 0x00000000e2600000|100%| O|  |TAMS 0x00000000e2600000, 0x00000000e2500000| Untracked 
|  38|0x00000000e2600000, 0x00000000e2700000, 0x00000000e2700000|100%| O|  |TAMS 0x00000000e2700000, 0x00000000e2600000| Untracked 
|  39|0x00000000e2700000, 0x00000000e2800000, 0x00000000e2800000|100%| O|  |TAMS 0x00000000e2800000, 0x00000000e2700000| Untracked 
|  40|0x00000000e2800000, 0x00000000e2900000, 0x00000000e2900000|100%| O|  |TAMS 0x00000000e2900000, 0x00000000e2800000| Updating 
|  41|0x00000000e2900000, 0x00000000e2a00000, 0x00000000e2a00000|100%| O|  |TAMS 0x00000000e2a00000, 0x00000000e2900000| Untracked 
|  42|0x00000000e2a00000, 0x00000000e2b00000, 0x00000000e2b00000|100%| O|  |TAMS 0x00000000e2b00000, 0x00000000e2a00000| Untracked 
|  43|0x00000000e2b00000, 0x00000000e2c00000, 0x00000000e2c00000|100%| O|  |TAMS 0x00000000e2c00000, 0x00000000e2b00000| Untracked 
|  44|0x00000000e2c00000, 0x00000000e2d00000, 0x00000000e2d00000|100%| O|  |TAMS 0x00000000e2d00000, 0x00000000e2c00000| Untracked 
|  45|0x00000000e2d00000, 0x00000000e2e00000, 0x00000000e2e00000|100%| O|  |TAMS 0x00000000e2e00000, 0x00000000e2d00000| Untracked 
|  46|0x00000000e2e00000, 0x00000000e2f00000, 0x00000000e2f00000|100%| O|  |TAMS 0x00000000e2f00000, 0x00000000e2e00000| Untracked 
|  47|0x00000000e2f00000, 0x00000000e3000000, 0x00000000e3000000|100%| O|  |TAMS 0x00000000e3000000, 0x00000000e2f00000| Untracked 
|  48|0x00000000e3000000, 0x00000000e3100000, 0x00000000e3100000|100%| O|  |TAMS 0x00000000e3100000, 0x00000000e3000000| Untracked 
|  49|0x00000000e3100000, 0x00000000e3200000, 0x00000000e3200000|100%| O|  |TAMS 0x00000000e3200000, 0x00000000e3100000| Updating 
|  50|0x00000000e3200000, 0x00000000e3300000, 0x00000000e3300000|100%| O|  |TAMS 0x00000000e3300000, 0x00000000e3200000| Updating 
|  51|0x00000000e3300000, 0x00000000e3400000, 0x00000000e3400000|100%| O|  |TAMS 0x00000000e3400000, 0x00000000e3300000| Updating 
|  52|0x00000000e3400000, 0x00000000e3500000, 0x00000000e3500000|100%| O|  |TAMS 0x00000000e3500000, 0x00000000e3400000| Updating 
|  53|0x00000000e3500000, 0x00000000e3600000, 0x00000000e3600000|100%| O|  |TAMS 0x00000000e3600000, 0x00000000e3500000| Updating 
|  54|0x00000000e3600000, 0x00000000e3700000, 0x00000000e3700000|100%| O|  |TAMS 0x00000000e3700000, 0x00000000e3600000| Updating 
|  55|0x00000000e3700000, 0x00000000e3800000, 0x00000000e3800000|100%| O|  |TAMS 0x00000000e3800000, 0x00000000e3700000| Untracked 
|  56|0x00000000e3800000, 0x00000000e3900000, 0x00000000e3900000|100%| O|  |TAMS 0x00000000e3900000, 0x00000000e3800000| Updating 
|  57|0x00000000e3900000, 0x00000000e3a00000, 0x00000000e3a00000|100%| O|  |TAMS 0x00000000e3a00000, 0x00000000e3900000| Updating 
|  58|0x00000000e3a00000, 0x00000000e3b00000, 0x00000000e3b00000|100%|HS|  |TAMS 0x00000000e3b00000, 0x00000000e3a00000| Complete 
|  59|0x00000000e3b00000, 0x00000000e3c00000, 0x00000000e3c00000|100%|HC|  |TAMS 0x00000000e3c00000, 0x00000000e3b00000| Complete 
|  60|0x00000000e3c00000, 0x00000000e3d00000, 0x00000000e3d00000|100%| O|  |TAMS 0x00000000e3d00000, 0x00000000e3c00000| Updating 
|  61|0x00000000e3d00000, 0x00000000e3e00000, 0x00000000e3e00000|100%| O|  |TAMS 0x00000000e3e00000, 0x00000000e3d00000| Updating 
|  62|0x00000000e3e00000, 0x00000000e3f00000, 0x00000000e3f00000|100%| O|  |TAMS 0x00000000e3f00000, 0x00000000e3e00000| Updating 
|  63|0x00000000e3f00000, 0x00000000e4000000, 0x00000000e4000000|100%| O|  |TAMS 0x00000000e4000000, 0x00000000e3f00000| Updating 
|  64|0x00000000e4000000, 0x00000000e4100000, 0x00000000e4100000|100%| O|  |TAMS 0x00000000e4100000, 0x00000000e4000000| Updating 
|  65|0x00000000e4100000, 0x00000000e4200000, 0x00000000e4200000|100%| O|  |TAMS 0x00000000e4200000, 0x00000000e4100000| Updating 
|  66|0x00000000e4200000, 0x00000000e4300000, 0x00000000e4300000|100%| O|  |TAMS 0x00000000e4300000, 0x00000000e4200000| Updating 
|  67|0x00000000e4300000, 0x00000000e4400000, 0x00000000e4400000|100%| O|  |TAMS 0x00000000e4400000, 0x00000000e4300000| Updating 
|  68|0x00000000e4400000, 0x00000000e4500000, 0x00000000e4500000|100%| O|  |TAMS 0x00000000e4500000, 0x00000000e4400000| Updating 
|  69|0x00000000e4500000, 0x00000000e4600000, 0x00000000e4600000|100%| O|  |TAMS 0x00000000e4600000, 0x00000000e4500000| Updating 
|  70|0x00000000e4600000, 0x00000000e4700000, 0x00000000e4700000|100%| O|  |TAMS 0x00000000e4700000, 0x00000000e4600000| Untracked 
|  71|0x00000000e4700000, 0x00000000e4800000, 0x00000000e4800000|100%| O|  |TAMS 0x00000000e4800000, 0x00000000e4700000| Updating 
|  72|0x00000000e4800000, 0x00000000e4900000, 0x00000000e4900000|100%| O|  |TAMS 0x00000000e4900000, 0x00000000e4800000| Updating 
|  73|0x00000000e4900000, 0x00000000e4a00000, 0x00000000e4a00000|100%| O|  |TAMS 0x00000000e4a00000, 0x00000000e4900000| Updating 
|  74|0x00000000e4a00000, 0x00000000e4b00000, 0x00000000e4b00000|100%| O|  |TAMS 0x00000000e4b00000, 0x00000000e4a00000| Updating 
|  75|0x00000000e4b00000, 0x00000000e4c00000, 0x00000000e4c00000|100%| O|  |TAMS 0x00000000e4c00000, 0x00000000e4b00000| Updating 
|  76|0x00000000e4c00000, 0x00000000e4d00000, 0x00000000e4d00000|100%| O|  |TAMS 0x00000000e4d00000, 0x00000000e4c00000| Updating 
|  77|0x00000000e4d00000, 0x00000000e4e00000, 0x00000000e4e00000|100%| O|  |TAMS 0x00000000e4e00000, 0x00000000e4d00000| Updating 
|  78|0x00000000e4e00000, 0x00000000e4f00000, 0x00000000e4f00000|100%| O|  |TAMS 0x00000000e4f00000, 0x00000000e4e00000| Updating 
|  79|0x00000000e4f00000, 0x00000000e5000000, 0x00000000e5000000|100%| O|  |TAMS 0x00000000e5000000, 0x00000000e4f00000| Updating 
|  80|0x00000000e5000000, 0x00000000e5100000, 0x00000000e5100000|100%| O|  |TAMS 0x00000000e5100000, 0x00000000e5000000| Updating 
|  81|0x00000000e5100000, 0x00000000e5200000, 0x00000000e5200000|100%| O|  |TAMS 0x00000000e5200000, 0x00000000e5100000| Updating 
|  82|0x00000000e5200000, 0x00000000e5300000, 0x00000000e5300000|100%| O|  |TAMS 0x00000000e5300000, 0x00000000e5200000| Updating 
|  83|0x00000000e5300000, 0x00000000e5400000, 0x00000000e5400000|100%| O|  |TAMS 0x00000000e5400000, 0x00000000e5300000| Updating 
|  84|0x00000000e5400000, 0x00000000e5500000, 0x00000000e5500000|100%| O|  |TAMS 0x00000000e5500000, 0x00000000e5400000| Updating 
|  85|0x00000000e5500000, 0x00000000e5600000, 0x00000000e5600000|100%| O|  |TAMS 0x00000000e5600000, 0x00000000e5500000| Updating 
|  86|0x00000000e5600000, 0x00000000e5700000, 0x00000000e5700000|100%| O|  |TAMS 0x00000000e5700000, 0x00000000e5600000| Updating 
|  87|0x00000000e5700000, 0x00000000e5800000, 0x00000000e5800000|100%| O|  |TAMS 0x00000000e5800000, 0x00000000e5700000| Updating 
|  88|0x00000000e5800000, 0x00000000e5900000, 0x00000000e5900000|100%| O|  |TAMS 0x00000000e5900000, 0x00000000e5800000| Updating 
|  89|0x00000000e5900000, 0x00000000e5a00000, 0x00000000e5a00000|100%| O|  |TAMS 0x00000000e5a00000, 0x00000000e5900000| Untracked 
|  90|0x00000000e5a00000, 0x00000000e5b00000, 0x00000000e5b00000|100%| O|  |TAMS 0x00000000e5b00000, 0x00000000e5a00000| Updating 
|  91|0x00000000e5b00000, 0x00000000e5c00000, 0x00000000e5c00000|100%| O|  |TAMS 0x00000000e5c00000, 0x00000000e5b00000| Updating 
|  92|0x00000000e5c00000, 0x00000000e5d00000, 0x00000000e5d00000|100%| O|  |TAMS 0x00000000e5d00000, 0x00000000e5c00000| Updating 
|  93|0x00000000e5d00000, 0x00000000e5e00000, 0x00000000e5e00000|100%| O|  |TAMS 0x00000000e5e00000, 0x00000000e5d00000| Updating 
|  94|0x00000000e5e00000, 0x00000000e5f00000, 0x00000000e5f00000|100%| O|  |TAMS 0x00000000e5f00000, 0x00000000e5e00000| Updating 
|  95|0x00000000e5f00000, 0x00000000e6000000, 0x00000000e6000000|100%| O|  |TAMS 0x00000000e6000000, 0x00000000e5f00000| Updating 
|  96|0x00000000e6000000, 0x00000000e6100000, 0x00000000e6100000|100%| O|  |TAMS 0x00000000e6100000, 0x00000000e6000000| Updating 
|  97|0x00000000e6100000, 0x00000000e6200000, 0x00000000e6200000|100%| O|  |TAMS 0x00000000e6200000, 0x00000000e6100000| Updating 
|  98|0x00000000e6200000, 0x00000000e6300000, 0x00000000e6300000|100%| O|  |TAMS 0x00000000e6300000, 0x00000000e6200000| Updating 
|  99|0x00000000e6300000, 0x00000000e6400000, 0x00000000e6400000|100%| O|  |TAMS 0x00000000e6400000, 0x00000000e6300000| Updating 
| 100|0x00000000e6400000, 0x00000000e6500000, 0x00000000e6500000|100%| O|  |TAMS 0x00000000e6500000, 0x00000000e6400000| Updating 
| 101|0x00000000e6500000, 0x00000000e6600000, 0x00000000e6600000|100%| O|  |TAMS 0x00000000e6600000, 0x00000000e6500000| Updating 
| 102|0x00000000e6600000, 0x00000000e6700000, 0x00000000e6700000|100%| O|  |TAMS 0x00000000e6700000, 0x00000000e6600000| Updating 
| 103|0x00000000e6700000, 0x00000000e6800000, 0x00000000e6800000|100%| O|  |TAMS 0x00000000e6800000, 0x00000000e6700000| Updating 
| 104|0x00000000e6800000, 0x00000000e6900000, 0x00000000e6900000|100%| O|  |TAMS 0x00000000e6900000, 0x00000000e6800000| Updating 
| 105|0x00000000e6900000, 0x00000000e6a00000, 0x00000000e6a00000|100%| O|  |TAMS 0x00000000e6a00000, 0x00000000e6900000| Updating 
| 106|0x00000000e6a00000, 0x00000000e6b00000, 0x00000000e6b00000|100%| O|  |TAMS 0x00000000e6b00000, 0x00000000e6a00000| Updating 
| 107|0x00000000e6b00000, 0x00000000e6c00000, 0x00000000e6c00000|100%| O|  |TAMS 0x00000000e6c00000, 0x00000000e6b00000| Updating 
| 108|0x00000000e6c00000, 0x00000000e6d00000, 0x00000000e6d00000|100%| O|  |TAMS 0x00000000e6d00000, 0x00000000e6c00000| Updating 
| 109|0x00000000e6d00000, 0x00000000e6e00000, 0x00000000e6e00000|100%| O|  |TAMS 0x00000000e6e00000, 0x00000000e6d00000| Untracked 
| 110|0x00000000e6e00000, 0x00000000e6f00000, 0x00000000e6f00000|100%| O|  |TAMS 0x00000000e6f00000, 0x00000000e6e00000| Updating 
| 111|0x00000000e6f00000, 0x00000000e7000000, 0x00000000e7000000|100%| O|  |TAMS 0x00000000e7000000, 0x00000000e6f00000| Updating 
| 112|0x00000000e7000000, 0x00000000e7100000, 0x00000000e7100000|100%| O|  |TAMS 0x00000000e7100000, 0x00000000e7000000| Untracked 
| 113|0x00000000e7100000, 0x00000000e7200000, 0x00000000e7200000|100%| O|  |TAMS 0x00000000e7200000, 0x00000000e7100000| Updating 
| 114|0x00000000e7200000, 0x00000000e7300000, 0x00000000e7300000|100%| O|  |TAMS 0x00000000e7300000, 0x00000000e7200000| Updating 
| 115|0x00000000e7300000, 0x00000000e7400000, 0x00000000e7400000|100%| O|  |TAMS 0x00000000e7400000, 0x00000000e7300000| Updating 
| 116|0x00000000e7400000, 0x00000000e7500000, 0x00000000e7500000|100%| O|  |TAMS 0x00000000e7500000, 0x00000000e7400000| Updating 
| 117|0x00000000e7500000, 0x00000000e7600000, 0x00000000e7600000|100%| O|  |TAMS 0x00000000e7600000, 0x00000000e7500000| Updating 
| 118|0x00000000e7600000, 0x00000000e7700000, 0x00000000e7700000|100%| O|  |TAMS 0x00000000e7700000, 0x00000000e7600000| Updating 
| 119|0x00000000e7700000, 0x00000000e7800000, 0x00000000e7800000|100%| O|  |TAMS 0x00000000e7800000, 0x00000000e7700000| Updating 
| 120|0x00000000e7800000, 0x00000000e7900000, 0x00000000e7900000|100%| O|  |TAMS 0x00000000e7900000, 0x00000000e7800000| Untracked 
| 121|0x00000000e7900000, 0x00000000e7a00000, 0x00000000e7a00000|100%| O|  |TAMS 0x00000000e7a00000, 0x00000000e7900000| Untracked 
| 122|0x00000000e7a00000, 0x00000000e7b00000, 0x00000000e7b00000|100%| O|  |TAMS 0x00000000e7b00000, 0x00000000e7a00000| Updating 
| 123|0x00000000e7b00000, 0x00000000e7b00000, 0x00000000e7c00000|  0%| F|  |TAMS 0x00000000e7b00000, 0x00000000e7b00000| Untracked 
| 124|0x00000000e7c00000, 0x00000000e7c00000, 0x00000000e7d00000|  0%| F|  |TAMS 0x00000000e7c00000, 0x00000000e7c00000| Untracked 
| 125|0x00000000e7d00000, 0x00000000e7e00000, 0x00000000e7e00000|100%| O|  |TAMS 0x00000000e7e00000, 0x00000000e7d00000| Updating 
| 126|0x00000000e7e00000, 0x00000000e7f00000, 0x00000000e7f00000|100%|HS|  |TAMS 0x00000000e7f00000, 0x00000000e7e00000| Complete 
| 127|0x00000000e7f00000, 0x00000000e8000000, 0x00000000e8000000|100%|HC|  |TAMS 0x00000000e8000000, 0x00000000e7f00000| Complete 
| 128|0x00000000e8000000, 0x00000000e8000000, 0x00000000e8100000|  0%| F|  |TAMS 0x00000000e8000000, 0x00000000e8000000| Untracked 
| 129|0x00000000e8100000, 0x00000000e8100000, 0x00000000e8200000|  0%| F|  |TAMS 0x00000000e8100000, 0x00000000e8100000| Untracked 
| 130|0x00000000e8200000, 0x00000000e8200000, 0x00000000e8300000|  0%| F|  |TAMS 0x00000000e8200000, 0x00000000e8200000| Untracked 
| 131|0x00000000e8300000, 0x00000000e8300000, 0x00000000e8400000|  0%| F|  |TAMS 0x00000000e8300000, 0x00000000e8300000| Untracked 
| 132|0x00000000e8400000, 0x00000000e8500000, 0x00000000e8500000|100%| O|  |TAMS 0x00000000e8500000, 0x00000000e8400000| Updating 
| 133|0x00000000e8500000, 0x00000000e8600000, 0x00000000e8600000|100%| O|  |TAMS 0x00000000e8600000, 0x00000000e8500000| Updating 
| 134|0x00000000e8600000, 0x00000000e8700000, 0x00000000e8700000|100%| O|  |TAMS 0x00000000e8700000, 0x00000000e8600000| Updating 
| 135|0x00000000e8700000, 0x00000000e8800000, 0x00000000e8800000|100%| O|  |TAMS 0x00000000e8800000, 0x00000000e8700000| Updating 
| 136|0x00000000e8800000, 0x00000000e8900000, 0x00000000e8900000|100%| O|  |TAMS 0x00000000e8900000, 0x00000000e8800000| Updating 
| 137|0x00000000e8900000, 0x00000000e8a00000, 0x00000000e8a00000|100%| O|  |TAMS 0x00000000e8a00000, 0x00000000e8900000| Untracked 
| 138|0x00000000e8a00000, 0x00000000e8b00000, 0x00000000e8b00000|100%| O|  |TAMS 0x00000000e8b00000, 0x00000000e8a00000| Updating 
| 139|0x00000000e8b00000, 0x00000000e8c00000, 0x00000000e8c00000|100%| O|  |TAMS 0x00000000e8c00000, 0x00000000e8b00000| Updating 
| 140|0x00000000e8c00000, 0x00000000e8d00000, 0x00000000e8d00000|100%| O|  |TAMS 0x00000000e8d00000, 0x00000000e8c00000| Updating 
| 141|0x00000000e8d00000, 0x00000000e8e00000, 0x00000000e8e00000|100%| O|  |TAMS 0x00000000e8e00000, 0x00000000e8d00000| Updating 
| 142|0x00000000e8e00000, 0x00000000e8f00000, 0x00000000e8f00000|100%| O|  |TAMS 0x00000000e8f00000, 0x00000000e8e00000| Updating 
| 143|0x00000000e8f00000, 0x00000000e9000000, 0x00000000e9000000|100%| O|  |TAMS 0x00000000e9000000, 0x00000000e8f00000| Updating 
| 144|0x00000000e9000000, 0x00000000e9100000, 0x00000000e9100000|100%| O|  |TAMS 0x00000000e9100000, 0x00000000e9000000| Updating 
| 145|0x00000000e9100000, 0x00000000e9200000, 0x00000000e9200000|100%| O|  |TAMS 0x00000000e9200000, 0x00000000e9100000| Updating 
| 146|0x00000000e9200000, 0x00000000e9300000, 0x00000000e9300000|100%| O|  |TAMS 0x00000000e9300000, 0x00000000e9200000| Updating 
| 147|0x00000000e9300000, 0x00000000e9400000, 0x00000000e9400000|100%| O|  |TAMS 0x00000000e9400000, 0x00000000e9300000| Untracked 
| 148|0x00000000e9400000, 0x00000000e9500000, 0x00000000e9500000|100%| O|  |TAMS 0x00000000e9500000, 0x00000000e9400000| Updating 
| 149|0x00000000e9500000, 0x00000000e9600000, 0x00000000e9600000|100%| O|  |TAMS 0x00000000e9600000, 0x00000000e9500000| Updating 
| 150|0x00000000e9600000, 0x00000000e9700000, 0x00000000e9700000|100%| O|  |TAMS 0x00000000e9700000, 0x00000000e9600000| Updating 
| 151|0x00000000e9700000, 0x00000000e9800000, 0x00000000e9800000|100%| O|  |TAMS 0x00000000e9800000, 0x00000000e9700000| Updating 
| 152|0x00000000e9800000, 0x00000000e9900000, 0x00000000e9900000|100%| O|  |TAMS 0x00000000e9900000, 0x00000000e9800000| Updating 
| 153|0x00000000e9900000, 0x00000000e9a00000, 0x00000000e9a00000|100%| O|  |TAMS 0x00000000e9a00000, 0x00000000e9900000| Untracked 
| 154|0x00000000e9a00000, 0x00000000e9b00000, 0x00000000e9b00000|100%| O|  |TAMS 0x00000000e9b00000, 0x00000000e9a00000| Untracked 
| 155|0x00000000e9b00000, 0x00000000e9c00000, 0x00000000e9c00000|100%| O|  |TAMS 0x00000000e9c00000, 0x00000000e9b00000| Updating 
| 156|0x00000000e9c00000, 0x00000000e9d00000, 0x00000000e9d00000|100%| O|  |TAMS 0x00000000e9d00000, 0x00000000e9c00000| Updating 
| 157|0x00000000e9d00000, 0x00000000e9e00000, 0x00000000e9e00000|100%| O|  |TAMS 0x00000000e9e00000, 0x00000000e9d00000| Updating 
| 158|0x00000000e9e00000, 0x00000000e9f00000, 0x00000000e9f00000|100%| O|  |TAMS 0x00000000e9f00000, 0x00000000e9e00000| Untracked 
| 159|0x00000000e9f00000, 0x00000000ea000000, 0x00000000ea000000|100%| O|  |TAMS 0x00000000ea000000, 0x00000000e9f00000| Untracked 
| 160|0x00000000ea000000, 0x00000000ea100000, 0x00000000ea100000|100%| O|  |TAMS 0x00000000ea100000, 0x00000000ea000000| Updating 
| 161|0x00000000ea100000, 0x00000000ea200000, 0x00000000ea200000|100%| O|  |TAMS 0x00000000ea200000, 0x00000000ea100000| Updating 
| 162|0x00000000ea200000, 0x00000000ea300000, 0x00000000ea300000|100%| O|  |TAMS 0x00000000ea300000, 0x00000000ea200000| Updating 
| 163|0x00000000ea300000, 0x00000000ea400000, 0x00000000ea400000|100%| O|  |TAMS 0x00000000ea400000, 0x00000000ea300000| Updating 
| 164|0x00000000ea400000, 0x00000000ea500000, 0x00000000ea500000|100%| O|  |TAMS 0x00000000ea500000, 0x00000000ea400000| Updating 
| 165|0x00000000ea500000, 0x00000000ea600000, 0x00000000ea600000|100%| O|  |TAMS 0x00000000ea600000, 0x00000000ea500000| Updating 
| 166|0x00000000ea600000, 0x00000000ea700000, 0x00000000ea700000|100%| O|  |TAMS 0x00000000ea700000, 0x00000000ea600000| Untracked 
| 167|0x00000000ea700000, 0x00000000ea800000, 0x00000000ea800000|100%| O|  |TAMS 0x00000000ea800000, 0x00000000ea700000| Untracked 
| 168|0x00000000ea800000, 0x00000000ea900000, 0x00000000ea900000|100%| O|  |TAMS 0x00000000ea900000, 0x00000000ea800000| Untracked 
| 169|0x00000000ea900000, 0x00000000eaa00000, 0x00000000eaa00000|100%| O|  |TAMS 0x00000000eaa00000, 0x00000000ea900000| Untracked 
| 170|0x00000000eaa00000, 0x00000000eab00000, 0x00000000eab00000|100%| O|  |TAMS 0x00000000eab00000, 0x00000000eaa00000| Updating 
| 171|0x00000000eab00000, 0x00000000eac00000, 0x00000000eac00000|100%| O|  |TAMS 0x00000000eac00000, 0x00000000eab00000| Untracked 
| 172|0x00000000eac00000, 0x00000000ead00000, 0x00000000ead00000|100%| O|  |TAMS 0x00000000ead00000, 0x00000000eac00000| Untracked 
| 173|0x00000000ead00000, 0x00000000eae00000, 0x00000000eae00000|100%| O|  |TAMS 0x00000000eae00000, 0x00000000ead00000| Updating 
| 174|0x00000000eae00000, 0x00000000eaf00000, 0x00000000eaf00000|100%| O|  |TAMS 0x00000000eaf00000, 0x00000000eae00000| Updating 
| 175|0x00000000eaf00000, 0x00000000eb000000, 0x00000000eb000000|100%| O|  |TAMS 0x00000000eb000000, 0x00000000eaf00000| Updating 
| 176|0x00000000eb000000, 0x00000000eb100000, 0x00000000eb100000|100%| O|  |TAMS 0x00000000eb100000, 0x00000000eb000000| Untracked 
| 177|0x00000000eb100000, 0x00000000eb200000, 0x00000000eb200000|100%| O|  |TAMS 0x00000000eb200000, 0x00000000eb100000| Untracked 
| 178|0x00000000eb200000, 0x00000000eb300000, 0x00000000eb300000|100%| O|  |TAMS 0x00000000eb300000, 0x00000000eb200000| Untracked 
| 179|0x00000000eb300000, 0x00000000eb400000, 0x00000000eb400000|100%| O|  |TAMS 0x00000000eb400000, 0x00000000eb300000| Untracked 
| 180|0x00000000eb400000, 0x00000000eb500000, 0x00000000eb500000|100%| O|  |TAMS 0x00000000eb500000, 0x00000000eb400000| Untracked 
| 181|0x00000000eb500000, 0x00000000eb600000, 0x00000000eb600000|100%| O|  |TAMS 0x00000000eb600000, 0x00000000eb500000| Untracked 
| 182|0x00000000eb600000, 0x00000000eb700000, 0x00000000eb700000|100%| O|  |TAMS 0x00000000eb700000, 0x00000000eb600000| Updating 
| 183|0x00000000eb700000, 0x00000000eb800000, 0x00000000eb800000|100%| O|  |TAMS 0x00000000eb800000, 0x00000000eb700000| Updating 
| 184|0x00000000eb800000, 0x00000000eb900000, 0x00000000eb900000|100%| O|  |TAMS 0x00000000eb900000, 0x00000000eb800000| Updating 
| 185|0x00000000eb900000, 0x00000000eba00000, 0x00000000eba00000|100%| O|  |TAMS 0x00000000eba00000, 0x00000000eb900000| Updating 
| 186|0x00000000eba00000, 0x00000000ebb00000, 0x00000000ebb00000|100%| O|  |TAMS 0x00000000ebb00000, 0x00000000eba00000| Updating 
| 187|0x00000000ebb00000, 0x00000000ebc00000, 0x00000000ebc00000|100%| O|  |TAMS 0x00000000ebc00000, 0x00000000ebb00000| Updating 
| 188|0x00000000ebc00000, 0x00000000ebd00000, 0x00000000ebd00000|100%| O|  |TAMS 0x00000000ebd00000, 0x00000000ebc00000| Updating 
| 189|0x00000000ebd00000, 0x00000000ebe00000, 0x00000000ebe00000|100%| O|  |TAMS 0x00000000ebe00000, 0x00000000ebd00000| Updating 
| 190|0x00000000ebe00000, 0x00000000ebf00000, 0x00000000ebf00000|100%| O|  |TAMS 0x00000000ebf00000, 0x00000000ebe00000| Updating 
| 191|0x00000000ebf00000, 0x00000000ec000000, 0x00000000ec000000|100%| O|  |TAMS 0x00000000ec000000, 0x00000000ebf00000| Updating 
| 192|0x00000000ec000000, 0x00000000ec100000, 0x00000000ec100000|100%| O|  |TAMS 0x00000000ec100000, 0x00000000ec000000| Updating 
| 193|0x00000000ec100000, 0x00000000ec200000, 0x00000000ec200000|100%| O|  |TAMS 0x00000000ec200000, 0x00000000ec100000| Updating 
| 194|0x00000000ec200000, 0x00000000ec300000, 0x00000000ec300000|100%| O|  |TAMS 0x00000000ec300000, 0x00000000ec200000| Updating 
| 195|0x00000000ec300000, 0x00000000ec400000, 0x00000000ec400000|100%| O|  |TAMS 0x00000000ec400000, 0x00000000ec300000| Updating 
| 196|0x00000000ec400000, 0x00000000ec500000, 0x00000000ec500000|100%| O|  |TAMS 0x00000000ec500000, 0x00000000ec400000| Updating 
| 197|0x00000000ec500000, 0x00000000ec600000, 0x00000000ec600000|100%| O|  |TAMS 0x00000000ec600000, 0x00000000ec500000| Updating 
| 198|0x00000000ec600000, 0x00000000ec700000, 0x00000000ec700000|100%| O|  |TAMS 0x00000000ec700000, 0x00000000ec600000| Updating 
| 199|0x00000000ec700000, 0x00000000ec800000, 0x00000000ec800000|100%| O|  |TAMS 0x00000000ec800000, 0x00000000ec700000| Untracked 
| 200|0x00000000ec800000, 0x00000000ec900000, 0x00000000ec900000|100%| O|  |TAMS 0x00000000ec900000, 0x00000000ec800000| Updating 
| 201|0x00000000ec900000, 0x00000000eca00000, 0x00000000eca00000|100%| O|  |TAMS 0x00000000eca00000, 0x00000000ec900000| Untracked 
| 202|0x00000000eca00000, 0x00000000ecb00000, 0x00000000ecb00000|100%| O|  |TAMS 0x00000000ecb00000, 0x00000000eca00000| Untracked 
| 203|0x00000000ecb00000, 0x00000000ecc00000, 0x00000000ecc00000|100%| O|  |TAMS 0x00000000ecbbb400, 0x00000000ecb00000| Untracked 
| 204|0x00000000ecc00000, 0x00000000ecd00000, 0x00000000ecd00000|100%| O|  |TAMS 0x00000000ecc00000, 0x00000000ecc00000| Untracked 
| 205|0x00000000ecd00000, 0x00000000ece00000, 0x00000000ece00000|100%| O|  |TAMS 0x00000000ecd00000, 0x00000000ecd00000| Untracked 
| 206|0x00000000ece00000, 0x00000000ececb600, 0x00000000ecf00000| 79%| O|  |TAMS 0x00000000ece00000, 0x00000000ece00000| Updating 
| 207|0x00000000ecf00000, 0x00000000ecf00000, 0x00000000ed000000|  0%| F|  |TAMS 0x00000000ecf00000, 0x00000000ecf00000| Untracked 
| 208|0x00000000ed000000, 0x00000000ed000000, 0x00000000ed100000|  0%| F|  |TAMS 0x00000000ed000000, 0x00000000ed000000| Untracked 
| 209|0x00000000ed100000, 0x00000000ed100000, 0x00000000ed200000|  0%| F|  |TAMS 0x00000000ed100000, 0x00000000ed100000| Untracked 
| 210|0x00000000ed200000, 0x00000000ed200000, 0x00000000ed300000|  0%| F|  |TAMS 0x00000000ed200000, 0x00000000ed200000| Untracked 
| 211|0x00000000ed300000, 0x00000000ed300000, 0x00000000ed400000|  0%| F|  |TAMS 0x00000000ed300000, 0x00000000ed300000| Untracked 
| 212|0x00000000ed400000, 0x00000000ed400000, 0x00000000ed500000|  0%| F|  |TAMS 0x00000000ed400000, 0x00000000ed400000| Untracked 
| 213|0x00000000ed500000, 0x00000000ed500000, 0x00000000ed600000|  0%| F|  |TAMS 0x00000000ed500000, 0x00000000ed500000| Untracked 
| 214|0x00000000ed600000, 0x00000000ed600000, 0x00000000ed700000|  0%| F|  |TAMS 0x00000000ed600000, 0x00000000ed600000| Untracked 
| 215|0x00000000ed700000, 0x00000000ed700000, 0x00000000ed800000|  0%| F|  |TAMS 0x00000000ed700000, 0x00000000ed700000| Untracked 
| 216|0x00000000ed800000, 0x00000000ed800000, 0x00000000ed900000|  0%| F|  |TAMS 0x00000000ed800000, 0x00000000ed800000| Untracked 
| 217|0x00000000ed900000, 0x00000000ed900000, 0x00000000eda00000|  0%| F|  |TAMS 0x00000000ed900000, 0x00000000ed900000| Untracked 
| 218|0x00000000eda00000, 0x00000000eda00000, 0x00000000edb00000|  0%| F|  |TAMS 0x00000000eda00000, 0x00000000eda00000| Untracked 
| 219|0x00000000edb00000, 0x00000000edb00000, 0x00000000edc00000|  0%| F|  |TAMS 0x00000000edb00000, 0x00000000edb00000| Untracked 
| 220|0x00000000edc00000, 0x00000000edc00000, 0x00000000edd00000|  0%| F|  |TAMS 0x00000000edc00000, 0x00000000edc00000| Untracked 
| 221|0x00000000edd00000, 0x00000000edd00000, 0x00000000ede00000|  0%| F|  |TAMS 0x00000000edd00000, 0x00000000edd00000| Untracked 
| 222|0x00000000ede00000, 0x00000000ede00000, 0x00000000edf00000|  0%| F|  |TAMS 0x00000000ede00000, 0x00000000ede00000| Untracked 
| 223|0x00000000edf00000, 0x00000000edf00000, 0x00000000ee000000|  0%| F|  |TAMS 0x00000000edf00000, 0x00000000edf00000| Untracked 
| 224|0x00000000ee000000, 0x00000000ee000000, 0x00000000ee100000|  0%| F|  |TAMS 0x00000000ee000000, 0x00000000ee000000| Untracked 
| 225|0x00000000ee100000, 0x00000000ee100000, 0x00000000ee200000|  0%| F|  |TAMS 0x00000000ee100000, 0x00000000ee100000| Untracked 
| 226|0x00000000ee200000, 0x00000000ee200000, 0x00000000ee300000|  0%| F|  |TAMS 0x00000000ee200000, 0x00000000ee200000| Untracked 
| 227|0x00000000ee300000, 0x00000000ee300000, 0x00000000ee400000|  0%| F|  |TAMS 0x00000000ee300000, 0x00000000ee300000| Untracked 
| 228|0x00000000ee400000, 0x00000000ee400000, 0x00000000ee500000|  0%| F|  |TAMS 0x00000000ee400000, 0x00000000ee400000| Untracked 
| 229|0x00000000ee500000, 0x00000000ee500000, 0x00000000ee600000|  0%| F|  |TAMS 0x00000000ee500000, 0x00000000ee500000| Untracked 
| 230|0x00000000ee600000, 0x00000000ee600000, 0x00000000ee700000|  0%| F|  |TAMS 0x00000000ee600000, 0x00000000ee600000| Untracked 
| 231|0x00000000ee700000, 0x00000000ee700000, 0x00000000ee800000|  0%| F|  |TAMS 0x00000000ee700000, 0x00000000ee700000| Untracked 
| 232|0x00000000ee800000, 0x00000000ee800000, 0x00000000ee900000|  0%| F|  |TAMS 0x00000000ee800000, 0x00000000ee800000| Untracked 
| 233|0x00000000ee900000, 0x00000000ee900000, 0x00000000eea00000|  0%| F|  |TAMS 0x00000000ee900000, 0x00000000ee900000| Untracked 
| 234|0x00000000eea00000, 0x00000000eea44300, 0x00000000eeb00000| 26%| S|CS|TAMS 0x00000000eea00000, 0x00000000eea00000| Complete 
| 235|0x00000000eeb00000, 0x00000000eec00000, 0x00000000eec00000|100%| S|CS|TAMS 0x00000000eeb00000, 0x00000000eeb00000| Complete 
| 236|0x00000000eec00000, 0x00000000eec00000, 0x00000000eed00000|  0%| F|  |TAMS 0x00000000eec00000, 0x00000000eec00000| Untracked 
| 237|0x00000000eed00000, 0x00000000eed00000, 0x00000000eee00000|  0%| F|  |TAMS 0x00000000eed00000, 0x00000000eed00000| Untracked 
| 238|0x00000000eee00000, 0x00000000eef00000, 0x00000000eef00000|100%| S|CS|TAMS 0x00000000eee00000, 0x00000000eee00000| Complete 
| 239|0x00000000eef00000, 0x00000000eef00000, 0x00000000ef000000|  0%| F|  |TAMS 0x00000000eef00000, 0x00000000eef00000| Untracked 
| 240|0x00000000ef000000, 0x00000000ef000000, 0x00000000ef100000|  0%| F|  |TAMS 0x00000000ef000000, 0x00000000ef000000| Untracked 
| 241|0x00000000ef100000, 0x00000000ef100000, 0x00000000ef200000|  0%| F|  |TAMS 0x00000000ef100000, 0x00000000ef100000| Untracked 
| 242|0x00000000ef200000, 0x00000000ef200000, 0x00000000ef300000|  0%| F|  |TAMS 0x00000000ef200000, 0x00000000ef200000| Untracked 
| 243|0x00000000ef300000, 0x00000000ef300000, 0x00000000ef400000|  0%| F|  |TAMS 0x00000000ef300000, 0x00000000ef300000| Untracked 
| 244|0x00000000ef400000, 0x00000000ef400000, 0x00000000ef500000|  0%| F|  |TAMS 0x00000000ef400000, 0x00000000ef400000| Untracked 
| 245|0x00000000ef500000, 0x00000000ef500000, 0x00000000ef600000|  0%| F|  |TAMS 0x00000000ef500000, 0x00000000ef500000| Untracked 
| 246|0x00000000ef600000, 0x00000000ef600000, 0x00000000ef700000|  0%| F|  |TAMS 0x00000000ef600000, 0x00000000ef600000| Untracked 
| 247|0x00000000ef700000, 0x00000000ef700000, 0x00000000ef800000|  0%| F|  |TAMS 0x00000000ef700000, 0x00000000ef700000| Untracked 
| 248|0x00000000ef800000, 0x00000000ef800000, 0x00000000ef900000|  0%| F|  |TAMS 0x00000000ef800000, 0x00000000ef800000| Untracked 
| 249|0x00000000ef900000, 0x00000000ef900000, 0x00000000efa00000|  0%| F|  |TAMS 0x00000000ef900000, 0x00000000ef900000| Untracked 
| 250|0x00000000efa00000, 0x00000000efa00000, 0x00000000efb00000|  0%| F|  |TAMS 0x00000000efa00000, 0x00000000efa00000| Untracked 
| 251|0x00000000efb00000, 0x00000000efb00000, 0x00000000efc00000|  0%| F|  |TAMS 0x00000000efb00000, 0x00000000efb00000| Untracked 
| 252|0x00000000efc00000, 0x00000000efcc3f50, 0x00000000efd00000| 76%| E|  |TAMS 0x00000000efc00000, 0x00000000efc00000| Complete 
| 253|0x00000000efd00000, 0x00000000efe00000, 0x00000000efe00000|100%| E|CS|TAMS 0x00000000efd00000, 0x00000000efd00000| Complete 
| 254|0x00000000efe00000, 0x00000000eff00000, 0x00000000eff00000|100%| E|CS|TAMS 0x00000000efe00000, 0x00000000efe00000| Complete 
| 255|0x00000000eff00000, 0x00000000f0000000, 0x00000000f0000000|100%| E|CS|TAMS 0x00000000eff00000, 0x00000000eff00000| Complete 

Card table byte_map: [0x000001ddce2f0000,0x000001ddce3f0000] _byte_map_base: 0x000001ddcdbf0000

Marking Bits (Prev, Next): (CMBitMap*) 0x000001ddb5bcd270, (CMBitMap*) 0x000001ddb5bcd2b0
 Prev Bits: [0x000001ddce4f0000, 0x000001ddcecf0000)
 Next Bits: [0x000001ddcecf0000, 0x000001ddcf4f0000)

Polling page: 0x000001ddbeba0000

Metaspace:

Usage:
  Non-class:    138.29 MB used.
      Class:     19.65 MB used.
       Both:    157.94 MB used.

Virtual space:
  Non-class space:      192.00 MB reserved,     139.25 MB ( 73%) committed,  3 nodes.
      Class space:      320.00 MB reserved,      20.31 MB (  6%) committed,  1 nodes.
             Both:      512.00 MB reserved,     159.56 MB ( 31%) committed. 

Chunk freelists:
   Non-Class:  4.55 MB
       Class:  11.81 MB
        Both:  16.36 MB

MaxMetaspaceSize: 384.00 MB
CompressedClassSpaceSize: 320.00 MB
Initial GC threshold: 21.00 MB
Current GC threshold: 160.12 MB
CDS: on
MetaspaceReclaimPolicy: balanced
 - commit_granule_bytes: 65536.
 - commit_granule_words: 8192.
 - virtual_space_node_default_size: 8388608.
 - enlarge_chunks_in_place: 1.
 - new_chunks_are_fully_committed: 0.
 - uncommit_free_chunks: 1.
 - use_allocation_guard: 0.
 - handle_deallocations: 1.


Internal statistics:

num_allocs_failed_limit: 33.
num_arena_births: 1574.
num_arena_deaths: 272.
num_vsnodes_births: 4.
num_vsnodes_deaths: 0.
num_space_committed: 2551.
num_space_uncommitted: 0.
num_chunks_returned_to_freelist: 406.
num_chunks_taken_from_freelist: 7924.
num_chunk_merges: 123.
num_chunk_splits: 5671.
num_chunks_enlarged: 4165.
num_inconsistent_stats: 0.

CodeHeap 'non-profiled nmethods': size=120000Kb used=19207Kb max_used=19243Kb free=100792Kb
 bounds [0x000001ddc6690000, 0x000001ddc7960000, 0x000001ddcdbc0000]
CodeHeap 'profiled nmethods': size=120000Kb used=46416Kb max_used=46469Kb free=73583Kb
 bounds [0x000001ddbebc0000, 0x000001ddc1930000, 0x000001ddc60f0000]
CodeHeap 'non-nmethods': size=5760Kb used=2594Kb max_used=2670Kb free=3166Kb
 bounds [0x000001ddc60f0000, 0x000001ddc63a0000, 0x000001ddc6690000]
 total_blobs=23896 nmethods=22736 adapters=1070
 compilation: enabled
              stopped_count=0, restarted_count=0
 full_count=0

Compilation events (20 events):
Event: 4289.290 Thread 0x000001ddeb00d900 28987       3       org.codehaus.groovy.ast.FieldNode::setType (32 bytes)
Event: 4289.290 Thread 0x000001ddeb00d900 nmethod 28987 0x000001ddc1917d90 code [0x000001ddc1917f20, 0x000001ddc1918158]
Event: 4289.291 Thread 0x000001ddeb004f30 28988       4       org.codehaus.groovy.ast.stmt.BlockStatement::visit (8 bytes)
Event: 4289.292 Thread 0x000001ddeb004f30 nmethod 28988 0x000001ddc7853390 code [0x000001ddc7853500, 0x000001ddc7853598]
Event: 4289.295 Thread 0x000001ddeb00d900 28989       3       groovyjarjarasm.asm.Frame::merge (395 bytes)
Event: 4289.303 Thread 0x000001ddeb00d900 nmethod 28989 0x000001ddc1918210 code [0x000001ddc19184c0, 0x000001ddc1919338]
Event: 4289.303 Thread 0x000001ddeb00d900 28992       3       groovyjarjarasm.asm.AnnotationWriter::visitEnd (44 bytes)
Event: 4289.304 Thread 0x000001ddeb00d900 nmethod 28992 0x000001ddc1919990 code [0x000001ddc1919b20, 0x000001ddc1919cb8]
Event: 4289.304 Thread 0x000001ddeb00d900 28991       3       groovyjarjarasm.asm.SymbolTable::hash (12 bytes)
Event: 4289.304 Thread 0x000001ddeb00d900 nmethod 28991 0x000001ddc1919e10 code [0x000001ddc1919fa0, 0x000001ddc191a0e8]
Event: 4289.304 Thread 0x000001ddeb00d900 28990       1       org.codehaus.groovy.ast.AnnotationNode::hasRuntimeRetention (5 bytes)
Event: 4289.304 Thread 0x000001ddeb00d900 nmethod 28990 0x000001ddc7853090 code [0x000001ddc7853220, 0x000001ddc78532f8]
Event: 4289.523 Thread 0x000001ddeb00d900 28993   !   3       org.codehaus.groovy.control.CompilationUnit$IPrimaryClassNodeOperation::doPhaseOperation (452 bytes)
Event: 4289.576 Thread 0x000001ddeb00d900 nmethod 28993 0x000001ddc191a210 code [0x000001ddc191a9a0, 0x000001ddc1920608]
Event: 4289.710 Thread 0x000001ddeb00d900 28996       3       org.gradle.model.internal.asm.MethodVisitorScope::_INVOKESTATIC (13 bytes)
Event: 4289.711 Thread 0x000001ddeb00d900 nmethod 28996 0x000001ddc0c06f90 code [0x000001ddc0c07120, 0x000001ddc0c07288]
Event: 4290.016 Thread 0x000001ddeb00d900 28997       3       org.gradle.internal.classpath.CallInterceptionClosureInstrumentingClassVisitor$$Lambda$754/0x000001ddd35cf980::test (16 bytes)
Event: 4290.023 Thread 0x000001ddeb00d900 nmethod 28997 0x000001ddc0c65d90 code [0x000001ddc0c65f60, 0x000001ddc0c66338]
Event: 4290.336 Thread 0x000001ddeb00d900 28998       3       org.gradle.internal.snapshot.impl.DirectorySnapshotter$PathVisitor::doPreVisitDirectory (182 bytes)
Event: 4290.397 Thread 0x000001ddeb00d900 nmethod 28998 0x000001ddc163d390 code [0x000001ddc163d800, 0x000001ddc163fc18]

GC Heap History (20 events):
Event: 4264.526 GC heap before
{Heap before GC invocations=136 (full 0):
 garbage-first heap   total 262144K, used 228029K [0x00000000e0000000, 0x0000000100000000)
  region size 1024K, 29 young (29696K), 3 survivors (3072K)
 Metaspace       used 161094K, committed 162176K, reserved 524288K
  class space    used 20124K, committed 20672K, reserved 327680K
}
Event: 4264.722 GC heap after
{Heap after GC invocations=137 (full 0):
 garbage-first heap   total 262144K, used 203541K [0x00000000e0000000, 0x0000000100000000)
  region size 1024K, 4 young (4096K), 4 survivors (4096K)
 Metaspace       used 161094K, committed 162176K, reserved 524288K
  class space    used 20124K, committed 20672K, reserved 327680K
}
Event: 4273.165 GC heap before
{Heap before GC invocations=137 (full 0):
 garbage-first heap   total 262144K, used 228117K [0x00000000e0000000, 0x0000000100000000)
  region size 1024K, 29 young (29696K), 4 survivors (4096K)
 Metaspace       used 161288K, committed 162432K, reserved 524288K
  class space    used 20142K, committed 20736K, reserved 327680K
}
Event: 4273.233 GC heap after
{Heap after GC invocations=138 (full 0):
 garbage-first heap   total 262144K, used 205059K [0x00000000e0000000, 0x0000000100000000)
  region size 1024K, 3 young (3072K), 3 survivors (3072K)
 Metaspace       used 161288K, committed 162432K, reserved 524288K
  class space    used 20142K, committed 20736K, reserved 327680K
}
Event: 4277.982 GC heap before
{Heap before GC invocations=138 (full 0):
 garbage-first heap   total 262144K, used 228611K [0x00000000e0000000, 0x0000000100000000)
  region size 1024K, 27 young (27648K), 3 survivors (3072K)
 Metaspace       used 161572K, committed 162752K, reserved 524288K
  class space    used 20164K, committed 20736K, reserved 327680K
}
Event: 4278.047 GC heap after
{Heap after GC invocations=139 (full 0):
 garbage-first heap   total 262144K, used 206546K [0x00000000e0000000, 0x0000000100000000)
  region size 1024K, 3 young (3072K), 3 survivors (3072K)
 Metaspace       used 161572K, committed 162752K, reserved 524288K
  class space    used 20164K, committed 20736K, reserved 327680K
}
Event: 4278.436 GC heap before
{Heap before GC invocations=139 (full 0):
 garbage-first heap   total 262144K, used 230098K [0x00000000e0000000, 0x0000000100000000)
  region size 1024K, 26 young (26624K), 3 survivors (3072K)
 Metaspace       used 161581K, committed 162752K, reserved 524288K
  class space    used 20164K, committed 20736K, reserved 327680K
}
Event: 4278.472 GC heap after
{Heap after GC invocations=140 (full 0):
 garbage-first heap   total 262144K, used 207026K [0x00000000e0000000, 0x0000000100000000)
  region size 1024K, 2 young (2048K), 2 survivors (2048K)
 Metaspace       used 161581K, committed 162752K, reserved 524288K
  class space    used 20164K, committed 20736K, reserved 327680K
}
Event: 4280.658 GC heap before
{Heap before GC invocations=140 (full 0):
 garbage-first heap   total 262144K, used 230578K [0x00000000e0000000, 0x0000000100000000)
  region size 1024K, 25 young (25600K), 2 survivors (2048K)
 Metaspace       used 161756K, committed 162880K, reserved 524288K
  class space    used 20182K, committed 20736K, reserved 327680K
}
Event: 4280.676 GC heap after
{Heap after GC invocations=141 (full 0):
 garbage-first heap   total 262144K, used 209074K [0x00000000e0000000, 0x0000000100000000)
  region size 1024K, 4 young (4096K), 4 survivors (4096K)
 Metaspace       used 161756K, committed 162880K, reserved 524288K
  class space    used 20182K, committed 20736K, reserved 327680K
}
Event: 4280.890 GC heap before
{Heap before GC invocations=141 (full 0):
 garbage-first heap   total 262144K, used 229554K [0x00000000e0000000, 0x0000000100000000)
  region size 1024K, 24 young (24576K), 4 survivors (4096K)
 Metaspace       used 161756K, committed 162880K, reserved 524288K
  class space    used 20182K, committed 20736K, reserved 327680K
}
Event: 4280.960 GC heap after
{Heap after GC invocations=142 (full 0):
 garbage-first heap   total 262144K, used 209961K [0x00000000e0000000, 0x0000000100000000)
  region size 1024K, 2 young (2048K), 2 survivors (2048K)
 Metaspace       used 161756K, committed 162880K, reserved 524288K
  class space    used 20182K, committed 20736K, reserved 327680K
}
Event: 4281.525 GC heap before
{Heap before GC invocations=142 (full 0):
 garbage-first heap   total 262144K, used 230441K [0x00000000e0000000, 0x0000000100000000)
  region size 1024K, 22 young (22528K), 2 survivors (2048K)
 Metaspace       used 161785K, committed 162944K, reserved 524288K
  class space    used 20185K, committed 20736K, reserved 327680K
}
Event: 4281.535 GC heap after
{Heap after GC invocations=143 (full 0):
 garbage-first heap   total 262144K, used 210669K [0x00000000e0000000, 0x0000000100000000)
  region size 1024K, 2 young (2048K), 2 survivors (2048K)
 Metaspace       used 161785K, committed 162944K, reserved 524288K
  class space    used 20185K, committed 20736K, reserved 327680K
}
Event: 4283.590 GC heap before
{Heap before GC invocations=143 (full 0):
 garbage-first heap   total 262144K, used 230125K [0x00000000e0000000, 0x0000000100000000)
  region size 1024K, 22 young (22528K), 2 survivors (2048K)
 Metaspace       used 161984K, committed 163136K, reserved 524288K
  class space    used 20206K, committed 20800K, reserved 327680K
}
Event: 4283.688 GC heap after
{Heap after GC invocations=144 (full 0):
 garbage-first heap   total 262144K, used 212384K [0x00000000e0000000, 0x0000000100000000)
  region size 1024K, 3 young (3072K), 3 survivors (3072K)
 Metaspace       used 161984K, committed 163136K, reserved 524288K
  class space    used 20206K, committed 20800K, reserved 327680K
}
Event: 4284.247 GC heap before
{Heap before GC invocations=144 (full 0):
 garbage-first heap   total 262144K, used 230816K [0x00000000e0000000, 0x0000000100000000)
  region size 1024K, 21 young (21504K), 3 survivors (3072K)
 Metaspace       used 161985K, committed 163136K, reserved 524288K
  class space    used 20206K, committed 20800K, reserved 327680K
}
Event: 4284.295 GC heap after
{Heap after GC invocations=145 (full 0):
 garbage-first heap   total 262144K, used 212900K [0x00000000e0000000, 0x0000000100000000)
  region size 1024K, 2 young (2048K), 2 survivors (2048K)
 Metaspace       used 161985K, committed 163136K, reserved 524288K
  class space    used 20206K, committed 20800K, reserved 327680K
}
Event: 4287.565 GC heap before
{Heap before GC invocations=145 (full 0):
 garbage-first heap   total 262144K, used 229284K [0x00000000e0000000, 0x0000000100000000)
  region size 1024K, 19 young (19456K), 2 survivors (2048K)
 Metaspace       used 162115K, committed 163264K, reserved 524288K
  class space    used 20219K, committed 20800K, reserved 327680K
}
Event: 4287.612 GC heap after
{Heap after GC invocations=146 (full 0):
 garbage-first heap   total 262144K, used 214078K [0x00000000e0000000, 0x0000000100000000)
  region size 1024K, 3 young (3072K), 3 survivors (3072K)
 Metaspace       used 162115K, committed 163264K, reserved 524288K
  class space    used 20219K, committed 20800K, reserved 327680K
}

Deoptimization events (20 events):
Event: 4280.644 Thread 0x000001ddeb1102d0 Uncommon trap: trap_request=0xffffff45 fr.pc=0x000001ddc7348d48 relative=0x00000000000013a8
Event: 4280.644 Thread 0x000001ddeb1102d0 Uncommon trap: reason=unstable_if action=reinterpret pc=0x000001ddc7348d48 method=java.util.concurrent.ConcurrentHashMap.putVal(Ljava/lang/Object;Ljava/lang/Object;Z)Ljava/lang/Object; @ 162 c2
Event: 4280.644 Thread 0x000001ddeb1102d0 DEOPT PACKING pc=0x000001ddc7348d48 sp=0x0000008777af5a50
Event: 4280.644 Thread 0x000001ddeb1102d0 DEOPT UNPACKING pc=0x000001ddc614239d sp=0x0000008777af59f8 mode 2
Event: 4280.644 Thread 0x000001ddeb1102d0 Uncommon trap: trap_request=0xffffffde fr.pc=0x000001ddc73a25f4 relative=0x00000000000001d4
Event: 4280.644 Thread 0x000001ddeb1102d0 Uncommon trap: reason=class_check action=maybe_recompile pc=0x000001ddc73a25f4 method=groovyjarjarantlr4.v4.runtime.atn.ArrayPredictionContext.equals(Ljava/lang/Object;)Z @ 8 c2
Event: 4280.644 Thread 0x000001ddeb1102d0 DEOPT PACKING pc=0x000001ddc73a25f4 sp=0x0000008777af59a0
Event: 4280.644 Thread 0x000001ddeb1102d0 DEOPT UNPACKING pc=0x000001ddc614239d sp=0x0000008777af5968 mode 2
Event: 4280.652 Thread 0x000001ddeb1102d0 DEOPT PACKING pc=0x000001ddc13ed02a sp=0x0000008777af5be0
Event: 4280.652 Thread 0x000001ddeb1102d0 DEOPT UNPACKING pc=0x000001ddc6142b24 sp=0x0000008777af5108 mode 0
Event: 4282.087 Thread 0x000001ddeb1102d0 DEOPT PACKING pc=0x000001ddbec42464 sp=0x0000008777af70f0
Event: 4282.088 Thread 0x000001ddeb1102d0 DEOPT UNPACKING pc=0x000001ddc6142b24 sp=0x0000008777af65b0 mode 0
Event: 4282.287 Thread 0x000001ddeb1102d0 Uncommon trap: trap_request=0xffffff45 fr.pc=0x000001ddc78f7bc8 relative=0x0000000000000308
Event: 4282.287 Thread 0x000001ddeb1102d0 Uncommon trap: reason=unstable_if action=reinterpret pc=0x000001ddc78f7bc8 method=groovyjarjarasm.asm.Frame.push(I)V @ 26 c2
Event: 4282.287 Thread 0x000001ddeb1102d0 DEOPT PACKING pc=0x000001ddc78f7bc8 sp=0x0000008777af6fb0
Event: 4282.287 Thread 0x000001ddeb1102d0 DEOPT UNPACKING pc=0x000001ddc614239d sp=0x0000008777af6ec8 mode 2
Event: 4283.407 Thread 0x000001ddeb1102d0 DEOPT PACKING pc=0x000001ddbf844616 sp=0x0000008777af4f00
Event: 4283.408 Thread 0x000001ddeb1102d0 DEOPT UNPACKING pc=0x000001ddc6142b24 sp=0x0000008777af4430 mode 0
Event: 4283.471 Thread 0x000001ddeb1102d0 DEOPT PACKING pc=0x000001ddc1779af5 sp=0x0000008777af4e70
Event: 4283.472 Thread 0x000001ddeb1102d0 DEOPT UNPACKING pc=0x000001ddc6142b24 sp=0x0000008777af43c8 mode 0

Classes unloaded (20 events):
Event: 4291.202 Thread 0x000001ddd1b36790 Unloading class 0x000001ddd31e1400 'java/lang/invoke/LambdaForm$MH+0x000001ddd31e1400'
Event: 4291.202 Thread 0x000001ddd1b36790 Unloading class 0x000001ddd31e0400 'java/lang/invoke/LambdaForm$MH+0x000001ddd31e0400'
Event: 4291.202 Thread 0x000001ddd1b36790 Unloading class 0x000001ddd31e0000 'java/lang/invoke/LambdaForm$BMH+0x000001ddd31e0000'
Event: 4291.203 Thread 0x000001ddd1b36790 Unloading class 0x000001ddd310a400 'java/lang/invoke/LambdaForm$DMH+0x000001ddd310a400'
Event: 4291.205 Thread 0x000001ddd1b36790 Unloading class 0x000001ddd3109c00 'java/lang/invoke/LambdaForm$DMH+0x000001ddd3109c00'
Event: 4291.205 Thread 0x000001ddd1b36790 Unloading class 0x000001ddd3109800 'java/lang/invoke/LambdaForm$MH+0x000001ddd3109800'
Event: 4291.205 Thread 0x000001ddd1b36790 Unloading class 0x000001ddd3109400 'java/lang/invoke/LambdaForm$MH+0x000001ddd3109400'
Event: 4291.205 Thread 0x000001ddd1b36790 Unloading class 0x000001ddd3109000 'java/lang/invoke/LambdaForm$MH+0x000001ddd3109000'
Event: 4291.205 Thread 0x000001ddd1b36790 Unloading class 0x000001ddd3108c00 'java/lang/invoke/LambdaForm$MH+0x000001ddd3108c00'
Event: 4291.205 Thread 0x000001ddd1b36790 Unloading class 0x000001ddd3108800 'java/lang/invoke/LambdaForm$MH+0x000001ddd3108800'
Event: 4291.205 Thread 0x000001ddd1b36790 Unloading class 0x000001ddd30de400 'java/lang/invoke/LambdaForm$MH+0x000001ddd30de400'
Event: 4291.205 Thread 0x000001ddd1b36790 Unloading class 0x000001ddd30ddc00 'java/lang/invoke/LambdaForm$MH+0x000001ddd30ddc00'
Event: 4291.205 Thread 0x000001ddd1b36790 Unloading class 0x000001ddd30dd800 'java/lang/invoke/LambdaForm$MH+0x000001ddd30dd800'
Event: 4291.205 Thread 0x000001ddd1b36790 Unloading class 0x000001ddd30dd400 'java/lang/invoke/LambdaForm$MH+0x000001ddd30dd400'
Event: 4291.205 Thread 0x000001ddd1b36790 Unloading class 0x000001ddd30dd000 'java/lang/invoke/LambdaForm$MH+0x000001ddd30dd000'
Event: 4291.205 Thread 0x000001ddd1b36790 Unloading class 0x000001ddd30dc800 'java/lang/invoke/LambdaForm$MH+0x000001ddd30dc800'
Event: 4291.207 Thread 0x000001ddd1b36790 Unloading class 0x000001ddd3084000 'java/lang/invoke/LambdaForm$DMH+0x000001ddd3084000'
Event: 4291.209 Thread 0x000001ddd1b36790 Unloading class 0x000001ddd302ac00 'java/lang/invoke/LambdaForm$MH+0x000001ddd302ac00'
Event: 4291.209 Thread 0x000001ddd1b36790 Unloading class 0x000001ddd302a800 'java/lang/invoke/LambdaForm$MH+0x000001ddd302a800'
Event: 4291.209 Thread 0x000001ddd1b36790 Unloading class 0x000001ddd3028400 'java/lang/invoke/LambdaForm$MH+0x000001ddd3028400'

Classes redefined (0 events):
No events

Internal exceptions (20 events):
Event: 4283.143 Thread 0x000001ddecf4f2c0 Exception <a 'sun/nio/fs/WindowsException'{0x00000000ef711f68}> (0x00000000ef711f68) 
thrown [s\open\src\hotspot\share\prims\jni.cpp, line 516]
Event: 4283.156 Thread 0x000001ddecf4f2c0 Exception <a 'sun/nio/fs/WindowsException'{0x00000000ef7120d0}> (0x00000000ef7120d0) 
thrown [s\open\src\hotspot\share\prims\jni.cpp, line 516]
Event: 4283.205 Thread 0x000001ddeb1102d0 Exception <a 'java/lang/ClassNotFoundException'{0x00000000ef9da0f0}: ijKotlinWasmBrowserTestDebugge_17vzaqgmr6x6ro14las6p8qgpBeanInfo> (0x00000000ef9da0f0) 
thrown [s\open\src\hotspot\share\classfile\systemDictionary.cpp, line 256]
Event: 4283.205 Thread 0x000001ddeb1102d0 Exception <a 'java/lang/ClassNotFoundException'{0x00000000ef7197a0}: ijKotlinWasmBrowserTestDebugge_17vzaqgmr6x6ro14las6p8qgpCustomizer> (0x00000000ef7197a0) 
thrown [s\open\src\hotspot\share\classfile\systemDictionary.cpp, line 256]
Event: 4285.244 Thread 0x000001ddeb1102d0 Exception <a 'sun/nio/fs/WindowsException'{0x00000000ef4fe2e8}> (0x00000000ef4fe2e8) 
thrown [s\open\src\hotspot\share\prims\jni.cpp, line 516]
Event: 4285.244 Thread 0x000001ddeb1102d0 Exception <a 'sun/nio/fs/WindowsException'{0x00000000ef4ff908}> (0x00000000ef4ff908) 
thrown [s\open\src\hotspot\share\prims\jni.cpp, line 516]
Event: 4285.278 Thread 0x000001ddeb1102d0 Exception <a 'sun/nio/fs/WindowsException'{0x00000000ef34d2f8}> (0x00000000ef34d2f8) 
thrown [s\open\src\hotspot\share\prims\jni.cpp, line 516]
Event: 4285.293 Thread 0x000001ddeb1102d0 Exception <a 'sun/nio/fs/WindowsException'{0x00000000ef34d4e0}> (0x00000000ef34d4e0) 
thrown [s\open\src\hotspot\share\prims\jni.cpp, line 516]
Event: 4285.480 Thread 0x000001ddecf4de80 Exception <a 'sun/nio/fs/WindowsException'{0x00000000ef3bb820}> (0x00000000ef3bb820) 
thrown [s\open\src\hotspot\share\prims\jni.cpp, line 516]
Event: 4285.481 Thread 0x000001ddecf4de80 Exception <a 'sun/nio/fs/WindowsException'{0x00000000ef3bbdd8}> (0x00000000ef3bbdd8) 
thrown [s\open\src\hotspot\share\prims\jni.cpp, line 516]
Event: 4285.488 Thread 0x000001ddecf4de80 Exception <a 'sun/nio/fs/WindowsException'{0x00000000ef3fec08}> (0x00000000ef3fec08) 
thrown [s\open\src\hotspot\share\prims\jni.cpp, line 516]
Event: 4285.492 Thread 0x000001ddecf4de80 Exception <a 'sun/nio/fs/WindowsException'{0x00000000ef3fed78}> (0x00000000ef3fed78) 
thrown [s\open\src\hotspot\share\prims\jni.cpp, line 516]
Event: 4285.549 Thread 0x000001ddeb1102d0 Exception <a 'java/lang/ClassNotFoundException'{0x00000000ef229660}: ijKotlinJsNodeDebugger1_b6rculdw9q9s7935frqodgbqrBeanInfo> (0x00000000ef229660) 
thrown [s\open\src\hotspot\share\classfile\systemDictionary.cpp, line 256]
Event: 4285.558 Thread 0x000001ddeb1102d0 Exception <a 'java/lang/ClassNotFoundException'{0x00000000ef22f460}: ijKotlinJsNodeDebugger1_b6rculdw9q9s7935frqodgbqrCustomizer> (0x00000000ef22f460) 
thrown [s\open\src\hotspot\share\classfile\systemDictionary.cpp, line 256]
Event: 4285.606 Thread 0x000001ddeb1102d0 Exception <a 'java/lang/ClassNotFoundException'{0x00000000ef272fc0}: ijKotlinJsNodeDebugger1_b6rculdw9q9s7935frqodgbqr$_run_closure1BeanInfo> (0x00000000ef272fc0) 
thrown [s\open\src\hotspot\share\classfile\systemDictionary.cpp, line 256]
Event: 4285.612 Thread 0x000001ddeb1102d0 Exception <a 'java/lang/ClassNotFoundException'{0x00000000ef279a88}: ijKotlinJsNodeDebugger1_b6rculdw9q9s7935frqodgbqr$_run_closure1Customizer> (0x00000000ef279a88) 
thrown [s\open\src\hotspot\share\classfile\systemDictionary.cpp, line 256]
Event: 4289.589 Thread 0x000001ddeb1102d0 Exception <a 'sun/nio/fs/WindowsException'{0x00000000efe87f70}> (0x00000000efe87f70) 
thrown [s\open\src\hotspot\share\prims\jni.cpp, line 516]
Event: 4289.595 Thread 0x000001ddeb1102d0 Exception <a 'sun/nio/fs/WindowsException'{0x00000000efe89590}> (0x00000000efe89590) 
thrown [s\open\src\hotspot\share\prims\jni.cpp, line 516]
Event: 4290.133 Thread 0x000001ddeb1102d0 Exception <a 'sun/nio/fs/WindowsException'{0x00000000efde31d0}> (0x00000000efde31d0) 
thrown [s\open\src\hotspot\share\prims\jni.cpp, line 516]
Event: 4290.189 Thread 0x000001ddeb1102d0 Exception <a 'sun/nio/fs/WindowsException'{0x00000000efde33a8}> (0x00000000efde33a8) 
thrown [s\open\src\hotspot\share\prims\jni.cpp, line 516]

VM Operations (20 events):
Event: 4283.567 Executing VM operation: Cleanup done
Event: 4283.590 Executing VM operation: G1CollectForAllocation
Event: 4283.688 Executing VM operation: G1CollectForAllocation done
Event: 4284.246 Executing VM operation: G1CollectForAllocation
Event: 4284.295 Executing VM operation: G1CollectForAllocation done
Event: 4285.307 Executing VM operation: Cleanup
Event: 4285.310 Executing VM operation: Cleanup done
Event: 4285.711 Executing VM operation: HandshakeAllThreads
Event: 4285.761 Executing VM operation: HandshakeAllThreads done
Event: 4286.772 Executing VM operation: Cleanup
Event: 4286.966 Executing VM operation: Cleanup done
Event: 4287.548 Executing VM operation: G1CollectForAllocation
Event: 4287.615 Executing VM operation: G1CollectForAllocation done
Event: 4288.624 Executing VM operation: Cleanup
Event: 4288.708 Executing VM operation: Cleanup done
Event: 4289.718 Executing VM operation: Cleanup
Event: 4289.720 Executing VM operation: Cleanup done
Event: 4290.735 Executing VM operation: Cleanup
Event: 4290.830 Executing VM operation: Cleanup done
Event: 4291.054 Executing VM operation: G1Concurrent

Events (20 events):
Event: 4287.325 Thread 0x000001ddeb01ee10 flushing nmethod 0x000001ddc7877510
Event: 4288.125 Thread 0x000001ddeb01ee10 flushing nmethod 0x000001ddbf419a90
Event: 4288.154 Thread 0x000001ddeb01ee10 flushing nmethod 0x000001ddbf4b3a10
Event: 4288.204 Thread 0x000001ddeb01ee10 flushing nmethod 0x000001ddbf620c90
Event: 4288.427 Thread 0x000001ddeb01ee10 flushing nmethod 0x000001ddbf950990
Event: 4288.480 Thread 0x000001ddeb01ee10 flushing nmethod 0x000001ddbf9eb910
Event: 4288.493 Thread 0x000001ddeb01ee10 flushing nmethod 0x000001ddbfa3b590
Event: 4288.949 Thread 0x000001ddeb01ee10 flushing nmethod 0x000001ddbfef0a90
Event: 4288.949 Thread 0x000001ddeb01ee10 flushing nmethod 0x000001ddbfef1310
Event: 4289.225 Thread 0x000001ddeb01ee10 flushing nmethod 0x000001ddc0348890
Event: 4289.583 Thread 0x000001ddeb01ee10 flushing nmethod 0x000001ddc0982390
Event: 4289.690 Thread 0x000001ddeb01ee10 flushing nmethod 0x000001ddc0c06f90
Event: 4289.709 Thread 0x000001ddeb01ee10 flushing nmethod 0x000001ddc0c65790
Event: 4289.737 Thread 0x000001ddeb01ee10 flushing nmethod 0x000001ddc0ce9590
Event: 4289.738 Thread 0x000001ddeb01ee10 flushing nmethod 0x000001ddc0ce9f90
Event: 4290.037 Thread 0x000001ddeb01ee10 flushing nmethod 0x000001ddc13bd790
Event: 4290.039 Thread 0x000001ddeb01ee10 flushing nmethod 0x000001ddc13de310
Event: 4290.041 Thread 0x000001ddeb01ee10 flushing nmethod 0x000001ddc13f0590
Event: 4290.047 Thread 0x000001ddeb01ee10 flushing nmethod 0x000001ddc144aa10
Event: 4290.074 Thread 0x000001ddeb01ee10 flushing nmethod 0x000001ddc1637890


Dynamic libraries:
0x00007ff7b72d0000 - 0x00007ff7b72e0000 	C:\Program Files\Java\jdk-17\bin\java.exe
0x00007ff831b10000 - 0x00007ff831d08000 	C:\Windows\SYSTEM32\ntdll.dll
0x00007ff831700000 - 0x00007ff8317c2000 	C:\Windows\System32\KERNEL32.DLL
0x00007ff82f220000 - 0x00007ff82f516000 	C:\Windows\System32\KERNELBASE.dll
0x00007ff82f7d0000 - 0x00007ff82f8d0000 	C:\Windows\System32\ucrtbase.dll
0x00007ffffc090000 - 0x00007ffffc0ab000 	C:\Program Files\Java\jdk-17\bin\VCRUNTIME140.dll
0x00007ff822c40000 - 0x00007ff822c59000 	C:\Program Files\Java\jdk-17\bin\jli.dll
0x00007ff82fb90000 - 0x00007ff82fc41000 	C:\Windows\System32\ADVAPI32.dll
0x00007ff8317d0000 - 0x00007ff83186e000 	C:\Windows\System32\msvcrt.dll
0x00007ff8306b0000 - 0x00007ff83074f000 	C:\Windows\System32\sechost.dll
0x00007ff830590000 - 0x00007ff8306b0000 	C:\Windows\System32\RPCRT4.dll
0x00007ff82f9e0000 - 0x00007ff82fa07000 	C:\Windows\System32\bcrypt.dll
0x00007ff82fd30000 - 0x00007ff82fed1000 	C:\Windows\System32\USER32.dll
0x00007ff82f1f0000 - 0x00007ff82f212000 	C:\Windows\System32\win32u.dll
0x00007ff830780000 - 0x00007ff8307ab000 	C:\Windows\System32\GDI32.dll
0x00007ff82fa10000 - 0x00007ff82fb29000 	C:\Windows\System32\gdi32full.dll
0x00007ff822ea0000 - 0x00007ff82313b000 	C:\Windows\WinSxS\amd64_microsoft.windows.common-controls_6595b64144ccf1df_6.0.19041.6456_none_60b8a6cb71f64256\COMCTL32.dll
0x00007ff82f680000 - 0x00007ff82f71d000 	C:\Windows\System32\msvcp_win.dll
0x00007ff82e060000 - 0x00007ff82e06a000 	C:\Windows\SYSTEM32\VERSION.dll
0x00007ff830750000 - 0x00007ff83077f000 	C:\Windows\System32\IMM32.DLL
0x00007ff82e070000 - 0x00007ff82e0a6000 	C:\Windows\system32\DriverStore\FileRepository\nvaci.inf_amd64_f658c3ebd2a88192\nvinitx.dll
0x00007ff830b80000 - 0x00007ff8312f0000 	C:\Windows\System32\Shell32.dll
0x00007ff82cf60000 - 0x00007ff82d705000 	C:\Windows\SYSTEM32\windows.storage.dll
0x00007ff830820000 - 0x00007ff830b74000 	C:\Windows\System32\combase.dll
0x00007ff82eaf0000 - 0x00007ff82eb1b000 	C:\Windows\SYSTEM32\Wldp.dll
0x00007ff8314a0000 - 0x00007ff83156d000 	C:\Windows\System32\OLEAUT32.dll
0x00007ff830360000 - 0x00007ff83040d000 	C:\Windows\System32\SHCORE.dll
0x00007ff82fb30000 - 0x00007ff82fb8b000 	C:\Windows\System32\shlwapi.dll
0x0000000070690000 - 0x0000000070696000 	C:\Program Files\NVIDIA Corporation\CoProcManager\_etoured.dll
0x00007ff826940000 - 0x00007ff826983000 	C:\Program Files\NVIDIA Corporation\CoProcManager\nvd3d9wrapx.dll
0x00007ff82fef0000 - 0x00007ff830360000 	C:\Windows\System32\SETUPAPI.dll
0x00007ff82f1a0000 - 0x00007ff82f1ee000 	C:\Windows\System32\cfgmgr32.dll
0x00007ff826910000 - 0x00007ff82693d000 	C:\Program Files\NVIDIA Corporation\CoProcManager\nvdxgiwrapx.dll
0x00007ff82a430000 - 0x00007ff82a43c000 	C:\Program Files\Java\jdk-17\bin\vcruntime140_1.dll
0x00007ffff3590000 - 0x00007ffff361e000 	C:\Program Files\Java\jdk-17\bin\msvcp140.dll
0x00007fff869a0000 - 0x00007fff87580000 	C:\Program Files\Java\jdk-17\bin\server\jvm.dll
0x00007ff82fee0000 - 0x00007ff82fee8000 	C:\Windows\System32\PSAPI.DLL
0x00007ff81ee00000 - 0x00007ff81ee09000 	C:\Windows\SYSTEM32\WSOCK32.dll
0x00007ff823ea0000 - 0x00007ff823ec7000 	C:\Windows\SYSTEM32\WINMM.dll
0x00007ff8307b0000 - 0x00007ff83081b000 	C:\Windows\System32\WS2_32.dll
0x00007ff82d950000 - 0x00007ff82d962000 	C:\Windows\SYSTEM32\kernel.appcore.dll
0x00007ff82a3f0000 - 0x00007ff82a3fa000 	C:\Program Files\Java\jdk-17\bin\jimage.dll
0x00007ff81ebf0000 - 0x00007ff81edf1000 	C:\Windows\SYSTEM32\DBGHELP.DLL
0x00007ffff3100000 - 0x00007ffff3134000 	C:\Windows\SYSTEM32\dbgcore.DLL
0x00007ff82f950000 - 0x00007ff82f9d2000 	C:\Windows\System32\bcryptPrimitives.dll
0x00007ff829680000 - 0x00007ff82968e000 	C:\Program Files\Java\jdk-17\bin\instrument.dll
0x00007ffffc060000 - 0x00007ffffc085000 	C:\Program Files\Java\jdk-17\bin\java.dll
0x00007fffebd70000 - 0x00007fffebe47000 	C:\Program Files\Java\jdk-17\bin\jsvml.dll
0x00007ff82f0d0000 - 0x00007ff82f0f4000 	C:\Windows\SYSTEM32\profapi.dll
0x00007ffff3850000 - 0x00007ffff3868000 	C:\Program Files\Java\jdk-17\bin\zip.dll
0x00007fffec040000 - 0x00007fffec059000 	C:\Program Files\Java\jdk-17\bin\net.dll
0x00007ff824090000 - 0x00007ff82419a000 	C:\Windows\SYSTEM32\WINHTTP.dll
0x00007ff82e8d0000 - 0x00007ff82e93a000 	C:\Windows\system32\mswsock.dll
0x00007fffec020000 - 0x00007fffec036000 	C:\Program Files\Java\jdk-17\bin\nio.dll
0x00007ff828860000 - 0x00007ff828870000 	C:\Program Files\Java\jdk-17\bin\verify.dll
0x00007ff8281f0000 - 0x00007ff828217000 	C:\Users\User\.gradle\native\c067742578af261105cb4f569cf0c3c89f3d7b1fecec35dd04571415982c5e48\windows-amd64\native-platform.dll
0x00007fffc63d0000 - 0x00007fffc6514000 	C:\Users\User\.gradle\native\38dada09dfb8b06ba9b0570ebf7e218e3eb74d4ef43ca46872605cf95ebc2f47\windows-amd64\native-platform-file-events.dll
0x00007ff828290000 - 0x00007ff82829a000 	C:\Program Files\Java\jdk-17\bin\management.dll
0x00007ffffbf60000 - 0x00007ffffbf6b000 	C:\Program Files\Java\jdk-17\bin\management_ext.dll
0x00007ff82ee40000 - 0x00007ff82ee58000 	C:\Windows\SYSTEM32\CRYPTSP.dll
0x00007ff82e1a0000 - 0x00007ff82e1d8000 	C:\Windows\system32\rsaenh.dll
0x00007ff82f050000 - 0x00007ff82f07e000 	C:\Windows\SYSTEM32\USERENV.dll
0x00007ff82ea60000 - 0x00007ff82ea6c000 	C:\Windows\SYSTEM32\CRYPTBASE.dll
0x00007ff82e580000 - 0x00007ff82e5bb000 	C:\Windows\SYSTEM32\IPHLPAPI.DLL
0x00007ff8312f0000 - 0x00007ff8312f8000 	C:\Windows\System32\NSI.dll
0x00007ff8271d0000 - 0x00007ff8271e7000 	C:\Windows\SYSTEM32\dhcpcsvc6.DLL
0x00007ff8271b0000 - 0x00007ff8271cd000 	C:\Windows\SYSTEM32\dhcpcsvc.DLL
0x00007ff82e5d0000 - 0x00007ff82e69a000 	C:\Windows\SYSTEM32\DNSAPI.dll
0x00007ffff8790000 - 0x00007ffff879e000 	C:\Program Files\Java\jdk-17\bin\sunmscapi.dll
0x00007ff82f520000 - 0x00007ff82f67d000 	C:\Windows\System32\CRYPT32.dll
0x00007ff82eb60000 - 0x00007ff82eb87000 	C:\Windows\SYSTEM32\ncrypt.dll
0x00007ff82eb20000 - 0x00007ff82eb5b000 	C:\Windows\SYSTEM32\NTASN1.dll
0x00007ff82a370000 - 0x00007ff82a377000 	C:\Windows\system32\wshunix.dll
0x00007ff82e3f0000 - 0x00007ff82e423000 	C:\Windows\SYSTEM32\ntmarta.dll
0x000000006f530000 - 0x000000006f556000 	C:\Program Files\Bonjour\mdnsNSP.dll
0x00007ff822e50000 - 0x00007ff822e5a000 	C:\Windows\System32\rasadhlp.dll
0x00007ff8234a0000 - 0x00007ff823520000 	C:\Windows\System32\fwpuclnt.dll

dbghelp: loaded successfully - version: 4.0.5 - missing functions: none
symbol engine: initialized successfully - sym options: 0x614 - pdb path: .;C:\Program Files\Java\jdk-17\bin;C:\Windows\SYSTEM32;C:\Windows\WinSxS\amd64_microsoft.windows.common-controls_6595b64144ccf1df_6.0.19041.6456_none_60b8a6cb71f64256;C:\Windows\system32\DriverStore\FileRepository\nvaci.inf_amd64_f658c3ebd2a88192;C:\Program Files\NVIDIA Corporation\CoProcManager;C:\Program Files\Java\jdk-17\bin\server;C:\Users\User\.gradle\native\c067742578af261105cb4f569cf0c3c89f3d7b1fecec35dd04571415982c5e48\windows-amd64;C:\Users\User\.gradle\native\38dada09dfb8b06ba9b0570ebf7e218e3eb74d4ef43ca46872605cf95ebc2f47\windows-amd64;C:\Program Files\Bonjour

VM Arguments:
jvm_args: --add-opens=java.base/java.util=ALL-UNNAMED --add-opens=java.base/java.lang=ALL-UNNAMED --add-opens=java.base/java.lang.invoke=ALL-UNNAMED --add-opens=java.prefs/java.util.prefs=ALL-UNNAMED --add-opens=java.base/java.nio.charset=ALL-UNNAMED --add-opens=java.base/java.net=ALL-UNNAMED --add-opens=java.base/java.util.concurrent.atomic=ALL-UNNAMED -XX:MaxMetaspaceSize=384m -XX:+HeapDumpOnOutOfMemoryError -Xms256m -Xmx512m -Dfile.encoding=UTF-8 -Duser.country=RU -Duser.language=ru -Duser.variant -javaagent:C:\Users\User\.gradle\wrapper\dists\gradle-8.7-bin\bhs2wmbdwecv87pi65oeuq5iu\gradle-8.7\lib\agents\gradle-instrumentation-agent-8.7.jar 
java_command: org.gradle.launcher.daemon.bootstrap.GradleDaemon 8.7
java_class_path (initial): C:\Users\User\.gradle\wrapper\dists\gradle-8.7-bin\bhs2wmbdwecv87pi65oeuq5iu\gradle-8.7\lib\gradle-launcher-8.7.jar
Launcher Type: SUN_STANDARD

[Global flags]
     intx CICompilerCount                          = 3                                         {product} {ergonomic}
   size_t CompressedClassSpaceSize                 = 335544320                                 {product} {ergonomic}
     uint ConcGCThreads                            = 1                                         {product} {ergonomic}
     uint G1ConcRefinementThreads                  = 4                                         {product} {ergonomic}
   size_t G1HeapRegionSize                         = 1048576                                   {product} {ergonomic}
    uintx GCDrainStackTargetSize                   = 64                                        {product} {ergonomic}
     bool HeapDumpOnOutOfMemoryError               = true                                   {manageable} {command line}
   size_t InitialHeapSize                          = 268435456                                 {product} {command line}
   size_t MarkStackSize                            = 4194304                                   {product} {ergonomic}
   size_t MaxHeapSize                              = 536870912                                 {product} {command line}
   size_t MaxMetaspaceSize                         = 402653184                                 {product} {command line}
   size_t MaxNewSize                               = 321912832                                 {product} {ergonomic}
   size_t MinHeapDeltaBytes                        = 1048576                                   {product} {ergonomic}
   size_t MinHeapSize                              = 268435456                                 {product} {command line}
    uintx NonNMethodCodeHeapSize                   = 5832780                                {pd product} {ergonomic}
    uintx NonProfiledCodeHeapSize                  = 122912730                              {pd product} {ergonomic}
    uintx ProfiledCodeHeapSize                     = 122912730                              {pd product} {ergonomic}
    uintx ReservedCodeCacheSize                    = 251658240                              {pd product} {ergonomic}
     bool SegmentedCodeCache                       = true                                      {product} {ergonomic}
   size_t SoftMaxHeapSize                          = 536870912                              {manageable} {ergonomic}
     bool UseCompressedClassPointers               = true                           {product lp64_product} {ergonomic}
     bool UseCompressedOops                        = true                           {product lp64_product} {ergonomic}
     bool UseG1GC                                  = true                                      {product} {ergonomic}
     bool UseLargePagesIndividualAllocation        = false                                  {pd product} {ergonomic}

Logging:
Log output configuration:
 #0: stdout all=warning uptime,level,tags
 #1: stderr all=off uptime,level,tags

Environment Variables:
JAVA_HOME=C:\Program Files\Java\jdk-17
PATH=C:\Program Files\Java\jdk-17\bin;%JAVA_HOME%\bin;C:\app\User\product\21c\dbhomeXE\bin;C:\Windows\system32;C:\Windows;C:\Windows\System32\Wbem;C:\Windows\System32\WindowsPowerShell\v1.0\;C:\Windows\System32\OpenSSH\;C:\Program Files\Microsoft SQL Server\Client SDK\ODBC\130\Tools\Binn\;C:\Program Files (x86)\Microsoft SQL Server\140\Tools\Binn\;C:\Program Files\Microsoft SQL Server\140\Tools\Binn\;C:\Program Files\Microsoft SQL Server\140\DTS\Binn\;C:\Program Files (x86)\Microsoft SQL Server\Client SDK\ODBC\130\Tools\Binn\;C:\Program Files (x86)\Microsoft SQL Server\140\DTS\Binn\;C:\Program Files (x86)\Microsoft SQL Server\140\Tools\Binn\ManagementStudio\;C:\Esko\Artios\Common\Program\;C:\Program Files (x86)\Microsoft SQL Server\90\Tools\binn\;C:\Program Files (x86)\Microsoft SQL Server\110\Tools\Binn\;C:\Program Files\Microsoft SQL Server\110\Tools\Binn\;C:\Program Files\Microsoft SQL Server\110\DTS\Binn\;C:\Program Files (x86)\Microsoft SQL Server\110\Tools\Binn\ManagementStudio\;C:\Program Files (x86)\Microsoft SQL Server\110\DTS\Binn\;C:\Program Files\NVIDIA Corporation\NVIDIA NvDLISR;C:\Program Files\dotnet\;C:\Program Files (x86)\NVIDIA Corporation\PhysX\Common;C:\ProgramData\chocolatey\bin;C:\Program Files\nodejs\;C:\Program Files\Apache\Maven\apache-maven-3.9.10\bin.;C:\Program Files\Git\cmd;C:\Program Files\Docker\Docker\resources\bin;C:\Users\User\AppData\Local\Microsoft\WindowsApps;C:\tools\dart-sdk\bin;C:\Users\User\AppData\Local\Pub\Cache\bin;D:\Users\User\AppData\Local\Programs\Microsoft VS Code\bin;C:\Users\User\AppData\Roaming\npm;C:\Program Files\Java\jdk-24\bin;
USERNAME=User
OS=Windows_NT
PROCESSOR_IDENTIFIER=Intel64 Family 6 Model 37 Stepping 5, GenuineIntel



---------------  S Y S T E M  ---------------

OS:
 Windows 10 , 64 bit Build 19041 (10.0.19041.5915)
OS uptime: 0 days 9:01 hours
Hyper-V role detected

CPU: total 4 (initial active 4) (2 cores per cpu, 2 threads per core) family 6 model 37 stepping 5 microcode 0x7, cx8, cmov, fxsr, ht, mmx, sse, sse2, sse3, ssse3, sse4.1, sse4.2, popcnt, tsc, tscinvbit, clflush, hv

Memory: 4k page, system-wide physical 3764M (203M free)
TotalPageFile size 13764M (AvailPageFile size 65M)
current process WorkingSet (physical memory assigned to process): 213M, peak: 477M
current process commit charge ("private bytes"): 671M, peak: 762M

vm_info: Java HotSpot(TM) 64-Bit Server VM (17.0.12+8-LTS-286) for windows-amd64 JRE (17.0.12+8-LTS-286), built on Jun  5 2024 06:46:59 by "mach5one" with MS VC++ 17.6 (VS2022)

END.
