#
# There is insufficient memory for the Java Runtime Environment to continue.
# Native memory allocation (mmap) failed to map 65536 bytes for Failed to commit metaspace.
# Possible reasons:
#   The system is out of physical RAM or swap space
#   The process is running with CompressedOops enabled, and the Java Heap may be blocking the growth of the native heap
# Possible solutions:
#   Reduce memory load on the system
#   Increase physical memory or swap space
#   Check if swap backing store is full
#   Decrease Java heap size (-Xmx/-Xms)
#   Decrease number of Java threads
#   Decrease Java thread stack sizes (-Xss)
#   Set larger code cache with -XX:ReservedCodeCacheSize=
#   JVM is running with Unscaled Compressed Oops mode in which the Java heap is
#     placed in the first 4GB address space. The Java Heap base address is the
#     maximum limit for the native heap growth. Please use -XX:HeapBaseMinAddress
#     to set the Java Heap base and to place the Java Heap above 4GB virtual address.
# This output file may be truncated or incomplete.
#
#  Out of Memory Error (virtualSpaceNode.cpp:110), pid=1568, tid=5780
#
# JRE version: Java(TM) SE Runtime Environment (17.0.12+8) (build 17.0.12+8-LTS-286)
# Java VM: Java HotSpot(TM) 64-Bit Server VM (17.0.12+8-LTS-286, mixed mode, emulated-client, sharing, tiered, compressed oops, compressed class ptrs, g1 gc, windows-amd64)
# No core dump will be written. Minidumps are not enabled by default on client versions of Windows
#

---------------  S U M M A R Y ------------

Command Line: -XX:TieredStopAtLevel=1 -Dspring.output.ansi.enabled=always -Dcom.sun.management.jmxremote -Dspring.jmx.enabled=true -Dspring.liveBeansView.mbeanDomain -Dspring.application.admin.enabled=true -Dmanagement.endpoints.jmx.exposure.include=* -javaagent:C:\Program Files\JetBrains\IntelliJIdea2025.3\lib\idea_rt.jar=59289 -Dfile.encoding=UTF-8 com.app.fooddelivery.FooddeliveryApplication

Host: Intel(R) Core(TM) i5 CPU       M 480  @ 2.67GHz, 4 cores, 3G,  Windows 10 , 64 bit Build 19041 (10.0.19041.5915)
Time: Tue Apr 21 00:26:32 2026  Windows 10 , 64 bit Build 19041 (10.0.19041.5915) elapsed time: 72.395663 seconds (0d 0h 1m 12s)

---------------  T H R E A D  ---------------

Current thread (0x000002071f0e7e90):  JavaThread "main" [_thread_in_vm, id=5780, stack(0x0000008a7c600000,0x0000008a7c700000)]

Stack: [0x0000008a7c600000,0x0000008a7c700000]
Native frames: (J=compiled Java code, j=interpreted, Vv=VM code, C=native code)
V  [jvm.dll+0x67a04a]
V  [jvm.dll+0x7da4ed]
V  [jvm.dll+0x7dbe33]
V  [jvm.dll+0x7dc4a3]
V  [jvm.dll+0x24508f]
V  [jvm.dll+0x7d60bb]
V  [jvm.dll+0x6206c6]
V  [jvm.dll+0x1bed07]
V  [jvm.dll+0x623022]
V  [jvm.dll+0x621086]
V  [jvm.dll+0x23a821]
V  [jvm.dll+0x1e8e87]
V  [jvm.dll+0x1dea41]
V  [jvm.dll+0x53f78c]
V  [jvm.dll+0x7553b8]
V  [jvm.dll+0x7554a4]
V  [jvm.dll+0x40d1af]
V  [jvm.dll+0x413c39]
C  [java.dll+0x17ec]

Java frames: (J=compiled Java code, j=interpreted, Vv=VM code)
J 1130  java.lang.ClassLoader.defineClass1(Ljava/lang/ClassLoader;Ljava/lang/String;[BIILjava/security/ProtectionDomain;Ljava/lang/String;)Ljava/lang/Class; java.base@17.0.12 (0 bytes) @ 0x0000020726bc29e3 [0x0000020726bc2920+0x00000000000000c3]
J 1219 c1 java.lang.ClassLoader.defineClass(Ljava/lang/String;[BIILjava/security/ProtectionDomain;)Ljava/lang/Class; java.base@17.0.12 (43 bytes) @ 0x0000020726be8bdc [0x0000020726be8ae0+0x00000000000000fc]
J 1137 c1 jdk.internal.loader.BuiltinClassLoader.defineClass(Ljava/lang/String;Ljdk/internal/loader/Resource;)Ljava/lang/Class; java.base@17.0.12 (121 bytes) @ 0x0000020726bc9864 [0x0000020726bc93a0+0x00000000000004c4]
J 1136 c1 jdk.internal.loader.BuiltinClassLoader.findClassOnClassPathOrNull(Ljava/lang/String;)Ljava/lang/Class; java.base@17.0.12 (64 bytes) @ 0x0000020726bc88b4 [0x0000020726bc8600+0x00000000000002b4]
J 912 c1 jdk.internal.loader.BuiltinClassLoader.loadClassOrNull(Ljava/lang/String;Z)Ljava/lang/Class; java.base@17.0.12 (143 bytes) @ 0x0000020726a9885c [0x0000020726a98400+0x000000000000045c]
J 1040 c1 jdk.internal.loader.ClassLoaders$AppClassLoader.loadClass(Ljava/lang/String;Z)Ljava/lang/Class; java.base@17.0.12 (40 bytes) @ 0x0000020726a64824 [0x0000020726a646e0+0x0000000000000144]
J 1039 c1 java.lang.ClassLoader.loadClass(Ljava/lang/String;)Ljava/lang/Class; java.base@17.0.12 (7 bytes) @ 0x0000020726a64de4 [0x0000020726a64da0+0x0000000000000044]
v  ~StubRoutines::call_stub
j  ch.qos.logback.classic.spi.PackagingDataCalculator.computeBySTEP(Lch/qos/logback/classic/spi/StackTraceElementProxy;Ljava/lang/ClassLoader;)Lch/qos/logback/classic/spi/ClassPackagingData;+53
j  ch.qos.logback.classic.spi.PackagingDataCalculator.populateFrames([Lch/qos/logback/classic/spi/StackTraceElementProxy;)V+143
j  ch.qos.logback.classic.spi.PackagingDataCalculator.calculate(Lch/qos/logback/classic/spi/IThrowableProxy;)V+11
j  ch.qos.logback.classic.spi.ThrowableProxy.calculatePackagingData()V+24
j  ch.qos.logback.classic.spi.LoggingEvent.<init>(Ljava/lang/String;Lch/qos/logback/classic/Logger;Lch/qos/logback/classic/Level;Ljava/lang/String;Ljava/lang/Throwable;[Ljava/lang/Object;)V+151
j  ch.qos.logback.classic.Logger.buildLoggingEventAndAppend(Ljava/lang/String;Lorg/slf4j/Marker;Lch/qos/logback/classic/Level;Ljava/lang/String;[Ljava/lang/Object;Ljava/lang/Throwable;)V+13
j  ch.qos.logback.classic.Logger.filterAndLog_2(Ljava/lang/String;Lorg/slf4j/Marker;Lch/qos/logback/classic/Level;Ljava/lang/String;Ljava/lang/Object;Ljava/lang/Object;Ljava/lang/Throwable;)V+71
j  ch.qos.logback.classic.Logger.error(Ljava/lang/String;Ljava/lang/Object;Ljava/lang/Object;)V+12
j  com.zaxxer.hikari.pool.HikariPool.throwPoolInitializationException(Ljava/lang/Throwable;)V+11
j  com.zaxxer.hikari.pool.HikariPool.checkFailFast()V+135
j  com.zaxxer.hikari.pool.HikariPool.<init>(Lcom/zaxxer/hikari/HikariConfig;)V+138
j  com.zaxxer.hikari.HikariDataSource.getConnection()Ljava/sql/Connection;+82
j  org.hibernate.engine.jdbc.connections.internal.DatasourceConnectionProviderImpl.getConnection()Ljava/sql/Connection;+48
j  org.hibernate.engine.jdbc.env.internal.JdbcEnvironmentInitiator$ConnectionProviderJdbcConnectionAccess.obtainConnection()Ljava/sql/Connection;+4
j  org.hibernate.resource.transaction.backend.jdbc.internal.JdbcIsolationDelegate.delegateWork(Lorg/hibernate/jdbc/WorkExecutorVisitable;Z)Ljava/lang/Object;+6
j  org.hibernate.engine.jdbc.env.internal.JdbcEnvironmentInitiator.getJdbcEnvironmentUsingJdbcMetadata(Ljava/util/Map;Lorg/hibernate/service/spi/ServiceRegistryImplementor;Lorg/hibernate/engine/jdbc/dialect/spi/DialectFactory;Ljava/lang/String;Ljava/lang/Integer;Ljava/lang/Integer;Ljava/lang/String;)Lorg/hibernate/engine/jdbc/env/internal/JdbcEnvironmentImpl;+101
j  org.hibernate.engine.jdbc.env.internal.JdbcEnvironmentInitiator.initiateService(Ljava/util/Map;Lorg/hibernate/service/spi/ServiceRegistryImplementor;)Lorg/hibernate/engine/jdbc/env/spi/JdbcEnvironment;+123
j  org.hibernate.engine.jdbc.env.internal.JdbcEnvironmentInitiator.initiateService(Ljava/util/Map;Lorg/hibernate/service/spi/ServiceRegistryImplementor;)Lorg/hibernate/service/Service;+3
j  org.hibernate.boot.registry.internal.StandardServiceRegistryImpl.initiateService(Lorg/hibernate/service/spi/ServiceInitiator;)Lorg/hibernate/service/Service;+9
j  org.hibernate.service.internal.AbstractServiceRegistryImpl.createService(Lorg/hibernate/service/spi/ServiceBinding;)Lorg/hibernate/service/Service;+26
j  org.hibernate.service.internal.AbstractServiceRegistryImpl.initializeService(Lorg/hibernate/service/spi/ServiceBinding;)Lorg/hibernate/service/Service;+30
j  org.hibernate.service.internal.AbstractServiceRegistryImpl.getService(Ljava/lang/Class;)Lorg/hibernate/service/Service;+112
j  org.hibernate.boot.model.relational.Database.<init>(Lorg/hibernate/boot/spi/MetadataBuildingOptions;)V+10
j  org.hibernate.boot.internal.InFlightMetadataCollectorImpl.getDatabase()Lorg/hibernate/boot/model/relational/Database;+16
j  org.hibernate.boot.internal.InFlightMetadataCollectorImpl.<init>(Lorg/hibernate/boot/spi/BootstrapContext;Lorg/hibernate/boot/spi/MetadataBuildingOptions;)V+390
j  org.hibernate.boot.model.process.spi.MetadataBuildingProcess.complete(Lorg/hibernate/boot/model/process/spi/ManagedResources;Lorg/hibernate/boot/spi/BootstrapContext;Lorg/hibernate/boot/spi/MetadataBuildingOptions;)Lorg/hibernate/boot/spi/MetadataImplementor;+6
j  org.hibernate.jpa.boot.internal.EntityManagerFactoryBuilderImpl.metadata()Lorg/hibernate/boot/spi/MetadataImplementor;+30
j  org.hibernate.jpa.boot.internal.EntityManagerFactoryBuilderImpl.build()Ljakarta/persistence/EntityManagerFactory;+3
j  org.springframework.orm.jpa.vendor.SpringHibernateJpaPersistenceProvider.createContainerEntityManagerFactory(Ljakarta/persistence/spi/PersistenceUnitInfo;Ljava/util/Map;)Ljakarta/persistence/EntityManagerFactory;+59
j  org.springframework.orm.jpa.LocalContainerEntityManagerFactoryBean.createNativeEntityManagerFactory()Ljakarta/persistence/EntityManagerFactory;+111
j  org.springframework.orm.jpa.AbstractEntityManagerFactoryBean.buildNativeEntityManagerFactory()Ljakarta/persistence/EntityManagerFactory;+1
j  org.springframework.orm.jpa.AbstractEntityManagerFactoryBean.afterPropertiesSet()V+192
j  org.springframework.orm.jpa.LocalContainerEntityManagerFactoryBean.afterPropertiesSet()V+84
j  org.springframework.beans.factory.support.AbstractAutowireCapableBeanFactory.invokeInitMethods(Ljava/lang/String;Ljava/lang/Object;Lorg/springframework/beans/factory/support/RootBeanDefinition;)V+56
j  org.springframework.beans.factory.support.AbstractAutowireCapableBeanFactory.initializeBean(Ljava/lang/String;Ljava/lang/Object;Lorg/springframework/beans/factory/support/RootBeanDefinition;)Ljava/lang/Object;+34
j  org.springframework.beans.factory.support.AbstractAutowireCapableBeanFactory.doCreateBean(Ljava/lang/String;Lorg/springframework/beans/factory/support/RootBeanDefinition;[Ljava/lang/Object;)Ljava/lang/Object;+228
j  org.springframework.beans.factory.support.AbstractAutowireCapableBeanFactory.createBean(Ljava/lang/String;Lorg/springframework/beans/factory/support/RootBeanDefinition;[Ljava/lang/Object;)Ljava/lang/Object;+153
j  org.springframework.beans.factory.support.AbstractBeanFactory.lambda$doGetBean$0(Ljava/lang/String;Lorg/springframework/beans/factory/support/RootBeanDefinition;[Ljava/lang/Object;)Ljava/lang/Object;+4
j  org.springframework.beans.factory.support.AbstractBeanFactory$$Lambda$318+0x000002072f2009b8.getObject()Ljava/lang/Object;+16
j  org.springframework.beans.factory.support.DefaultSingletonBeanRegistry.getSingleton(Ljava/lang/String;Lorg/springframework/beans/factory/ObjectFactory;)Ljava/lang/Object;+114
J 2427 c1 org.springframework.beans.factory.support.AbstractBeanFactory.doGetBean(Ljava/lang/String;Ljava/lang/Class;[Ljava/lang/Object;Z)Ljava/lang/Object; (740 bytes) @ 0x0000020726e66d44 [0x0000020726e66780+0x00000000000005c4]
j  org.springframework.beans.factory.support.AbstractBeanFactory.getBean(Ljava/lang/String;)Ljava/lang/Object;+5
j  org.springframework.context.support.AbstractApplicationContext.getBean(Ljava/lang/String;)Ljava/lang/Object;+9
j  org.springframework.context.support.AbstractApplicationContext.finishBeanFactoryInitialization(Lorg/springframework/beans/factory/config/ConfigurableListableBeanFactory;)V+106
j  org.springframework.context.support.AbstractApplicationContext.refresh()V+94
j  org.springframework.boot.web.servlet.context.ServletWebServerApplicationContext.refresh()V+1
j  org.springframework.boot.SpringApplication.refresh(Lorg/springframework/context/ConfigurableApplicationContext;)V+1
j  org.springframework.boot.SpringApplication.refreshContext(Lorg/springframework/context/ConfigurableApplicationContext;)V+16
j  org.springframework.boot.SpringApplication.run([Ljava/lang/String;)Lorg/springframework/context/ConfigurableApplicationContext;+110
j  org.springframework.boot.SpringApplication.run([Ljava/lang/Class;[Ljava/lang/String;)Lorg/springframework/context/ConfigurableApplicationContext;+9
j  org.springframework.boot.SpringApplication.run(Ljava/lang/Class;[Ljava/lang/String;)Lorg/springframework/context/ConfigurableApplicationContext;+9
j  com.app.fooddelivery.FooddeliveryApplication.main([Ljava/lang/String;)V+3
v  ~StubRoutines::call_stub

---------------  P R O C E S S  ---------------

Threads class SMR info:
_java_thread_list=0x000002077495bf50, length=15, elements={
0x000002071f0e7e90, 0x000002072bc03ed0, 0x000002072bc04d50, 0x000002072bc15880,
0x000002072bc16700, 0x000002072bc1a0e0, 0x000002072bc1aaa0, 0x000002072bc265f0,
0x000002072bc477b0, 0x000002072bbee000, 0x000002077352b0d0, 0x00000207736be6e0,
0x00000207745b6410, 0x00000207745b68f0, 0x0000020773b73030
}
_to_delete_list=0x000002077481a790, length=16, elements={
0x000002071f0e7e90, 0x000002072bc03ed0, 0x000002072bc04d50, 0x000002072bc15880,
0x000002072bc16700, 0x000002072bc1a0e0, 0x000002072bc1aaa0, 0x000002072bc265f0,
0x000002072bc477b0, 0x000002072bbee000, 0x000002077350e740, 0x000002077352b0d0,
0x00000207736be6e0, 0x00000207745b6410, 0x00000207745b68f0, 0x0000020773b73030
}

Java Threads: ( => current thread )
=>0x000002071f0e7e90 JavaThread "main" [_thread_in_vm, id=5780, stack(0x0000008a7c600000,0x0000008a7c700000)]
  0x000002072bc03ed0 JavaThread "Reference Handler" daemon [_thread_blocked, id=3068, stack(0x0000008a7cd00000,0x0000008a7ce00000)]
  0x000002072bc04d50 JavaThread "Finalizer" daemon [_thread_blocked, id=14220, stack(0x0000008a7ce00000,0x0000008a7cf00000)]
  0x000002072bc15880 JavaThread "Signal Dispatcher" daemon [_thread_blocked, id=13740, stack(0x0000008a7cf00000,0x0000008a7d000000)]
  0x000002072bc16700 JavaThread "Attach Listener" daemon [_thread_blocked, id=1772, stack(0x0000008a7d000000,0x0000008a7d100000)]
  0x000002072bc1a0e0 JavaThread "Service Thread" daemon [_thread_blocked, id=12380, stack(0x0000008a7d100000,0x0000008a7d200000)]
  0x000002072bc1aaa0 JavaThread "Monitor Deflation Thread" daemon [_thread_blocked, id=15460, stack(0x0000008a7d200000,0x0000008a7d300000)]
  0x000002072bc265f0 JavaThread "C1 CompilerThread0" daemon [_thread_blocked, id=14312, stack(0x0000008a7d300000,0x0000008a7d400000)]
  0x000002072bc477b0 JavaThread "Sweeper thread" daemon [_thread_blocked, id=11352, stack(0x0000008a7d400000,0x0000008a7d500000)]
  0x000002072bbee000 JavaThread "Common-Cleaner" daemon [_thread_blocked, id=8996, stack(0x0000008a7d500000,0x0000008a7d600000)]
  0x000002077352b0d0 JavaThread "Notification Thread" daemon [_thread_blocked, id=2144, stack(0x0000008a7d800000,0x0000008a7d900000)]
  0x00000207736be6e0 JavaThread "RMI TCP Accept-0" daemon [_thread_in_native, id=14768, stack(0x0000008a7d600000,0x0000008a7d700000)]
  0x00000207745b6410 JavaThread "Catalina-utility-1" [_thread_in_vm, id=16364, stack(0x0000008a7e100000,0x0000008a7e200000)]
  0x00000207745b68f0 JavaThread "Catalina-utility-2" [_thread_in_vm, id=12624, stack(0x0000008a7e200000,0x0000008a7e300000)]
  0x0000020773b73030 JavaThread "container-0" [_thread_blocked, id=2776, stack(0x0000008a7e300000,0x0000008a7e400000)]

Other Threads:
  0x000002072bc00a10 VMThread "VM Thread" [stack: 0x0000008a7cc00000,0x0000008a7cd00000] [id=13376] _threads_hazard_ptr=0x000002077481a790
  0x00000207736cefd0 WatcherThread [stack: 0x0000008a7d900000,0x0000008a7da00000] [id=12428]
  0x000002071f121750 GCTaskThread "GC Thread#0" [stack: 0x0000008a7c700000,0x0000008a7c800000] [id=3592]
  0x00000207737241d0 GCTaskThread "GC Thread#1" [stack: 0x0000008a7da00000,0x0000008a7db00000] [id=8452]
  0x0000020773950440 GCTaskThread "GC Thread#2" [stack: 0x0000008a7db00000,0x0000008a7dc00000] [id=11624]
  0x0000020773950700 GCTaskThread "GC Thread#3" [stack: 0x0000008a7dc00000,0x0000008a7dd00000] [id=15808]
  0x000002072ba70830 ConcurrentGCThread "G1 Main Marker" [stack: 0x0000008a7c800000,0x0000008a7c900000] [id=10016]
  0x000002072ba71240 ConcurrentGCThread "G1 Conc#0" [stack: 0x0000008a7c900000,0x0000008a7ca00000] [id=1912]
  0x000002072baae310 ConcurrentGCThread "G1 Refine#0" [stack: 0x0000008a7ca00000,0x0000008a7cb00000] [id=11660]
  0x00000207739509c0 ConcurrentGCThread "G1 Refine#1" [stack: 0x0000008a7dd00000,0x0000008a7de00000] [id=15120]
  0x000002072baaed40 ConcurrentGCThread "G1 Service" [stack: 0x0000008a7cb00000,0x0000008a7cc00000] [id=14660]

Threads with active compile tasks:

VM state: not at safepoint (normal execution)

VM Mutex/Monitor currently owned by a thread:  ([mutex/lock_event])
[0x000002071d08cf00] Metaspace_lock - owner thread: 0x000002071f0e7e90

Heap address: 0x00000000c5200000, size: 942 MB, Compressed Oops mode: 32-bit

CDS archive(s) mapped at: [0x000002072e000000-0x000002072ebd0000-0x000002072ebd0000), size 12386304, SharedBaseAddress: 0x000002072e000000, ArchiveRelocationMode: 1.
Compressed class space mapped at: 0x000002072f000000-0x000002076f000000, reserved size: 1073741824
Narrow klass base: 0x000002072e000000, Narrow klass shift: 0, Narrow klass range: 0x100000000

GC Precious Log:
 CPUs: 4 total, 4 available
 Memory: 3764M
 Large Page Support: Disabled
 NUMA Support: Disabled
 Compressed Oops: Enabled (32-bit)
 Heap Region Size: 1M
 Heap Min Capacity: 8M
 Heap Initial Capacity: 60M
 Heap Max Capacity: 942M
 Pre-touch: Disabled
 Parallel Workers: 4
 Concurrent Workers: 1
 Concurrent Refinement Workers: 4
 Periodic GC: Disabled

Heap:
 garbage-first heap   total 51200K, used 23870K [0x00000000c5200000, 0x0000000100000000)
  region size 1024K, 6 young (6144K), 1 survivors (1024K)
 Metaspace       used 36374K, committed 36736K, reserved 1114112K
  class space    used 5202K, committed 5376K, reserved 1048576K

Heap Regions: E=young(eden), S=young(survivor), O=old, HS=humongous(starts), HC=humongous(continues), CS=collection set, F=free, OA=open archive, CA=closed archive, TAMS=top-at-mark-start (previous, next)
|   0|0x00000000c5200000, 0x00000000c5300000, 0x00000000c5300000|100%|HS|  |TAMS 0x00000000c5300000, 0x00000000c5200000| Complete 
|   1|0x00000000c5300000, 0x00000000c5400000, 0x00000000c5400000|100%| O|  |TAMS 0x00000000c5400000, 0x00000000c5300000| Untracked 
|   2|0x00000000c5400000, 0x00000000c5500000, 0x00000000c5500000|100%| O|  |TAMS 0x00000000c5500000, 0x00000000c5400000| Untracked 
|   3|0x00000000c5500000, 0x00000000c5600000, 0x00000000c5600000|100%| O|  |TAMS 0x00000000c5600000, 0x00000000c5500000| Untracked 
|   4|0x00000000c5600000, 0x00000000c5700000, 0x00000000c5700000|100%| O|  |TAMS 0x00000000c5700000, 0x00000000c5600000| Untracked 
|   5|0x00000000c5700000, 0x00000000c5800000, 0x00000000c5800000|100%| O|  |TAMS 0x00000000c5800000, 0x00000000c5700000| Untracked 
|   6|0x00000000c5800000, 0x00000000c5900000, 0x00000000c5900000|100%| O|  |TAMS 0x00000000c5900000, 0x00000000c5800000| Untracked 
|   7|0x00000000c5900000, 0x00000000c5a00000, 0x00000000c5a00000|100%| O|  |TAMS 0x00000000c5a00000, 0x00000000c5900000| Untracked 
|   8|0x00000000c5a00000, 0x00000000c5b00000, 0x00000000c5b00000|100%| O|  |TAMS 0x00000000c5b00000, 0x00000000c5a00000| Untracked 
|   9|0x00000000c5b00000, 0x00000000c5c00000, 0x00000000c5c00000|100%| O|  |TAMS 0x00000000c5c00000, 0x00000000c5b00000| Untracked 
|  10|0x00000000c5c00000, 0x00000000c5d00000, 0x00000000c5d00000|100%| O|  |TAMS 0x00000000c5d00000, 0x00000000c5c00000| Untracked 
|  11|0x00000000c5d00000, 0x00000000c5e00000, 0x00000000c5e00000|100%| O|  |TAMS 0x00000000c5e00000, 0x00000000c5d00000| Untracked 
|  12|0x00000000c5e00000, 0x00000000c5f00000, 0x00000000c5f00000|100%| O|  |TAMS 0x00000000c5f00000, 0x00000000c5e00000| Untracked 
|  13|0x00000000c5f00000, 0x00000000c6000000, 0x00000000c6000000|100%| O|  |TAMS 0x00000000c6000000, 0x00000000c5f00000| Untracked 
|  14|0x00000000c6000000, 0x00000000c6100000, 0x00000000c6100000|100%| O|  |TAMS 0x00000000c6100000, 0x00000000c6000000| Untracked 
|  15|0x00000000c6100000, 0x00000000c6200000, 0x00000000c6200000|100%| O|  |TAMS 0x00000000c6200000, 0x00000000c6100000| Untracked 
|  16|0x00000000c6200000, 0x00000000c6300000, 0x00000000c6300000|100%| O|  |TAMS 0x00000000c6300000, 0x00000000c6200000| Untracked 
|  17|0x00000000c6300000, 0x00000000c6400000, 0x00000000c6400000|100%| O|  |TAMS 0x00000000c6361800, 0x00000000c6300000| Untracked 
|  18|0x00000000c6400000, 0x00000000c6472200, 0x00000000c6500000| 44%| O|  |TAMS 0x00000000c6400000, 0x00000000c6400000| Untracked 
|  19|0x00000000c6500000, 0x00000000c6500000, 0x00000000c6600000|  0%| F|  |TAMS 0x00000000c6500000, 0x00000000c6500000| Untracked 
|  20|0x00000000c6600000, 0x00000000c6600000, 0x00000000c6700000|  0%| F|  |TAMS 0x00000000c6600000, 0x00000000c6600000| Untracked 
|  21|0x00000000c6700000, 0x00000000c6700000, 0x00000000c6800000|  0%| F|  |TAMS 0x00000000c6700000, 0x00000000c6700000| Untracked 
|  22|0x00000000c6800000, 0x00000000c6800000, 0x00000000c6900000|  0%| F|  |TAMS 0x00000000c6800000, 0x00000000c6800000| Untracked 
|  23|0x00000000c6900000, 0x00000000c6900000, 0x00000000c6a00000|  0%| F|  |TAMS 0x00000000c6900000, 0x00000000c6900000| Untracked 
|  24|0x00000000c6a00000, 0x00000000c6a00000, 0x00000000c6b00000|  0%| F|  |TAMS 0x00000000c6a00000, 0x00000000c6a00000| Untracked 
|  25|0x00000000c6b00000, 0x00000000c6b00000, 0x00000000c6c00000|  0%| F|  |TAMS 0x00000000c6b00000, 0x00000000c6b00000| Untracked 
|  26|0x00000000c6c00000, 0x00000000c6c00000, 0x00000000c6d00000|  0%| F|  |TAMS 0x00000000c6c00000, 0x00000000c6c00000| Untracked 
|  27|0x00000000c6d00000, 0x00000000c6d00000, 0x00000000c6e00000|  0%| F|  |TAMS 0x00000000c6d00000, 0x00000000c6d00000| Untracked 
|  28|0x00000000c6e00000, 0x00000000c6e00000, 0x00000000c6f00000|  0%| F|  |TAMS 0x00000000c6e00000, 0x00000000c6e00000| Untracked 
|  29|0x00000000c6f00000, 0x00000000c6f00000, 0x00000000c7000000|  0%| F|  |TAMS 0x00000000c6f00000, 0x00000000c6f00000| Untracked 
|  30|0x00000000c7000000, 0x00000000c7000000, 0x00000000c7100000|  0%| F|  |TAMS 0x00000000c7000000, 0x00000000c7000000| Untracked 
|  31|0x00000000c7100000, 0x00000000c7100000, 0x00000000c7200000|  0%| F|  |TAMS 0x00000000c7100000, 0x00000000c7100000| Untracked 
|  32|0x00000000c7200000, 0x00000000c7200000, 0x00000000c7300000|  0%| F|  |TAMS 0x00000000c7200000, 0x00000000c7200000| Untracked 
|  33|0x00000000c7300000, 0x00000000c7300000, 0x00000000c7400000|  0%| F|  |TAMS 0x00000000c7300000, 0x00000000c7300000| Untracked 
|  34|0x00000000c7400000, 0x00000000c7400000, 0x00000000c7500000|  0%| F|  |TAMS 0x00000000c7400000, 0x00000000c7400000| Untracked 
|  35|0x00000000c7500000, 0x00000000c7500000, 0x00000000c7600000|  0%| F|  |TAMS 0x00000000c7500000, 0x00000000c7500000| Untracked 
|  36|0x00000000c7600000, 0x00000000c7600000, 0x00000000c7700000|  0%| F|  |TAMS 0x00000000c7600000, 0x00000000c7600000| Untracked 
|  37|0x00000000c7700000, 0x00000000c7700000, 0x00000000c7800000|  0%| F|  |TAMS 0x00000000c7700000, 0x00000000c7700000| Untracked 
|  38|0x00000000c7800000, 0x00000000c7800000, 0x00000000c7900000|  0%| F|  |TAMS 0x00000000c7800000, 0x00000000c7800000| Untracked 
|  39|0x00000000c7900000, 0x00000000c7900000, 0x00000000c7a00000|  0%| F|  |TAMS 0x00000000c7900000, 0x00000000c7900000| Untracked 
|  40|0x00000000c7a00000, 0x00000000c7a00000, 0x00000000c7b00000|  0%| F|  |TAMS 0x00000000c7a00000, 0x00000000c7a00000| Untracked 
|  41|0x00000000c7b00000, 0x00000000c7b00000, 0x00000000c7c00000|  0%| F|  |TAMS 0x00000000c7b00000, 0x00000000c7b00000| Untracked 
|  42|0x00000000c7c00000, 0x00000000c7c00000, 0x00000000c7d00000|  0%| F|  |TAMS 0x00000000c7c00000, 0x00000000c7c00000| Untracked 
|  43|0x00000000c7d00000, 0x00000000c7d00000, 0x00000000c7e00000|  0%| F|  |TAMS 0x00000000c7d00000, 0x00000000c7d00000| Untracked 
|  44|0x00000000c7e00000, 0x00000000c7e00800, 0x00000000c7f00000|  0%| E|  |TAMS 0x00000000c7e00000, 0x00000000c7e00000| Complete 
|  45|0x00000000c7f00000, 0x00000000c7fdd6b0, 0x00000000c8000000| 86%| S|CS|TAMS 0x00000000c7f00000, 0x00000000c7f00000| Complete 
|  56|0x00000000c8a00000, 0x00000000c8b00000, 0x00000000c8b00000|100%| E|CS|TAMS 0x00000000c8a00000, 0x00000000c8a00000| Complete 
|  57|0x00000000c8b00000, 0x00000000c8c00000, 0x00000000c8c00000|100%| E|CS|TAMS 0x00000000c8b00000, 0x00000000c8b00000| Complete 
|  58|0x00000000c8c00000, 0x00000000c8d00000, 0x00000000c8d00000|100%| E|CS|TAMS 0x00000000c8c00000, 0x00000000c8c00000| Complete 
|  59|0x00000000c8d00000, 0x00000000c8e00000, 0x00000000c8e00000|100%| E|CS|TAMS 0x00000000c8d00000, 0x00000000c8d00000| Complete 

Card table byte_map: [0x0000020729920000,0x0000020729b00000] _byte_map_base: 0x00000207292f7000

Marking Bits (Prev, Next): (CMBitMap*) 0x000002071f122d80, (CMBitMap*) 0x000002071f122dc0
 Prev Bits: [0x0000020729ce0000, 0x000002072ab98000)
 Next Bits: [0x000002072aba0000, 0x000002072ba58000)

Polling page: 0x000002071cf20000

Metaspace:

Usage:
  Non-class:     30.44 MB used.
      Class:      5.08 MB used.
       Both:     35.52 MB used.

Virtual space:
  Non-class space:       64.00 MB reserved,      30.62 MB ( 48%) committed,  1 nodes.
      Class space:        1.00 GB reserved,       5.25 MB ( <1%) committed,  1 nodes.
             Both:        1.06 GB reserved,      35.88 MB (  3%) committed. 

Chunk freelists:
   Non-Class:  496.00 KB
       Class:  10.73 MB
        Both:  11.21 MB

MaxMetaspaceSize: unlimited
CompressedClassSpaceSize: 1.00 GB
Initial GC threshold: 21.00 MB
Current GC threshold: 58.75 MB
CDS: on
MetaspaceReclaimPolicy: balanced
 - commit_granule_bytes: 65536.
 - commit_granule_words: 8192.
 - virtual_space_node_default_size: 8388608.
 - enlarge_chunks_in_place: 1.
 - new_chunks_are_fully_committed: 0.
 - uncommit_free_chunks: 1.
 - use_allocation_guard: 0.
 - handle_deallocations: 1.


Internal statistics:

num_allocs_failed_limit: 6.
num_arena_births: 564.
num_arena_deaths: 28.
num_vsnodes_births: 2.
num_vsnodes_deaths: 0.
num_space_committed: 574.
num_space_uncommitted: 0.
num_chunks_returned_to_freelist: 41.
num_chunks_taken_from_freelist: 1877.
num_chunk_merges: 16.
num_chunk_splits: 1320.
num_chunks_enlarged: 1007.
num_inconsistent_stats: 0.

CodeCache: size=49152Kb used=6718Kb max_used=7234Kb free=42433Kb
 bounds [0x0000020726920000, 0x0000020727040000, 0x0000020729920000]
 total_blobs=4138 nmethods=3608 adapters=458
 compilation: enabled
              stopped_count=0, restarted_count=0
 full_count=0

Compilation events (20 events):
Event: 40.185 Thread 0x000002072bc265f0 3600       1       java.util.ImmutableCollections$SetN::size (5 bytes)
Event: 40.185 Thread 0x000002072bc265f0 nmethod 3600 0x0000020726e34a90 code [0x0000020726e34c20, 0x0000020726e34cf8]
Event: 40.185 Thread 0x000002072bc265f0 3601       1       java.lang.SecurityManager$$Lambda$823/0x000002072f26c6b8::test (8 bytes)
Event: 40.186 Thread 0x000002072bc265f0 nmethod 3601 0x0000020726e34710 code [0x0000020726e348a0, 0x0000020726e349c8]
Event: 40.186 Thread 0x000002072bc265f0 3602       1       java.lang.SecurityManager::lambda$nonExportedPkgs$2 (13 bytes)
Event: 40.186 Thread 0x000002072bc265f0 nmethod 3602 0x0000020726e34390 code [0x0000020726e34520, 0x0000020726e34628]
Event: 40.186 Thread 0x000002072bc265f0 3603       1       java.util.HashMap::afterNodeRemoval (1 bytes)
Event: 40.186 Thread 0x000002072bc265f0 nmethod 3603 0x0000020726e34090 code [0x0000020726e34220, 0x0000020726e342d8]
Event: 40.315 Thread 0x000002072bc265f0 3604       1       java.nio.Buffer::remaining (20 bytes)
Event: 40.316 Thread 0x000002072bc265f0 nmethod 3604 0x0000020726e33d90 code [0x0000020726e33f20, 0x0000020726e33ff8]
Event: 41.340 Thread 0x000002072bc265f0 3605       1       java.lang.ModuleLayer::boot (4 bytes)
Event: 41.340 Thread 0x000002072bc265f0 nmethod 3605 0x0000020726e33a90 code [0x0000020726e33c20, 0x0000020726e33cd8]
Event: 41.344 Thread 0x000002072bc265f0 3606       1       java.lang.StackTraceElement::<init> (10 bytes)
Event: 41.344 Thread 0x000002072bc265f0 nmethod 3606 0x0000020726e33790 code [0x0000020726e33920, 0x0000020726e339f8]
Event: 41.344 Thread 0x000002072bc265f0 3607  s!   1       java.lang.StackTraceElement::computeFormat (71 bytes)
Event: 41.345 Thread 0x000002072bc265f0 nmethod 3607 0x0000020726e33090 code [0x0000020726e33240, 0x0000020726e335d8]
Event: 41.345 Thread 0x000002072bc265f0 3608       1       java.lang.StackTraceElement::isHashedInJavaBase (31 bytes)
Event: 41.346 Thread 0x000002072bc265f0 nmethod 3608 0x0000020726e32c10 code [0x0000020726e32dc0, 0x0000020726e32f78]
Event: 41.346 Thread 0x000002072bc265f0 3609       1       java.lang.Module::getLayer (43 bytes)
Event: 41.347 Thread 0x000002072bc265f0 nmethod 3609 0x0000020726e32810 code [0x0000020726e329c0, 0x0000020726e32b68]

GC Heap History (20 events):
Event: 21.941 GC heap before
{Heap before GC invocations=2 (full 0):
 garbage-first heap   total 61440K, used 26875K [0x00000000c5200000, 0x0000000100000000)
  region size 1024K, 20 young (20480K), 1 survivors (1024K)
 Metaspace       used 11026K, committed 11264K, reserved 1114112K
  class space    used 1548K, committed 1664K, reserved 1048576K
}
Event: 21.950 GC heap after
{Heap after GC invocations=3 (full 0):
 garbage-first heap   total 61440K, used 8793K [0x00000000c5200000, 0x0000000100000000)
  region size 1024K, 3 young (3072K), 3 survivors (3072K)
 Metaspace       used 11026K, committed 11264K, reserved 1114112K
  class space    used 1548K, committed 1664K, reserved 1048576K
}
Event: 24.955 GC heap before
{Heap before GC invocations=3 (full 0):
 garbage-first heap   total 61440K, used 36441K [0x00000000c5200000, 0x0000000100000000)
  region size 1024K, 31 young (31744K), 3 survivors (3072K)
 Metaspace       used 16556K, committed 16832K, reserved 1114112K
  class space    used 2342K, committed 2432K, reserved 1048576K
}
Event: 24.976 GC heap after
{Heap after GC invocations=4 (full 0):
 garbage-first heap   total 61440K, used 10715K [0x00000000c5200000, 0x0000000100000000)
  region size 1024K, 4 young (4096K), 4 survivors (4096K)
 Metaspace       used 16556K, committed 16832K, reserved 1114112K
  class space    used 2342K, committed 2432K, reserved 1048576K
}
Event: 27.840 GC heap before
{Heap before GC invocations=4 (full 0):
 garbage-first heap   total 61440K, used 40411K [0x00000000c5200000, 0x0000000100000000)
  region size 1024K, 34 young (34816K), 4 survivors (4096K)
 Metaspace       used 21278K, committed 21504K, reserved 1114112K
  class space    used 2923K, committed 3008K, reserved 1048576K
}
Event: 27.855 GC heap after
{Heap after GC invocations=5 (full 0):
 garbage-first heap   total 61440K, used 13337K [0x00000000c5200000, 0x0000000100000000)
  region size 1024K, 5 young (5120K), 5 survivors (5120K)
 Metaspace       used 21278K, committed 21504K, reserved 1114112K
  class space    used 2923K, committed 3008K, reserved 1048576K
}
Event: 27.860 GC heap before
{Heap before GC invocations=5 (full 0):
 garbage-first heap   total 61440K, used 13337K [0x00000000c5200000, 0x0000000100000000)
  region size 1024K, 6 young (6144K), 5 survivors (5120K)
 Metaspace       used 21282K, committed 21504K, reserved 1114112K
  class space    used 2923K, committed 3008K, reserved 1048576K
}
Event: 27.875 GC heap after
{Heap after GC invocations=6 (full 0):
 garbage-first heap   total 61440K, used 13323K [0x00000000c5200000, 0x0000000100000000)
  region size 1024K, 3 young (3072K), 3 survivors (3072K)
 Metaspace       used 21282K, committed 21504K, reserved 1114112K
  class space    used 2923K, committed 3008K, reserved 1048576K
}
Event: 32.020 GC heap before
{Heap before GC invocations=7 (full 0):
 garbage-first heap   total 51200K, used 40971K [0x00000000c5200000, 0x0000000100000000)
  region size 1024K, 30 young (30720K), 3 survivors (3072K)
 Metaspace       used 24917K, committed 25216K, reserved 1114112K
  class space    used 3477K, committed 3648K, reserved 1048576K
}
Event: 32.044 GC heap after
{Heap after GC invocations=8 (full 0):
 garbage-first heap   total 51200K, used 15785K [0x00000000c5200000, 0x0000000100000000)
  region size 1024K, 3 young (3072K), 3 survivors (3072K)
 Metaspace       used 24917K, committed 25216K, reserved 1114112K
  class space    used 3477K, committed 3648K, reserved 1048576K
}
Event: 32.173 GC heap before
{Heap before GC invocations=8 (full 0):
 garbage-first heap   total 51200K, used 16809K [0x00000000c5200000, 0x0000000100000000)
  region size 1024K, 4 young (4096K), 3 survivors (3072K)
 Metaspace       used 25062K, committed 25408K, reserved 1114112K
  class space    used 3505K, committed 3648K, reserved 1048576K
}
Event: 32.186 GC heap after
{Heap after GC invocations=9 (full 0):
 garbage-first heap   total 51200K, used 16068K [0x00000000c5200000, 0x0000000100000000)
  region size 1024K, 1 young (1024K), 1 survivors (1024K)
 Metaspace       used 25062K, committed 25408K, reserved 1114112K
  class space    used 3505K, committed 3648K, reserved 1048576K
}
Event: 35.676 GC heap before
{Heap before GC invocations=9 (full 0):
 garbage-first heap   total 51200K, used 37572K [0x00000000c5200000, 0x0000000100000000)
  region size 1024K, 22 young (22528K), 1 survivors (1024K)
 Metaspace       used 28200K, committed 28608K, reserved 1114112K
  class space    used 3988K, committed 4224K, reserved 1048576K
}
Event: 35.696 GC heap after
{Heap after GC invocations=10 (full 0):
 garbage-first heap   total 51200K, used 17834K [0x00000000c5200000, 0x0000000100000000)
  region size 1024K, 3 young (3072K), 3 survivors (3072K)
 Metaspace       used 28200K, committed 28608K, reserved 1114112K
  class space    used 3988K, committed 4224K, reserved 1048576K
}
Event: 37.810 GC heap before
{Heap before GC invocations=10 (full 0):
 garbage-first heap   total 51200K, used 36266K [0x00000000c5200000, 0x0000000100000000)
  region size 1024K, 22 young (22528K), 3 survivors (3072K)
 Metaspace       used 30997K, committed 31488K, reserved 1114112K
  class space    used 4334K, committed 4544K, reserved 1048576K
}
Event: 37.821 GC heap after
{Heap after GC invocations=11 (full 0):
 garbage-first heap   total 51200K, used 19003K [0x00000000c5200000, 0x0000000100000000)
  region size 1024K, 2 young (2048K), 2 survivors (2048K)
 Metaspace       used 30997K, committed 31488K, reserved 1114112K
  class space    used 4334K, committed 4544K, reserved 1048576K
}
Event: 39.354 GC heap before
{Heap before GC invocations=11 (full 0):
 garbage-first heap   total 51200K, used 38459K [0x00000000c5200000, 0x0000000100000000)
  region size 1024K, 21 young (21504K), 2 survivors (2048K)
 Metaspace       used 34792K, committed 35328K, reserved 1114112K
  class space    used 4947K, committed 5184K, reserved 1048576K
}
Event: 39.362 GC heap after
{Heap after GC invocations=12 (full 0):
 garbage-first heap   total 51200K, used 19630K [0x00000000c5200000, 0x0000000100000000)
  region size 1024K, 2 young (2048K), 2 survivors (2048K)
 Metaspace       used 34792K, committed 35328K, reserved 1114112K
  class space    used 4947K, committed 5184K, reserved 1048576K
}
Event: 39.653 GC heap before
{Heap before GC invocations=12 (full 0):
 garbage-first heap   total 51200K, used 22702K [0x00000000c5200000, 0x0000000100000000)
  region size 1024K, 6 young (6144K), 2 survivors (2048K)
 Metaspace       used 35492K, committed 35968K, reserved 1114112K
  class space    used 5076K, committed 5312K, reserved 1048576K
}
Event: 39.663 GC heap after
{Heap after GC invocations=13 (full 0):
 garbage-first heap   total 51200K, used 19774K [0x00000000c5200000, 0x0000000100000000)
  region size 1024K, 1 young (1024K), 1 survivors (1024K)
 Metaspace       used 35492K, committed 35968K, reserved 1114112K
  class space    used 5076K, committed 5312K, reserved 1048576K
}

Deoptimization events (4 events):
Event: 37.837 Thread 0x00000207745b6410 DEOPT PACKING pc=0x0000020726d87781 sp=0x0000008a7e1ff020
Event: 37.839 Thread 0x00000207745b6410 DEOPT UNPACKING pc=0x0000020726972b24 sp=0x0000008a7e1fe4b0 mode 3
Event: 37.847 Thread 0x00000207745b68f0 DEOPT PACKING pc=0x0000020726d58697 sp=0x0000008a7e2fec20
Event: 37.848 Thread 0x00000207745b68f0 DEOPT UNPACKING pc=0x0000020726972b24 sp=0x0000008a7e2fe078 mode 3

Classes unloaded (14 events):
Event: 39.756 Thread 0x000002072bc00a10 Unloading class 0x000002072f0d6000 'java/lang/invoke/LambdaForm$MH+0x000002072f0d6000'
Event: 39.756 Thread 0x000002072bc00a10 Unloading class 0x000002072f0d5c00 'java/lang/invoke/LambdaForm$MH+0x000002072f0d5c00'
Event: 39.756 Thread 0x000002072bc00a10 Unloading class 0x000002072f0d5800 'java/lang/invoke/LambdaForm$MH+0x000002072f0d5800'
Event: 39.756 Thread 0x000002072bc00a10 Unloading class 0x000002072f0d5400 'java/lang/invoke/LambdaForm$MH+0x000002072f0d5400'
Event: 39.756 Thread 0x000002072bc00a10 Unloading class 0x000002072f0d5000 'java/lang/invoke/LambdaForm$MH+0x000002072f0d5000'
Event: 39.756 Thread 0x000002072bc00a10 Unloading class 0x000002072f0d4c00 'java/lang/invoke/LambdaForm$MH+0x000002072f0d4c00'
Event: 39.756 Thread 0x000002072bc00a10 Unloading class 0x000002072f0d4400 'java/lang/invoke/LambdaForm$MH+0x000002072f0d4400'
Event: 39.756 Thread 0x000002072bc00a10 Unloading class 0x000002072f0d4000 'java/lang/invoke/LambdaForm$MH+0x000002072f0d4000'
Event: 39.756 Thread 0x000002072bc00a10 Unloading class 0x000002072f0c0800 'jdk/internal/reflect/GeneratedSerializationConstructorAccessor3'
Event: 39.756 Thread 0x000002072bc00a10 Unloading class 0x000002072f0c0400 'jdk/internal/reflect/GeneratedSerializationConstructorAccessor2'
Event: 39.756 Thread 0x000002072bc00a10 Unloading class 0x000002072f0c0000 'jdk/internal/reflect/GeneratedSerializationConstructorAccessor1'
Event: 39.756 Thread 0x000002072bc00a10 Unloading class 0x000002072f009000 'java/lang/invoke/LambdaForm$DMH+0x000002072f009000'
Event: 39.756 Thread 0x000002072bc00a10 Unloading class 0x000002072f008800 'java/lang/invoke/LambdaForm$DMH+0x000002072f008800'
Event: 39.756 Thread 0x000002072bc00a10 Unloading class 0x000002072f007c00 'jdk/internal/reflect/GeneratedConstructorAccessor1'

Classes redefined (0 events):
No events

Internal exceptions (20 events):
Event: 32.501 Thread 0x000002071f0e7e90 Exception <a 'java/lang/NoClassDefFoundError'{0x00000000c8be20e0}: org/jooq/DSLContext> (0x00000000c8be20e0) 
thrown [s\open\src\hotspot\share\classfile\systemDictionary.cpp, line 245]
Event: 33.808 Thread 0x000002071f0e7e90 Exception <a 'java/lang/NoSuchMethodError'{0x00000000c7b8fd50}: 'java.lang.Object java.lang.invoke.DirectMethodHandle$Holder.invokeSpecialIFC(java.lang.Object, java.lang.Object, java.lang.Object)'> (0x00000000c7b8fd50) 
thrown [s\open\src\hotspot\share\interpreter\linkResolver.cpp, line 759]
Event: 34.430 Thread 0x000002071f0e7e90 Exception <a 'java/lang/NoSuchMethodError'{0x00000000c767b5e0}: 'void java.lang.invoke.DirectMethodHandle$Holder.invokeInterface(java.lang.Object, java.lang.Object, int)'> (0x00000000c767b5e0) 
thrown [s\open\src\hotspot\share\interpreter\linkResolver.cpp, line 759]
Event: 34.460 Thread 0x000002071f0e7e90 Exception <a 'java/lang/IncompatibleClassChangeError'{0x00000000c76cb3b0}: Found class java.lang.Object, but interface was expected> (0x00000000c76cb3b0) 
thrown [s\open\src\hotspot\share\interpreter\linkResolver.cpp, line 826]
Event: 34.469 Thread 0x000002071f0e7e90 Exception <a 'java/lang/NoSuchMethodError'{0x00000000c76e3e90}: 'void java.lang.invoke.DirectMethodHandle$Holder.invokeStatic(java.lang.Object, int, java.lang.Object)'> (0x00000000c76e3e90) 
thrown [s\open\src\hotspot\share\interpreter\linkResolver.cpp, line 759]
Event: 34.497 Thread 0x000002071f0e7e90 Exception <a 'java/lang/NoSuchMethodError'{0x00000000c7520788}: 'void java.lang.invoke.DirectMethodHandle$Holder.invokeVirtual(java.lang.Object, java.lang.Object, int)'> (0x00000000c7520788) 
thrown [s\open\src\hotspot\share\interpreter\linkResolver.cpp, line 759]
Event: 34.499 Thread 0x000002071f0e7e90 Exception <a 'java/lang/NoSuchMethodError'{0x00000000c75269d0}: 'void java.lang.invoke.DirectMethodHandle$Holder.invokeStatic(java.lang.Object, java.lang.Object, java.lang.Object, int, java.lang.Object)'> (0x00000000c75269d0) 
thrown [s\open\src\hotspot\share\interpreter\linkResolver.cpp, line 759]
Event: 34.500 Thread 0x000002071f0e7e90 Exception <a 'java/lang/NoSuchMethodError'{0x00000000c752ded8}: 'java.lang.Object java.lang.invoke.DirectMethodHandle$Holder.newInvokeSpecial(java.lang.Object, java.lang.Object, java.lang.Object, int)'> (0x00000000c752ded8) 
thrown [s\open\src\hotspot\share\interpreter\linkResolver.cpp, line 759]
Event: 34.501 Thread 0x000002071f0e7e90 Exception <a 'java/lang/NoSuchMethodError'{0x00000000c75321c0}: 'java.lang.Object java.lang.invoke.DirectMethodHandle$Holder.invokeSpecial(java.lang.Object, java.lang.Object, java.lang.Object, java.lang.Object, int)'> (0x00000000c75321c0) 
thrown [s\open\src\hotspot\share\interpreter\linkResolver.cpp, line 759]
Event: 34.504 Thread 0x000002071f0e7e90 Exception <a 'java/lang/NoSuchMethodError'{0x00000000c7535d88}: 'java.lang.Object java.lang.invoke.Invokers$Holder.linkToTargetMethod(java.lang.Object, java.lang.Object, int, java.lang.Object)'> (0x00000000c7535d88) 
thrown [s\open\src\hotspot\share\interpreter\linkResolver.cpp, line 759]
Event: 35.945 Thread 0x000002071f0e7e90 Exception <a 'java/lang/NoSuchMethodError'{0x00000000c8b506e8}: 'java.lang.Object java.lang.invoke.DirectMethodHandle$Holder.invokeSpecial(java.lang.Object, java.lang.Object, long, java.lang.Object, java.lang.Object, java.lang.Object, java.lang.Object, java.lang.Object, java.lang.Object)'> (0x00000000c8b506e8) 
thrown [s\open\src\hotspot\share\interpreter\linkResolver.cpp, line 759]
Event: 35.946 Thread 0x000002071f0e7e90 Exception <a 'java/lang/NoSuchMethodError'{0x00000000c8b55210}: 'java.lang.Object java.lang.invoke.DelegatingMethodHandle$Holder.reinvoke_L(java.lang.Object, long, java.lang.Object, java.lang.Object, java.lang.Object, java.lang.Object, java.lang.Object, java.lang.Object)'> (0x00000000c8b55210) 
thrown [s\open\src\hotspot\share\interpreter\linkResolver.cpp, line 759]
Event: 36.199 Thread 0x000002071f0e7e90 Exception <a 'java/io/FileNotFoundException'{0x00000000c8addb10}> (0x00000000c8addb10) 
thrown [s\open\src\hotspot\share\prims\jni.cpp, line 516]
Event: 36.200 Thread 0x000002071f0e7e90 Exception <a 'java/io/FileNotFoundException'{0x00000000c8adf428}> (0x00000000c8adf428) 
thrown [s\open\src\hotspot\share\prims\jni.cpp, line 516]
Event: 36.361 Thread 0x000002071f0e7e90 Exception <a 'java/lang/NoSuchMethodError'{0x00000000c7ea08f8}: 'int java.lang.invoke.DirectMethodHandle$Holder.invokeInterface(java.lang.Object, java.lang.Object, java.lang.Object, java.lang.Object)'> (0x00000000c7ea08f8) 
thrown [s\open\src\hotspot\share\interpreter\linkResolver.cpp, line 759]
Event: 36.549 Thread 0x000002071f0e7e90 Exception <a 'java/lang/NoSuchMethodError'{0x00000000c7cdf178}: 'long java.lang.invoke.DirectMethodHandle$Holder.invokeVirtual(java.lang.Object, java.lang.Object)'> (0x00000000c7cdf178) 
thrown [s\open\src\hotspot\share\interpreter\linkResolver.cpp, line 759]
Event: 37.031 Thread 0x000002071f0e7e90 Exception <a 'sun/nio/fs/WindowsException'{0x00000000c746c2b0}> (0x00000000c746c2b0) 
thrown [s\open\src\hotspot\share\prims\jni.cpp, line 516]
Event: 39.934 Thread 0x000002071f0e7e90 Exception <a 'java/lang/NoSuchMethodError'{0x00000000c8c13740}: 'int java.lang.invoke.DirectMethodHandle$Holder.invokeStatic(java.lang.Object)'> (0x00000000c8c13740) 
thrown [s\open\src\hotspot\share\interpreter\linkResolver.cpp, line 759]
Event: 40.176 Thread 0x000002071f0e7e90 Exception <a 'java/lang/NoSuchMethodError'{0x00000000c8b67a20}: 'int java.lang.invoke.DirectMethodHandle$Holder.invokeStaticInit(java.lang.Object, java.lang.Object, java.lang.Object, java.lang.Object)'> (0x00000000c8b67a20) 
thrown [s\open\src\hotspot\share\interpreter\linkResolver.cpp, line 759]
Event: 40.295 Thread 0x000002071f0e7e90 Exception <a 'sun/net/ConnectionResetException'{0x00000000c8a6a188}: Connection reset> (0x00000000c8a6a188) 
thrown [s\open\src\hotspot\share\prims\jni.cpp, line 535]

VM Operations (20 events):
Event: 36.432 Executing VM operation: HandshakeAllThreads
Event: 36.432 Executing VM operation: HandshakeAllThreads done
Event: 36.582 Executing VM operation: HandshakeAllThreads
Event: 36.582 Executing VM operation: HandshakeAllThreads done
Event: 37.473 Executing VM operation: G1CollectForAllocation
Event: 37.823 Executing VM operation: G1CollectForAllocation done
Event: 37.944 Executing VM operation: HandshakeAllThreads
Event: 37.944 Executing VM operation: HandshakeAllThreads done
Event: 38.949 Executing VM operation: Cleanup
Event: 38.950 Executing VM operation: Cleanup done
Event: 39.354 Executing VM operation: G1CollectForAllocation
Event: 39.363 Executing VM operation: G1CollectForAllocation done
Event: 39.653 Executing VM operation: CollectForMetadataAllocation
Event: 39.663 Executing VM operation: CollectForMetadataAllocation done
Event: 39.754 Executing VM operation: G1Concurrent
Event: 39.794 Executing VM operation: G1Concurrent done
Event: 39.837 Executing VM operation: G1Concurrent
Event: 39.837 Executing VM operation: G1Concurrent done
Event: 40.843 Executing VM operation: Cleanup
Event: 40.843 Executing VM operation: Cleanup done

Events (20 events):
Event: 40.259 loading class sun/nio/ch/OptionKey
Event: 40.260 loading class sun/nio/ch/OptionKey done
Event: 40.260 loading class sun/nio/ch/ExtendedSocketOption
Event: 40.260 loading class sun/nio/ch/ExtendedSocketOption done
Event: 40.260 loading class sun/nio/ch/ExtendedSocketOption$1
Event: 40.261 loading class sun/nio/ch/ExtendedSocketOption$1 done
Event: 40.263 loading class java/net/Socket$SocketOutputStream
Event: 40.264 loading class java/net/Socket$SocketOutputStream done
Event: 40.264 loading class sun/nio/ch/NioSocketImpl$2
Event: 40.265 loading class sun/nio/ch/NioSocketImpl$2 done
Event: 40.294 loading class sun/net/ConnectionResetException
Event: 40.295 loading class sun/net/ConnectionResetException done
Event: 40.299 loading class java/util/concurrent/atomic/AtomicReferenceFieldUpdater
Event: 40.300 loading class java/util/concurrent/atomic/AtomicReferenceFieldUpdater done
Event: 40.300 loading class java/util/concurrent/atomic/AtomicReferenceFieldUpdater$AtomicReferenceFieldUpdaterImpl
Event: 40.301 loading class java/util/concurrent/atomic/AtomicReferenceFieldUpdater$AtomicReferenceFieldUpdaterImpl done
Event: 40.301 loading class java/util/concurrent/atomic/AtomicReferenceFieldUpdater$AtomicReferenceFieldUpdaterImpl$1
Event: 40.302 loading class java/util/concurrent/atomic/AtomicReferenceFieldUpdater$AtomicReferenceFieldUpdaterImpl$1 done
Event: 40.308 loading class java/util/ResourceBundle$Control$1
Event: 40.309 loading class java/util/ResourceBundle$Control$1 done


Dynamic libraries:
0x00007ff7b72d0000 - 0x00007ff7b72e0000 	C:\Program Files\Java\jdk-17\bin\java.exe
0x00007ff831b10000 - 0x00007ff831d08000 	C:\Windows\SYSTEM32\ntdll.dll
0x00007ff831700000 - 0x00007ff8317c2000 	C:\Windows\System32\KERNEL32.DLL
0x00007ff82f220000 - 0x00007ff82f516000 	C:\Windows\System32\KERNELBASE.dll
0x00007ff82f7d0000 - 0x00007ff82f8d0000 	C:\Windows\System32\ucrtbase.dll
0x00007ff822c40000 - 0x00007ff822c59000 	C:\Program Files\Java\jdk-17\bin\jli.dll
0x00007ffffc090000 - 0x00007ffffc0ab000 	C:\Program Files\Java\jdk-17\bin\VCRUNTIME140.dll
0x00007ff82fb90000 - 0x00007ff82fc41000 	C:\Windows\System32\ADVAPI32.dll
0x00007ff8317d0000 - 0x00007ff83186e000 	C:\Windows\System32\msvcrt.dll
0x00007ff8306b0000 - 0x00007ff83074f000 	C:\Windows\System32\sechost.dll
0x00007ff830590000 - 0x00007ff8306b0000 	C:\Windows\System32\RPCRT4.dll
0x00007ff82f9e0000 - 0x00007ff82fa07000 	C:\Windows\System32\bcrypt.dll
0x00007ff82fd30000 - 0x00007ff82fed1000 	C:\Windows\System32\USER32.dll
0x00007ff82f1f0000 - 0x00007ff82f212000 	C:\Windows\System32\win32u.dll
0x00007ff830780000 - 0x00007ff8307ab000 	C:\Windows\System32\GDI32.dll
0x00007ff82fa10000 - 0x00007ff82fb29000 	C:\Windows\System32\gdi32full.dll
0x00007ff82f680000 - 0x00007ff82f71d000 	C:\Windows\System32\msvcp_win.dll
0x00007ff82e060000 - 0x00007ff82e06a000 	C:\Windows\SYSTEM32\VERSION.dll
0x00007ff822ea0000 - 0x00007ff82313b000 	C:\Windows\WinSxS\amd64_microsoft.windows.common-controls_6595b64144ccf1df_6.0.19041.6456_none_60b8a6cb71f64256\COMCTL32.dll
0x00007ff830750000 - 0x00007ff83077f000 	C:\Windows\System32\IMM32.DLL
0x00007ff82e070000 - 0x00007ff82e0a6000 	C:\Windows\system32\DriverStore\FileRepository\nvaci.inf_amd64_f658c3ebd2a88192\nvinitx.dll
0x00007ff830b80000 - 0x00007ff8312f0000 	C:\Windows\System32\Shell32.dll
0x00007ff82cf60000 - 0x00007ff82d705000 	C:\Windows\SYSTEM32\windows.storage.dll
0x00007ff830820000 - 0x00007ff830b74000 	C:\Windows\System32\combase.dll
0x00007ff82eaf0000 - 0x00007ff82eb1b000 	C:\Windows\SYSTEM32\Wldp.dll
0x00007ff8314a0000 - 0x00007ff83156d000 	C:\Windows\System32\OLEAUT32.dll
0x00007ff830360000 - 0x00007ff83040d000 	C:\Windows\System32\SHCORE.dll
0x00007ff82fb30000 - 0x00007ff82fb8b000 	C:\Windows\System32\shlwapi.dll
0x0000000070690000 - 0x0000000070696000 	C:\Program Files\NVIDIA Corporation\CoProcManager\_etoured.dll
0x00007ff826940000 - 0x00007ff826983000 	C:\Program Files\NVIDIA Corporation\CoProcManager\nvd3d9wrapx.dll
0x00007ff82fef0000 - 0x00007ff830360000 	C:\Windows\System32\SETUPAPI.dll
0x00007ff82f1a0000 - 0x00007ff82f1ee000 	C:\Windows\System32\cfgmgr32.dll
0x00007ff826910000 - 0x00007ff82693d000 	C:\Program Files\NVIDIA Corporation\CoProcManager\nvdxgiwrapx.dll
0x00007ff82a430000 - 0x00007ff82a43c000 	C:\Program Files\Java\jdk-17\bin\vcruntime140_1.dll
0x00007ffff3590000 - 0x00007ffff361e000 	C:\Program Files\Java\jdk-17\bin\msvcp140.dll
0x00007fff869a0000 - 0x00007fff87580000 	C:\Program Files\Java\jdk-17\bin\server\jvm.dll
0x00007ff82fee0000 - 0x00007ff82fee8000 	C:\Windows\System32\PSAPI.DLL
0x00007ff81ee00000 - 0x00007ff81ee09000 	C:\Windows\SYSTEM32\WSOCK32.dll
0x00007ff8307b0000 - 0x00007ff83081b000 	C:\Windows\System32\WS2_32.dll
0x00007ff823ea0000 - 0x00007ff823ec7000 	C:\Windows\SYSTEM32\WINMM.dll
0x00007ff82d950000 - 0x00007ff82d962000 	C:\Windows\SYSTEM32\kernel.appcore.dll
0x00007ff82a3f0000 - 0x00007ff82a3fa000 	C:\Program Files\Java\jdk-17\bin\jimage.dll
0x00007ff81ebf0000 - 0x00007ff81edf1000 	C:\Windows\SYSTEM32\DBGHELP.DLL
0x00007ffff3100000 - 0x00007ffff3134000 	C:\Windows\SYSTEM32\dbgcore.DLL
0x00007ff82f950000 - 0x00007ff82f9d2000 	C:\Windows\System32\bcryptPrimitives.dll
0x00007ff829680000 - 0x00007ff82968e000 	C:\Program Files\Java\jdk-17\bin\instrument.dll
0x00007ffffc060000 - 0x00007ffffc085000 	C:\Program Files\Java\jdk-17\bin\java.dll
0x00007fffebd70000 - 0x00007fffebe47000 	C:\Program Files\Java\jdk-17\bin\jsvml.dll
0x00007ff82f0d0000 - 0x00007ff82f0f4000 	C:\Windows\SYSTEM32\profapi.dll
0x00007ffff3850000 - 0x00007ffff3868000 	C:\Program Files\Java\jdk-17\bin\zip.dll
0x00007fffec040000 - 0x00007fffec059000 	C:\Program Files\Java\jdk-17\bin\net.dll
0x00007ff824090000 - 0x00007ff82419a000 	C:\Windows\SYSTEM32\WINHTTP.dll
0x00007ff82e8d0000 - 0x00007ff82e93a000 	C:\Windows\system32\mswsock.dll
0x00007fffec020000 - 0x00007fffec036000 	C:\Program Files\Java\jdk-17\bin\nio.dll
0x00007ff82e5d0000 - 0x00007ff82e69a000 	C:\Windows\SYSTEM32\DNSAPI.dll
0x00007ff82e580000 - 0x00007ff82e5bb000 	C:\Windows\SYSTEM32\IPHLPAPI.DLL
0x00007ff8312f0000 - 0x00007ff8312f8000 	C:\Windows\System32\NSI.dll
0x000000006f530000 - 0x000000006f556000 	C:\Program Files\Bonjour\mdnsNSP.dll
0x00007ff822e50000 - 0x00007ff822e5a000 	C:\Windows\System32\rasadhlp.dll
0x00007ff8234a0000 - 0x00007ff823520000 	C:\Windows\System32\fwpuclnt.dll
0x00007ff828290000 - 0x00007ff82829a000 	C:\Program Files\Java\jdk-17\bin\management.dll
0x00007ffffbf60000 - 0x00007ffffbf6b000 	C:\Program Files\Java\jdk-17\bin\management_ext.dll
0x00007ff82ee40000 - 0x00007ff82ee58000 	C:\Windows\SYSTEM32\CRYPTSP.dll
0x00007ff82e1a0000 - 0x00007ff82e1d8000 	C:\Windows\system32\rsaenh.dll
0x00007ff82f050000 - 0x00007ff82f07e000 	C:\Windows\SYSTEM32\USERENV.dll
0x00007ff82ea60000 - 0x00007ff82ea6c000 	C:\Windows\SYSTEM32\CRYPTBASE.dll
0x00007ff8271d0000 - 0x00007ff8271e7000 	C:\Windows\SYSTEM32\dhcpcsvc6.DLL
0x00007ff8271b0000 - 0x00007ff8271cd000 	C:\Windows\SYSTEM32\dhcpcsvc.DLL
0x00007ffff8660000 - 0x00007ffff8677000 	C:\Windows\system32\napinsp.dll
0x00007ffff85f0000 - 0x00007ffff860b000 	C:\Windows\system32\pnrpnsp.dll
0x00007ffff85d0000 - 0x00007ffff85ed000 	C:\Windows\system32\wshbth.dll
0x00007ff82a0c0000 - 0x00007ff82a0dd000 	C:\Windows\system32\NLAapi.dll
0x00007ffff8830000 - 0x00007ffff8842000 	C:\Windows\System32\winrnr.dll
0x00007ffff8790000 - 0x00007ffff879e000 	C:\Program Files\Java\jdk-17\bin\sunmscapi.dll
0x00007ff82f520000 - 0x00007ff82f67d000 	C:\Windows\System32\CRYPT32.dll
0x00007ff82eb60000 - 0x00007ff82eb87000 	C:\Windows\SYSTEM32\ncrypt.dll
0x00007ff82eb20000 - 0x00007ff82eb5b000 	C:\Windows\SYSTEM32\NTASN1.dll
0x00007ff828860000 - 0x00007ff828870000 	C:\Program Files\Java\jdk-17\bin\verify.dll

dbghelp: loaded successfully - version: 4.0.5 - missing functions: none
symbol engine: initialized successfully - sym options: 0x614 - pdb path: .;C:\Program Files\Java\jdk-17\bin;C:\Windows\SYSTEM32;C:\Windows\WinSxS\amd64_microsoft.windows.common-controls_6595b64144ccf1df_6.0.19041.6456_none_60b8a6cb71f64256;C:\Windows\system32\DriverStore\FileRepository\nvaci.inf_amd64_f658c3ebd2a88192;C:\Program Files\NVIDIA Corporation\CoProcManager;C:\Program Files\Java\jdk-17\bin\server;C:\Program Files\Bonjour

VM Arguments:
jvm_args: -XX:TieredStopAtLevel=1 -Dspring.output.ansi.enabled=always -Dcom.sun.management.jmxremote -Dspring.jmx.enabled=true -Dspring.liveBeansView.mbeanDomain -Dspring.application.admin.enabled=true -Dmanagement.endpoints.jmx.exposure.include=* -javaagent:C:\Program Files\JetBrains\IntelliJIdea2025.3\lib\idea_rt.jar=59289 -Dfile.encoding=UTF-8 
java_command: com.app.fooddelivery.FooddeliveryApplication
java_class_path (initial): C:\Users\User\Desktop\Almas_Java_Practika\chatGTP\fooddelivery\fooddelivery\build\classes\java\main;C:\Users\User\Desktop\Almas_Java_Practika\chatGTP\fooddelivery\fooddelivery\build\resources\main;C:\Users\User\.gradle\caches\modules-2\files-2.1\org.projectlombok\lombok\1.18.32\17d46b3e205515e1e8efd3ee4d57ce8018914163\lombok-1.18.32.jar;C:\Users\User\.gradle\caches\modules-2\files-2.1\org.springframework.boot\spring-boot-starter-web\3.2.5\664d75553c6af42122d4db645f4924a95084e382\spring-boot-starter-web-3.2.5.jar;C:\Users\User\.gradle\caches\modules-2\files-2.1\org.springframework.boot\spring-boot-starter-data-jpa\3.2.5\99c1272c135f1c44b0c94ed0b65dca9b201323b7\spring-boot-starter-data-jpa-3.2.5.jar;C:\Users\User\.gradle\caches\modules-2\files-2.1\org.springframework.boot\spring-boot-starter-validation\3.2.5\3757dceb20eca3880ee1fb5f07159e42c7f7405\spring-boot-starter-validation-3.2.5.jar;C:\Users\User\.gradle\caches\modules-2\files-2.1\org.springframework.boot\spring-boot-starter-json\3.2.5\6df311af4c242eb95c3526f48ab4f31c384a247e\spring-boot-starter-json-3.2.5.jar;C:\Users\User\.gradle\caches\modules-2\files-2.1\org.springframework.boot\spring-boot-starter\3.2.5\a9837a876129cc6fe5f3abf1de5ec0a16faaf003\spring-boot-starter-3.2.5.jar;C:\Users\User\.gradle\caches\modules-2\files-2.1\org.springframework.boot\spring-boot-starter-tomcat\3.2.5\a40ebfa6becb35b419b37e49e33b2822e22cf42a\spring-boot-starter-tomcat-3.2.5.jar;C:\Users\User\.gradle\caches\modules-2\files-2.1\org.springframework\spring-webmvc\6.1.6\ef1f76db6d94bac428839cb91fa59235c8356e56\spring-webmvc-6.1.6.jar;C:\Users\User\.gradle\caches\modules-2\files-2.1\org.springframework\spring-web\6.1.6\49a32e3497fe39550da3b280bda5d9933ae2d51d\spring-web-6.1.6.jar;C:\Users\User\.gradle\caches\modules-2\files-2.1\org.springframework.boot\spring-boot-starter-aop\3.2.5\1c6c5d81e6c7f8b3e255c9e384153e9f52a93d1b\spring-boot-starter-aop-3.2.5.jar;C:\Users\User\.gradle\caches\modules-2\files-2.1\org.s
Launcher Type: SUN_STANDARD

[Global flags]
     intx CICompilerCount                          = 3                                         {product} {ergonomic}
     uint ConcGCThreads                            = 1                                         {product} {ergonomic}
     uint G1ConcRefinementThreads                  = 4                                         {product} {ergonomic}
   size_t G1HeapRegionSize                         = 1048576                                   {product} {ergonomic}
    uintx GCDrainStackTargetSize                   = 64                                        {product} {ergonomic}
   size_t InitialHeapSize                          = 62914560                                  {product} {ergonomic}
     bool ManagementServer                         = true                                      {product} {command line}
   size_t MarkStackSize                            = 4194304                                   {product} {ergonomic}
   size_t MaxHeapSize                              = 987758592                                 {product} {ergonomic}
   size_t MaxNewSize                               = 592445440                                 {product} {ergonomic}
   size_t MinHeapDeltaBytes                        = 1048576                                   {product} {ergonomic}
   size_t MinHeapSize                              = 8388608                                   {product} {ergonomic}
    uintx NonProfiledCodeHeapSize                  = 0                                      {pd product} {ergonomic}
     bool ProfileInterpreter                       = false                                  {pd product} {command line}
    uintx ProfiledCodeHeapSize                     = 0                                      {pd product} {ergonomic}
   size_t SoftMaxHeapSize                          = 987758592                              {manageable} {ergonomic}
     intx TieredStopAtLevel                        = 1                                         {product} {command line}
     bool UseCompressedClassPointers               = true                           {product lp64_product} {ergonomic}
     bool UseCompressedOops                        = true                           {product lp64_product} {ergonomic}
     bool UseG1GC                                  = true                                      {product} {ergonomic}
     bool UseLargePagesIndividualAllocation        = false                                  {pd product} {ergonomic}

Logging:
Log output configuration:
 #0: stdout all=warning uptime,level,tags
 #1: stderr all=off uptime,level,tags

Environment Variables:
JAVA_HOME=C:\Program Files\Java\jdk-17
PATH=C:\Program Files\Java\jdk-17\bin;%JAVA_HOME%\bin;C:\app\User\product\21c\dbhomeXE\bin;C:\Windows\system32;C:\Windows;C:\Windows\System32\Wbem;C:\Windows\System32\WindowsPowerShell\v1.0\;C:\Windows\System32\OpenSSH\;C:\Program Files\Microsoft SQL Server\Client SDK\ODBC\130\Tools\Binn\;C:\Program Files (x86)\Microsoft SQL Server\140\Tools\Binn\;C:\Program Files\Microsoft SQL Server\140\Tools\Binn\;C:\Program Files\Microsoft SQL Server\140\DTS\Binn\;C:\Program Files (x86)\Microsoft SQL Server\Client SDK\ODBC\130\Tools\Binn\;C:\Program Files (x86)\Microsoft SQL Server\140\DTS\Binn\;C:\Program Files (x86)\Microsoft SQL Server\140\Tools\Binn\ManagementStudio\;C:\Esko\Artios\Common\Program\;C:\Program Files (x86)\Microsoft SQL Server\90\Tools\binn\;C:\Program Files (x86)\Microsoft SQL Server\110\Tools\Binn\;C:\Program Files\Microsoft SQL Server\110\Tools\Binn\;C:\Program Files\Microsoft SQL Server\110\DTS\Binn\;C:\Program Files (x86)\Microsoft SQL Server\110\Tools\Binn\ManagementStudio\;C:\Program Files (x86)\Microsoft SQL Server\110\DTS\Binn\;C:\Program Files\NVIDIA Corporation\NVIDIA NvDLISR;C:\Program Files\dotnet\;C:\Program Files (x86)\NVIDIA Corporation\PhysX\Common;C:\ProgramData\chocolatey\bin;C:\Program Files\nodejs\;C:\Program Files\Apache\Maven\apache-maven-3.9.10\bin.;C:\Program Files\Git\cmd;C:\Program Files\Docker\Docker\resources\bin;C:\Program Files\Cloudflare\Cloudflare WARP\;C:\Users\User\AppData\Local\Microsoft\WindowsApps;C:\tools\dart-sdk\bin;C:\Users\User\AppData\Local\Pub\Cache\bin;D:\Users\User\AppData\Local\Programs\Microsoft VS Code\bin;C:\Users\User\AppData\Roaming\npm;C:\Program Files\Java\jdk-24\bin;
USERNAME=User
OS=Windows_NT
PROCESSOR_IDENTIFIER=Intel64 Family 6 Model 37 Stepping 5, GenuineIntel



---------------  S Y S T E M  ---------------

OS:
 Windows 10 , 64 bit Build 19041 (10.0.19041.5915)
OS uptime: 0 days 9:08 hours
Hyper-V role detected

CPU: total 4 (initial active 4) (2 cores per cpu, 2 threads per core) family 6 model 37 stepping 5 microcode 0x7, cx8, cmov, fxsr, ht, mmx, sse, sse2, sse3, ssse3, sse4.1, sse4.2, popcnt, tsc, tscinvbit, clflush, hv

Memory: 4k page, system-wide physical 3764M (424M free)
TotalPageFile size 13764M (AvailPageFile size 1417M)
current process WorkingSet (physical memory assigned to process): 52M, peak: 130M
current process commit charge ("private bytes"): 176M, peak: 177M

vm_info: Java HotSpot(TM) 64-Bit Server VM (17.0.12+8-LTS-286) for windows-amd64 JRE (17.0.12+8-LTS-286), built on Jun  5 2024 06:46:59 by "mach5one" with MS VC++ 17.6 (VS2022)

END.
